--------------- Clean Started: 12/12/2017 08:43:03 Project: network, Configuration: DP8051 Keil 9.51 Debug ---------------
Deleting file ".\DP8051\DP8051_Keil_951\Debug\cyfitter_cfg.obj"
Deleting file ".\DP8051\DP8051_Keil_951\Debug\CyBootAsmKeil.obj"
Deleting file ".\DP8051\DP8051_Keil_951\Debug\CyDmac.obj"
Deleting file ".\DP8051\DP8051_Keil_951\Debug\CyFlash.obj"
Deleting file ".\DP8051\DP8051_Keil_951\Debug\CyLib.obj"
Deleting file ".\DP8051\DP8051_Keil_951\Debug\cymem.obj"
Deleting file ".\DP8051\DP8051_Keil_951\Debug\cyPm.obj"
Deleting file ".\DP8051\DP8051_Keil_951\Debug\CySpc.obj"
Deleting file ".\DP8051\DP8051_Keil_951\Debug\cyutils.obj"
Deleting file ".\DP8051\DP8051_Keil_951\Debug\KeilStart.obj"
Deleting file ".\DP8051\DP8051_Keil_951\Debug\TIMER.obj"
Deleting file ".\DP8051\DP8051_Keil_951\Debug\TIMER_PM.obj"
Deleting file ".\DP8051\DP8051_Keil_951\Debug\IDLE_PIN.obj"
Deleting file ".\DP8051\DP8051_Keil_951\Debug\BUSY_PIN.obj"
Deleting file ".\DP8051\DP8051_Keil_951\Debug\COLLISION_PIN.obj"
Deleting file ".\DP8051\DP8051_Keil_951\Debug\RX_INTERRUPT.obj"
Deleting file ".\DP8051\DP8051_Keil_951\Debug\TIMER_INTERRUPT.obj"
Deleting file ".\DP8051\DP8051_Keil_951\Debug\RECEIVE.obj"
Deleting file ".\DP8051\DP8051_Keil_951\Debug\network.hex"
Deleting file ".\DP8051\DP8051_Keil_951\Debug\network.elf"
Deleting file ".\DP8051\DP8051_Keil_951\Debug\network.map"
Deleting file ".\network.cycdx"
Deleting file ".\network.svd"
Deleting file ".\network.rpt"
Deleting file ".\network_timing.html"
Deleting file ".\DP8051\DP8051_Keil_951\Debug\.deps\SOURCE_C__DP8051_KEIL_GENERIC.P"
Deleting file ".\DP8051\DP8051_Keil_951\Debug\.deps\SOURCE_ASM__DP8051_KEIL_GENERIC.P"
--------------- Clean Succeeded: 12/12/2017 08:43:03 ---------------
