ARM GAS  C:\Users\HALLER~1\AppData\Local\Temp\cc1i5DD9.s 			page 1


   1              		.syntax unified
   2              		.cpu cortex-m3
   3              		.fpu softvfp
   4              		.eabi_attribute 20, 1
   5              		.eabi_attribute 21, 1
   6              		.eabi_attribute 23, 3
   7              		.eabi_attribute 24, 1
   8              		.eabi_attribute 25, 1
   9              		.eabi_attribute 26, 1
  10              		.eabi_attribute 30, 1
  11              		.eabi_attribute 34, 1
  12              		.eabi_attribute 18, 4
  13              		.thumb
  14              		.syntax unified
  15              		.file	"cymetadata.c"
  16              		.text
  17              	.Ltext0:
  18              		.cfi_sections	.debug_frame
  19              		.global	cy_metadata
  20              		.global	cy_meta_flashprotect
  21              		.global	cy_meta_wonvl
  22              		.global	cy_meta_custnvl
  23              		.global	cy_meta_configecc
  24              		.section	.cyconfigecc,"a",%progbits
  25              		.align	2
  26              		.type	cy_meta_configecc, %object
  27              		.size	cy_meta_configecc, 344
  28              	cy_meta_configecc:
  29 0000 01       		.byte	1
  30 0001 45       		.byte	69
  31 0002 00       		.byte	0
  32 0003 40       		.byte	64
  33 0004 01       		.byte	1
  34 0005 64       		.byte	100
  35 0006 00       		.byte	0
  36 0007 40       		.byte	64
  37 0008 01       		.byte	1
  38 0009 05       		.byte	5
  39 000a 01       		.byte	1
  40 000b 40       		.byte	64
  41 000c 28       		.byte	40
  42 000d 08       		.byte	8
  43 000e 01       		.byte	1
  44 000f 40       		.byte	64
  45 0010 0C       		.byte	12
  46 0011 09       		.byte	9
  47 0012 01       		.byte	1
  48 0013 40       		.byte	64
  49 0014 33       		.byte	51
  50 0015 0A       		.byte	10
  51 0016 01       		.byte	1
  52 0017 40       		.byte	64
  53 0018 14       		.byte	20
  54 0019 0B       		.byte	11
  55 001a 01       		.byte	1
  56 001b 40       		.byte	64
  57 001c 02       		.byte	2
ARM GAS  C:\Users\HALLER~1\AppData\Local\Temp\cc1i5DD9.s 			page 2


  58 001d 40       		.byte	64
  59 001e 01       		.byte	1
  60 001f 40       		.byte	64
  61 0020 01       		.byte	1
  62 0021 41       		.byte	65
  63 0022 01       		.byte	1
  64 0023 40       		.byte	64
  65 0024 03       		.byte	3
  66 0025 42       		.byte	66
  67 0026 01       		.byte	1
  68 0027 40       		.byte	64
  69 0028 02       		.byte	2
  70 0029 50       		.byte	80
  71 002a 01       		.byte	1
  72 002b 40       		.byte	64
  73 002c 01       		.byte	1
  74 002d 51       		.byte	81
  75 002e 01       		.byte	1
  76 002f 40       		.byte	64
  77 0030 1F       		.byte	31
  78 0031 03       		.byte	3
  79 0032 8B       		.byte	-117
  80 0033 0D       		.byte	13
  81 0034 E6       		.byte	-26
  82 0035 08       		.byte	8
  83 0036 40       		.byte	64
  84 0037 15       		.byte	21
  85 0038 49       		.byte	73
  86 0039 FF       		.byte	-1
  87 003a 4A       		.byte	74
  88 003b FF       		.byte	-1
  89 003c 4B       		.byte	75
  90 003d FF       		.byte	-1
  91 003e 4F       		.byte	79
  92 003f 01       		.byte	1
  93 0040 50       		.byte	80
  94 0041 18       		.byte	24
  95 0042 5A       		.byte	90
  96 0043 04       		.byte	4
  97 0044 5D       		.byte	93
  98 0045 09       		.byte	9
  99 0046 5F       		.byte	95
 100 0047 01       		.byte	1
 101 0048 60       		.byte	96
 102 0049 40       		.byte	64
 103 004a 62       		.byte	98
 104 004b 40       		.byte	64
 105 004c 64       		.byte	100
 106 004d 40       		.byte	64
 107 004e 65       		.byte	101
 108 004f 40       		.byte	64
 109 0050 66       		.byte	102
 110 0051 80       		.byte	-128
 111 0052 68       		.byte	104
 112 0053 80       		.byte	-128
 113 0054 6A       		.byte	106
 114 0055 80       		.byte	-128
ARM GAS  C:\Users\HALLER~1\AppData\Local\Temp\cc1i5DD9.s 			page 3


 115 0056 6C       		.byte	108
 116 0057 80       		.byte	-128
 117 0058 6E       		.byte	110
 118 0059 80       		.byte	-128
 119 005a C0       		.byte	-64
 120 005b 51       		.byte	81
 121 005c C9       		.byte	-55
 122 005d FF       		.byte	-1
 123 005e CA       		.byte	-54
 124 005f FF       		.byte	-1
 125 0060 CB       		.byte	-53
 126 0061 FF       		.byte	-1
 127 0062 CD       		.byte	-51
 128 0063 83       		.byte	-125
 129 0064 CE       		.byte	-50
 130 0065 03       		.byte	3
 131 0066 CF       		.byte	-49
 132 0067 01       		.byte	1
 133 0068 D0       		.byte	-48
 134 0069 18       		.byte	24
 135 006a D2       		.byte	-46
 136 006b 80       		.byte	-128
 137 006c DA       		.byte	-38
 138 006d 04       		.byte	4
 139 006e DB       		.byte	-37
 140 006f 04       		.byte	4
 141 0070 DD       		.byte	-35
 142 0071 99       		.byte	-103
 143 0072 DF       		.byte	-33
 144 0073 01       		.byte	1
 145 0074 E0       		.byte	-32
 146 0075 40       		.byte	64
 147 0076 E2       		.byte	-30
 148 0077 40       		.byte	64
 149 0078 E4       		.byte	-28
 150 0079 40       		.byte	64
 151 007a E5       		.byte	-27
 152 007b 40       		.byte	64
 153 007c E6       		.byte	-26
 154 007d 80       		.byte	-128
 155 007e E8       		.byte	-24
 156 007f 80       		.byte	-128
 157 0080 EA       		.byte	-22
 158 0081 80       		.byte	-128
 159 0082 EC       		.byte	-20
 160 0083 80       		.byte	-128
 161 0084 EE       		.byte	-18
 162 0085 80       		.byte	-128
 163 0086 41       		.byte	65
 164 0087 80       		.byte	-128
 165 0088 47       		.byte	71
 166 0089 80       		.byte	-128
 167 008a 48       		.byte	72
 168 008b 02       		.byte	2
 169 008c 4F       		.byte	79
 170 008d 80       		.byte	-128
 171 008e 70       		.byte	112
ARM GAS  C:\Users\HALLER~1\AppData\Local\Temp\cc1i5DD9.s 			page 4


 172 008f 02       		.byte	2
 173 0090 73       		.byte	115
 174 0091 80       		.byte	-128
 175 0092 9F       		.byte	-97
 176 0093 80       		.byte	-128
 177 0094 A1       		.byte	-95
 178 0095 80       		.byte	-128
 179 0096 A3       		.byte	-93
 180 0097 40       		.byte	64
 181 0098 A4       		.byte	-92
 182 0099 02       		.byte	2
 183 009a D0       		.byte	-48
 184 009b 18       		.byte	24
 185 009c D2       		.byte	-46
 186 009d 18       		.byte	24
 187 009e 40       		.byte	64
 188 009f 51       		.byte	81
 189 00a0 49       		.byte	73
 190 00a1 FF       		.byte	-1
 191 00a2 4A       		.byte	74
 192 00a3 FF       		.byte	-1
 193 00a4 4B       		.byte	75
 194 00a5 FF       		.byte	-1
 195 00a6 4D       		.byte	77
 196 00a7 83       		.byte	-125
 197 00a8 4E       		.byte	78
 198 00a9 03       		.byte	3
 199 00aa 4F       		.byte	79
 200 00ab 01       		.byte	1
 201 00ac 50       		.byte	80
 202 00ad 18       		.byte	24
 203 00ae 5A       		.byte	90
 204 00af 04       		.byte	4
 205 00b0 5D       		.byte	93
 206 00b1 09       		.byte	9
 207 00b2 5F       		.byte	95
 208 00b3 01       		.byte	1
 209 00b4 60       		.byte	96
 210 00b5 40       		.byte	64
 211 00b6 62       		.byte	98
 212 00b7 40       		.byte	64
 213 00b8 64       		.byte	100
 214 00b9 40       		.byte	64
 215 00ba 65       		.byte	101
 216 00bb 40       		.byte	64
 217 00bc 66       		.byte	102
 218 00bd 80       		.byte	-128
 219 00be 68       		.byte	104
 220 00bf 80       		.byte	-128
 221 00c0 6A       		.byte	106
 222 00c1 80       		.byte	-128
 223 00c2 6C       		.byte	108
 224 00c3 80       		.byte	-128
 225 00c4 6E       		.byte	110
 226 00c5 80       		.byte	-128
 227 00c6 92       		.byte	-110
 228 00c7 01       		.byte	1
ARM GAS  C:\Users\HALLER~1\AppData\Local\Temp\cc1i5DD9.s 			page 5


 229 00c8 9E       		.byte	-98
 230 00c9 01       		.byte	1
 231 00ca B0       		.byte	-80
 232 00cb 01       		.byte	1
 233 00cc BE       		.byte	-66
 234 00cd 01       		.byte	1
 235 00ce C0       		.byte	-64
 236 00cf 15       		.byte	21
 237 00d0 C5       		.byte	-59
 238 00d1 EC       		.byte	-20
 239 00d2 C6       		.byte	-58
 240 00d3 02       		.byte	2
 241 00d4 C8       		.byte	-56
 242 00d5 07       		.byte	7
 243 00d6 C9       		.byte	-55
 244 00d7 FF       		.byte	-1
 245 00d8 CA       		.byte	-54
 246 00d9 FF       		.byte	-1
 247 00da CB       		.byte	-53
 248 00db FF       		.byte	-1
 249 00dc CD       		.byte	-51
 250 00dd 83       		.byte	-125
 251 00de CE       		.byte	-50
 252 00df 03       		.byte	3
 253 00e0 CF       		.byte	-49
 254 00e1 01       		.byte	1
 255 00e2 D0       		.byte	-48
 256 00e3 18       		.byte	24
 257 00e4 D4       		.byte	-44
 258 00e5 01       		.byte	1
 259 00e6 D6       		.byte	-42
 260 00e7 04       		.byte	4
 261 00e8 D8       		.byte	-40
 262 00e9 04       		.byte	4
 263 00ea DA       		.byte	-38
 264 00eb 04       		.byte	4
 265 00ec DB       		.byte	-37
 266 00ed 04       		.byte	4
 267 00ee DD       		.byte	-35
 268 00ef 99       		.byte	-103
 269 00f0 DF       		.byte	-33
 270 00f1 01       		.byte	1
 271 00f2 E0       		.byte	-32
 272 00f3 40       		.byte	64
 273 00f4 E2       		.byte	-30
 274 00f5 40       		.byte	64
 275 00f6 E4       		.byte	-28
 276 00f7 40       		.byte	64
 277 00f8 E5       		.byte	-27
 278 00f9 40       		.byte	64
 279 00fa E6       		.byte	-26
 280 00fb 80       		.byte	-128
 281 00fc E8       		.byte	-24
 282 00fd 80       		.byte	-128
 283 00fe EA       		.byte	-22
 284 00ff 80       		.byte	-128
 285 0100 EC       		.byte	-20
ARM GAS  C:\Users\HALLER~1\AppData\Local\Temp\cc1i5DD9.s 			page 6


 286 0101 80       		.byte	-128
 287 0102 EE       		.byte	-18
 288 0103 80       		.byte	-128
 289 0104 0C       		.byte	12
 290 0105 02       		.byte	2
 291 0106 0D       		.byte	13
 292 0107 80       		.byte	-128
 293 0108 1E       		.byte	30
 294 0109 80       		.byte	-128
 295 010a 41       		.byte	65
 296 010b 80       		.byte	-128
 297 010c 47       		.byte	71
 298 010d 80       		.byte	-128
 299 010e 48       		.byte	72
 300 010f 02       		.byte	2
 301 0110 4D       		.byte	77
 302 0111 04       		.byte	4
 303 0112 4F       		.byte	79
 304 0113 81       		.byte	-127
 305 0114 55       		.byte	85
 306 0115 80       		.byte	-128
 307 0116 57       		.byte	87
 308 0117 40       		.byte	64
 309 0118 5D       		.byte	93
 310 0119 04       		.byte	4
 311 011a 5E       		.byte	94
 312 011b 80       		.byte	-128
 313 011c 5F       		.byte	95
 314 011d 01       		.byte	1
 315 011e 66       		.byte	102
 316 011f 02       		.byte	2
 317 0120 86       		.byte	-122
 318 0121 02       		.byte	2
 319 0122 C2       		.byte	-62
 320 0123 90       		.byte	-112
 321 0124 D0       		.byte	-48
 322 0125 18       		.byte	24
 323 0126 D2       		.byte	-46
 324 0127 18       		.byte	24
 325 0128 D6       		.byte	-42
 326 0129 D0       		.byte	-48
 327 012a D8       		.byte	-40
 328 012b 80       		.byte	-128
 329 012c 33       		.byte	51
 330 012d 80       		.byte	-128
 331 012e CC       		.byte	-52
 332 012f 10       		.byte	16
 333 0130 A7       		.byte	-89
 334 0131 80       		.byte	-128
 335 0132 87       		.byte	-121
 336 0133 80       		.byte	-128
 337 0134 A7       		.byte	-89
 338 0135 80       		.byte	-128
 339 0136 E6       		.byte	-26
 340 0137 10       		.byte	16
 341 0138 01       		.byte	1
 342 0139 01       		.byte	1
ARM GAS  C:\Users\HALLER~1\AppData\Local\Temp\cc1i5DD9.s 			page 7


 343 013a 0D       		.byte	13
 344 013b 01       		.byte	1
 345 013c 00       		.byte	0
 346 013d 03       		.byte	3
 347 013e 00       		.byte	0
 348 013f 00       		.byte	0
 349 0140 00       		.byte	0
 350 0141 E0       		.byte	-32
 351 0142 E0       		.byte	-32
 352 0143 00       		.byte	0
 353 0144 00       		.byte	0
 354 0145 00       		.byte	0
 355 0146 00       		.byte	0
 356 0147 00       		.byte	0
 357 0148 00       		.byte	0
 358 0149 0B       		.byte	11
 359 014a 0B       		.byte	11
 360 014b 00       		.byte	0
 361 014c 00       		.byte	0
 362 014d 00       		.byte	0
 363 014e 00       		.byte	0
 364 014f 00       		.byte	0
 365 0150 80       		.byte	-128
 366 0151 00       		.byte	0
 367 0152 00       		.byte	0
 368 0153 00       		.byte	0
 369 0154 00       		.byte	0
 370 0155 00       		.byte	0
 371 0156 00       		.byte	0
 372 0157 00       		.byte	0
 373              		.section	.cywolatch,"a",%progbits
 374              		.align	2
 375              		.type	cy_meta_wonvl, %object
 376              		.size	cy_meta_wonvl, 4
 377              	cy_meta_wonvl:
 378 0000 BC       		.byte	-68
 379 0001 90       		.byte	-112
 380 0002 AC       		.byte	-84
 381 0003 AF       		.byte	-81
 382              		.section	.cycustnvl,"a",%progbits
 383              		.align	2
 384              		.type	cy_meta_custnvl, %object
 385              		.size	cy_meta_custnvl, 4
 386              	cy_meta_custnvl:
 387 0000 00       		.byte	0
 388 0001 00       		.byte	0
 389 0002 40       		.byte	64
 390 0003 05       		.byte	5
 391              		.section	.cymeta,"a",%progbits
 392              		.align	2
 393              		.type	cy_metadata, %object
 394              		.size	cy_metadata, 12
 395              	cy_metadata:
 396 0000 00       		.byte	0
 397 0001 01       		.byte	1
 398 0002 2E       		.byte	46
 399 0003 12       		.byte	18
ARM GAS  C:\Users\HALLER~1\AppData\Local\Temp\cc1i5DD9.s 			page 8


 400 0004 30       		.byte	48
 401 0005 69       		.byte	105
 402 0006 00       		.byte	0
 403 0007 01       		.byte	1
 404 0008 00       		.byte	0
 405 0009 00       		.byte	0
 406 000a 00       		.byte	0
 407 000b 00       		.byte	0
 408              		.section	.cyflashprotect,"a",%progbits
 409              		.align	2
 410              		.type	cy_meta_flashprotect, %object
 411              		.size	cy_meta_flashprotect, 256
 412              	cy_meta_flashprotect:
 413 0000 00000000 		.space	256
 413      00000000 
 413      00000000 
 413      00000000 
 413      00000000 
 414              		.text
 415              	.Letext0:
 416              		.file 1 "c:\\program files (x86)\\cypress\\psoc creator\\4.1\\psoc creator\\import\\gnu\\arm\\5.4.
 417              		.file 2 "c:\\program files (x86)\\cypress\\psoc creator\\4.1\\psoc creator\\import\\gnu\\arm\\5.4.
 418              		.file 3 "Generated_Source\\PSoC5\\cymetadata.c"
 419              		.section	.debug_info,"",%progbits
 420              	.Ldebug_info0:
 421 0000 31010000 		.4byte	0x131
 422 0004 0400     		.2byte	0x4
 423 0006 00000000 		.4byte	.Ldebug_abbrev0
 424 000a 04       		.byte	0x4
 425 000b 01       		.uleb128 0x1
 426 000c 24000000 		.4byte	.LASF17
 427 0010 0C       		.byte	0xc
 428 0011 BC010000 		.4byte	.LASF18
 429 0015 E7000000 		.4byte	.LASF19
 430 0019 00000000 		.4byte	.Ldebug_line0
 431 001d 02       		.uleb128 0x2
 432 001e 01       		.byte	0x1
 433 001f 06       		.byte	0x6
 434 0020 B0010000 		.4byte	.LASF0
 435 0024 03       		.uleb128 0x3
 436 0025 00000000 		.4byte	.LASF9
 437 0029 01       		.byte	0x1
 438 002a 1D       		.byte	0x1d
 439 002b 2F000000 		.4byte	0x2f
 440 002f 02       		.uleb128 0x2
 441 0030 01       		.byte	0x1
 442 0031 08       		.byte	0x8
 443 0032 16000000 		.4byte	.LASF1
 444 0036 02       		.uleb128 0x2
 445 0037 02       		.byte	0x2
 446 0038 05       		.byte	0x5
 447 0039 9D010000 		.4byte	.LASF2
 448 003d 02       		.uleb128 0x2
 449 003e 02       		.byte	0x2
 450 003f 07       		.byte	0x7
 451 0040 C4000000 		.4byte	.LASF3
 452 0044 02       		.uleb128 0x2
ARM GAS  C:\Users\HALLER~1\AppData\Local\Temp\cc1i5DD9.s 			page 9


 453 0045 04       		.byte	0x4
 454 0046 05       		.byte	0x5
 455 0047 A7010000 		.4byte	.LASF4
 456 004b 02       		.uleb128 0x2
 457 004c 04       		.byte	0x4
 458 004d 07       		.byte	0x7
 459 004e B2000000 		.4byte	.LASF5
 460 0052 02       		.uleb128 0x2
 461 0053 08       		.byte	0x8
 462 0054 05       		.byte	0x5
 463 0055 8F010000 		.4byte	.LASF6
 464 0059 02       		.uleb128 0x2
 465 005a 08       		.byte	0x8
 466 005b 07       		.byte	0x7
 467 005c 44010000 		.4byte	.LASF7
 468 0060 04       		.uleb128 0x4
 469 0061 04       		.byte	0x4
 470 0062 05       		.byte	0x5
 471 0063 696E7400 		.ascii	"int\000"
 472 0067 02       		.uleb128 0x2
 473 0068 04       		.byte	0x4
 474 0069 07       		.byte	0x7
 475 006a 37010000 		.4byte	.LASF8
 476 006e 03       		.uleb128 0x3
 477 006f 5B010000 		.4byte	.LASF10
 478 0073 02       		.byte	0x2
 479 0074 18       		.byte	0x18
 480 0075 24000000 		.4byte	0x24
 481 0079 05       		.uleb128 0x5
 482 007a 91000000 		.4byte	0x91
 483 007e 8A000000 		.4byte	0x8a
 484 0082 06       		.uleb128 0x6
 485 0083 8A000000 		.4byte	0x8a
 486 0087 5701     		.2byte	0x157
 487 0089 00       		.byte	0
 488 008a 02       		.uleb128 0x2
 489 008b 04       		.byte	0x4
 490 008c 07       		.byte	0x7
 491 008d 86010000 		.4byte	.LASF11
 492 0091 07       		.uleb128 0x7
 493 0092 6E000000 		.4byte	0x6e
 494 0096 08       		.uleb128 0x8
 495 0097 25010000 		.4byte	.LASF12
 496 009b 03       		.byte	0x3
 497 009c 1F       		.byte	0x1f
 498 009d A7000000 		.4byte	0xa7
 499 00a1 05       		.uleb128 0x5
 500 00a2 03       		.byte	0x3
 501 00a3 00000000 		.4byte	cy_meta_configecc
 502 00a7 07       		.uleb128 0x7
 503 00a8 79000000 		.4byte	0x79
 504 00ac 05       		.uleb128 0x5
 505 00ad 91000000 		.4byte	0x91
 506 00b1 BC000000 		.4byte	0xbc
 507 00b5 09       		.uleb128 0x9
 508 00b6 8A000000 		.4byte	0x8a
 509 00ba 03       		.byte	0x3
ARM GAS  C:\Users\HALLER~1\AppData\Local\Temp\cc1i5DD9.s 			page 10


 510 00bb 00       		.byte	0
 511 00bc 08       		.uleb128 0x8
 512 00bd D7000000 		.4byte	.LASF13
 513 00c1 03       		.byte	0x3
 514 00c2 57       		.byte	0x57
 515 00c3 CD000000 		.4byte	0xcd
 516 00c7 05       		.uleb128 0x5
 517 00c8 03       		.byte	0x3
 518 00c9 00000000 		.4byte	cy_meta_custnvl
 519 00cd 07       		.uleb128 0x7
 520 00ce AC000000 		.4byte	0xac
 521 00d2 08       		.uleb128 0x8
 522 00d3 78010000 		.4byte	.LASF14
 523 00d7 03       		.byte	0x3
 524 00d8 65       		.byte	0x65
 525 00d9 E3000000 		.4byte	0xe3
 526 00dd 05       		.uleb128 0x5
 527 00de 03       		.byte	0x3
 528 00df 00000000 		.4byte	cy_meta_wonvl
 529 00e3 07       		.uleb128 0x7
 530 00e4 AC000000 		.4byte	0xac
 531 00e8 05       		.uleb128 0x5
 532 00e9 91000000 		.4byte	0x91
 533 00ed F8000000 		.4byte	0xf8
 534 00f1 09       		.uleb128 0x9
 535 00f2 8A000000 		.4byte	0x8a
 536 00f6 FF       		.byte	0xff
 537 00f7 00       		.byte	0
 538 00f8 08       		.uleb128 0x8
 539 00f9 63010000 		.4byte	.LASF15
 540 00fd 03       		.byte	0x3
 541 00fe 73       		.byte	0x73
 542 00ff 09010000 		.4byte	0x109
 543 0103 05       		.uleb128 0x5
 544 0104 03       		.byte	0x3
 545 0105 00000000 		.4byte	cy_meta_flashprotect
 546 0109 07       		.uleb128 0x7
 547 010a E8000000 		.4byte	0xe8
 548 010e 05       		.uleb128 0x5
 549 010f 91000000 		.4byte	0x91
 550 0113 1E010000 		.4byte	0x11e
 551 0117 09       		.uleb128 0x9
 552 0118 8A000000 		.4byte	0x8a
 553 011c 0B       		.byte	0xb
 554 011d 00       		.byte	0
 555 011e 08       		.uleb128 0x8
 556 011f 0A000000 		.4byte	.LASF16
 557 0123 03       		.byte	0x3
 558 0124 A0       		.byte	0xa0
 559 0125 2F010000 		.4byte	0x12f
 560 0129 05       		.uleb128 0x5
 561 012a 03       		.byte	0x3
 562 012b 00000000 		.4byte	cy_metadata
 563 012f 07       		.uleb128 0x7
 564 0130 0E010000 		.4byte	0x10e
 565 0134 00       		.byte	0
 566              		.section	.debug_abbrev,"",%progbits
ARM GAS  C:\Users\HALLER~1\AppData\Local\Temp\cc1i5DD9.s 			page 11


 567              	.Ldebug_abbrev0:
 568 0000 01       		.uleb128 0x1
 569 0001 11       		.uleb128 0x11
 570 0002 01       		.byte	0x1
 571 0003 25       		.uleb128 0x25
 572 0004 0E       		.uleb128 0xe
 573 0005 13       		.uleb128 0x13
 574 0006 0B       		.uleb128 0xb
 575 0007 03       		.uleb128 0x3
 576 0008 0E       		.uleb128 0xe
 577 0009 1B       		.uleb128 0x1b
 578 000a 0E       		.uleb128 0xe
 579 000b 10       		.uleb128 0x10
 580 000c 17       		.uleb128 0x17
 581 000d 00       		.byte	0
 582 000e 00       		.byte	0
 583 000f 02       		.uleb128 0x2
 584 0010 24       		.uleb128 0x24
 585 0011 00       		.byte	0
 586 0012 0B       		.uleb128 0xb
 587 0013 0B       		.uleb128 0xb
 588 0014 3E       		.uleb128 0x3e
 589 0015 0B       		.uleb128 0xb
 590 0016 03       		.uleb128 0x3
 591 0017 0E       		.uleb128 0xe
 592 0018 00       		.byte	0
 593 0019 00       		.byte	0
 594 001a 03       		.uleb128 0x3
 595 001b 16       		.uleb128 0x16
 596 001c 00       		.byte	0
 597 001d 03       		.uleb128 0x3
 598 001e 0E       		.uleb128 0xe
 599 001f 3A       		.uleb128 0x3a
 600 0020 0B       		.uleb128 0xb
 601 0021 3B       		.uleb128 0x3b
 602 0022 0B       		.uleb128 0xb
 603 0023 49       		.uleb128 0x49
 604 0024 13       		.uleb128 0x13
 605 0025 00       		.byte	0
 606 0026 00       		.byte	0
 607 0027 04       		.uleb128 0x4
 608 0028 24       		.uleb128 0x24
 609 0029 00       		.byte	0
 610 002a 0B       		.uleb128 0xb
 611 002b 0B       		.uleb128 0xb
 612 002c 3E       		.uleb128 0x3e
 613 002d 0B       		.uleb128 0xb
 614 002e 03       		.uleb128 0x3
 615 002f 08       		.uleb128 0x8
 616 0030 00       		.byte	0
 617 0031 00       		.byte	0
 618 0032 05       		.uleb128 0x5
 619 0033 01       		.uleb128 0x1
 620 0034 01       		.byte	0x1
 621 0035 49       		.uleb128 0x49
 622 0036 13       		.uleb128 0x13
 623 0037 01       		.uleb128 0x1
ARM GAS  C:\Users\HALLER~1\AppData\Local\Temp\cc1i5DD9.s 			page 12


 624 0038 13       		.uleb128 0x13
 625 0039 00       		.byte	0
 626 003a 00       		.byte	0
 627 003b 06       		.uleb128 0x6
 628 003c 21       		.uleb128 0x21
 629 003d 00       		.byte	0
 630 003e 49       		.uleb128 0x49
 631 003f 13       		.uleb128 0x13
 632 0040 2F       		.uleb128 0x2f
 633 0041 05       		.uleb128 0x5
 634 0042 00       		.byte	0
 635 0043 00       		.byte	0
 636 0044 07       		.uleb128 0x7
 637 0045 26       		.uleb128 0x26
 638 0046 00       		.byte	0
 639 0047 49       		.uleb128 0x49
 640 0048 13       		.uleb128 0x13
 641 0049 00       		.byte	0
 642 004a 00       		.byte	0
 643 004b 08       		.uleb128 0x8
 644 004c 34       		.uleb128 0x34
 645 004d 00       		.byte	0
 646 004e 03       		.uleb128 0x3
 647 004f 0E       		.uleb128 0xe
 648 0050 3A       		.uleb128 0x3a
 649 0051 0B       		.uleb128 0xb
 650 0052 3B       		.uleb128 0x3b
 651 0053 0B       		.uleb128 0xb
 652 0054 49       		.uleb128 0x49
 653 0055 13       		.uleb128 0x13
 654 0056 3F       		.uleb128 0x3f
 655 0057 19       		.uleb128 0x19
 656 0058 02       		.uleb128 0x2
 657 0059 18       		.uleb128 0x18
 658 005a 00       		.byte	0
 659 005b 00       		.byte	0
 660 005c 09       		.uleb128 0x9
 661 005d 21       		.uleb128 0x21
 662 005e 00       		.byte	0
 663 005f 49       		.uleb128 0x49
 664 0060 13       		.uleb128 0x13
 665 0061 2F       		.uleb128 0x2f
 666 0062 0B       		.uleb128 0xb
 667 0063 00       		.byte	0
 668 0064 00       		.byte	0
 669 0065 00       		.byte	0
 670              		.section	.debug_aranges,"",%progbits
 671 0000 14000000 		.4byte	0x14
 672 0004 0200     		.2byte	0x2
 673 0006 00000000 		.4byte	.Ldebug_info0
 674 000a 04       		.byte	0x4
 675 000b 00       		.byte	0
 676 000c 0000     		.2byte	0
 677 000e 0000     		.2byte	0
 678 0010 00000000 		.4byte	0
 679 0014 00000000 		.4byte	0
 680              		.section	.debug_line,"",%progbits
ARM GAS  C:\Users\HALLER~1\AppData\Local\Temp\cc1i5DD9.s 			page 13


 681              	.Ldebug_line0:
 682 0000 3D010000 		.section	.debug_str,"MS",%progbits,1
 682      02003701 
 682      00000201 
 682      FB0E0D00 
 682      01010101 
 683              	.LASF9:
 684 0000 5F5F7569 		.ascii	"__uint8_t\000"
 684      6E74385F 
 684      7400
 685              	.LASF16:
 686 000a 63795F6D 		.ascii	"cy_metadata\000"
 686      65746164 
 686      61746100 
 687              	.LASF1:
 688 0016 756E7369 		.ascii	"unsigned char\000"
 688      676E6564 
 688      20636861 
 688      7200
 689              	.LASF17:
 690 0024 474E5520 		.ascii	"GNU C11 5.4.1 20160609 (release) [ARM/embedded-5-br"
 690      43313120 
 690      352E342E 
 690      31203230 
 690      31363036 
 691 0057 616E6368 		.ascii	"anch revision 237715] -mcpu=cortex-m3 -mthumb -g -O"
 691      20726576 
 691      6973696F 
 691      6E203233 
 691      37373135 
 692 008a 67202D66 		.ascii	"g -ffunction-sections -ffat-lto-objects\000"
 692      66756E63 
 692      74696F6E 
 692      2D736563 
 692      74696F6E 
 693              	.LASF5:
 694 00b2 6C6F6E67 		.ascii	"long unsigned int\000"
 694      20756E73 
 694      69676E65 
 694      6420696E 
 694      7400
 695              	.LASF3:
 696 00c4 73686F72 		.ascii	"short unsigned int\000"
 696      7420756E 
 696      7369676E 
 696      65642069 
 696      6E7400
 697              	.LASF13:
 698 00d7 63795F6D 		.ascii	"cy_meta_custnvl\000"
 698      6574615F 
 698      63757374 
 698      6E766C00 
 699              	.LASF19:
 700 00e7 433A5C55 		.ascii	"C:\\Users\\hallermans\\Documents\\Winter2017\\CE495"
 700      73657273 
 700      5C68616C 
 700      6C65726D 
ARM GAS  C:\Users\HALLER~1\AppData\Local\Temp\cc1i5DD9.s 			page 14


 700      616E735C 
 701 0115 305C6E65 		.ascii	"0\\network.cydsn\000"
 701      74776F72 
 701      6B2E6379 
 701      64736E00 
 702              	.LASF12:
 703 0125 63795F6D 		.ascii	"cy_meta_configecc\000"
 703      6574615F 
 703      636F6E66 
 703      69676563 
 703      6300
 704              	.LASF8:
 705 0137 756E7369 		.ascii	"unsigned int\000"
 705      676E6564 
 705      20696E74 
 705      00
 706              	.LASF7:
 707 0144 6C6F6E67 		.ascii	"long long unsigned int\000"
 707      206C6F6E 
 707      6720756E 
 707      7369676E 
 707      65642069 
 708              	.LASF10:
 709 015b 75696E74 		.ascii	"uint8_t\000"
 709      385F7400 
 710              	.LASF15:
 711 0163 63795F6D 		.ascii	"cy_meta_flashprotect\000"
 711      6574615F 
 711      666C6173 
 711      6870726F 
 711      74656374 
 712              	.LASF14:
 713 0178 63795F6D 		.ascii	"cy_meta_wonvl\000"
 713      6574615F 
 713      776F6E76 
 713      6C00
 714              	.LASF11:
 715 0186 73697A65 		.ascii	"sizetype\000"
 715      74797065 
 715      00
 716              	.LASF6:
 717 018f 6C6F6E67 		.ascii	"long long int\000"
 717      206C6F6E 
 717      6720696E 
 717      7400
 718              	.LASF2:
 719 019d 73686F72 		.ascii	"short int\000"
 719      7420696E 
 719      7400
 720              	.LASF4:
 721 01a7 6C6F6E67 		.ascii	"long int\000"
 721      20696E74 
 721      00
 722              	.LASF0:
 723 01b0 7369676E 		.ascii	"signed char\000"
 723      65642063 
 723      68617200 
ARM GAS  C:\Users\HALLER~1\AppData\Local\Temp\cc1i5DD9.s 			page 15


 724              	.LASF18:
 725 01bc 47656E65 		.ascii	"Generated_Source\\PSoC5\\cymetadata.c\000"
 725      72617465 
 725      645F536F 
 725      75726365 
 725      5C50536F 
 726              		.ident	"GCC: (GNU Tools for ARM Embedded Processors) 5.4.1 20160609 (release) [ARM/embedded-5-bran
