ARM GAS  C:\Users\HALLER~1\AppData\Local\Temp\ccmpWvr7.s 			page 1


   1              		.syntax unified
   2              		.cpu cortex-m3
   3              		.fpu softvfp
   4              		.eabi_attribute 20, 1
   5              		.eabi_attribute 21, 1
   6              		.eabi_attribute 23, 3
   7              		.eabi_attribute 24, 1
   8              		.eabi_attribute 25, 1
   9              		.eabi_attribute 26, 1
  10              		.eabi_attribute 30, 1
  11              		.eabi_attribute 34, 1
  12              		.eabi_attribute 18, 4
  13              		.thumb
  14              		.syntax unified
  15              		.file	"main.c"
  16              		.text
  17              	.Ltext0:
  18              		.cfi_sections	.debug_frame
  19              		.section	.text.main,"ax",%progbits
  20              		.align	2
  21              		.global	main
  22              		.thumb
  23              		.thumb_func
  24              		.type	main, %function
  25              	main:
  26              	.LFB63:
  27              		.file 1 "main.c"
   1:main.c        **** /* ========================================
   2:main.c        ****  *
   3:main.c        ****  * Copyright YOUR COMPANY, THE YEAR
   4:main.c        ****  * All Rights Reserved
   5:main.c        ****  * UNPUBLISHED, LICENSED SOFTWARE.
   6:main.c        ****  *
   7:main.c        ****  * CONFIDENTIAL AND PROPRIETARY INFORMATION
   8:main.c        ****  * WHICH IS THE PROPERTY OF your company.
   9:main.c        ****  *
  10:main.c        ****  * ========================================
  11:main.c        **** */
  12:main.c        **** #include "project.h"
  13:main.c        **** 
  14:main.c        **** /*enum states {IDLE, BUSY_HIGH, BUSY_LOW, COLLISION};
  15:main.c        **** enum states currentState = IDLE;
  16:main.c        **** 
  17:main.c        **** void changeState(enum states nextState) {
  18:main.c        ****     if (nextState==IDLE) {
  19:main.c        ****         IDLE_PIN_Write(1);
  20:main.c        ****         BUSY_PIN_Write(0);
  21:main.c        ****         COLLISION_PIN_Write(0);
  22:main.c        ****     }
  23:main.c        ****     else if (nextState==BUSY_HIGH) {
  24:main.c        ****         IDLE_PIN_Write(0);
  25:main.c        ****         BUSY_PIN_Write(1);
  26:main.c        ****         COLLISION_PIN_Write(0);
  27:main.c        ****         
  28:main.c        ****         TIMER_Stop(); TIMER_WriteCounter(12720);  TIMER_Start(); //530 us
  29:main.c        ****     }
  30:main.c        ****     else if (nextState==BUSY_LOW) {
ARM GAS  C:\Users\HALLER~1\AppData\Local\Temp\ccmpWvr7.s 			page 2


  31:main.c        ****         IDLE_PIN_Write(0);
  32:main.c        ****         BUSY_PIN_Write(1);
  33:main.c        ****         COLLISION_PIN_Write(0);
  34:main.c        ****         
  35:main.c        ****         TIMER_Stop(); TIMER_WriteCounter(196800); TIMER_Start(); //8.2 ms
  36:main.c        ****     }
  37:main.c        ****     else if (nextState==COLLISION) {
  38:main.c        ****         IDLE_PIN_Write(0);
  39:main.c        ****         BUSY_PIN_Write(0);
  40:main.c        ****         COLLISION_PIN_Write(1);
  41:main.c        ****     }
  42:main.c        ****     
  43:main.c        ****     currentState = nextState;
  44:main.c        **** }
  45:main.c        **** 
  46:main.c        **** CY_ISR(RX_HANDLER) {
  47:main.c        ****     if (currentState==IDLE && RECEIVE_Read()==1) changeState(BUSY_HIGH); //second checks are redund
  48:main.c        ****     else if (currentState==BUSY_HIGH && RECEIVE_Read()==0) changeState(BUSY_LOW);
  49:main.c        ****     else if (currentState==BUSY_LOW && RECEIVE_Read()==1) changeState(BUSY_HIGH);
  50:main.c        ****     else if (currentState==COLLISION && RECEIVE_Read()==0) changeState(BUSY_LOW);
  51:main.c        **** 
  52:main.c        ****     RECEIVE_ClearInterrupt();
  53:main.c        **** }
  54:main.c        **** 
  55:main.c        **** CY_ISR(TIMER_HANDLER) {
  56:main.c        ****     if (currentState==BUSY_LOW) changeState(IDLE);
  57:main.c        ****     else if (currentState==BUSY_HIGH) changeState(COLLISION);
  58:main.c        ****     
  59:main.c        ****     TIMER_ReadStatusRegister();
  60:main.c        **** }*/
  61:main.c        **** 
  62:main.c        **** int main(void)
  63:main.c        **** {
  28              		.loc 1 63 0
  29              		.cfi_startproc
  30              		@ args = 0, pretend = 0, frame = 104
  31              		@ frame_needed = 0, uses_anonymous_args = 0
  32 0000 F0B5     		push	{r4, r5, r6, r7, lr}
  33              		.cfi_def_cfa_offset 20
  34              		.cfi_offset 4, -20
  35              		.cfi_offset 5, -16
  36              		.cfi_offset 6, -12
  37              		.cfi_offset 7, -8
  38              		.cfi_offset 14, -4
  39 0002 9BB0     		sub	sp, sp, #108
  40              		.cfi_def_cfa_offset 128
  64:main.c        ****     CyGlobalIntEnable; /* Enable global interrupts. */
  41              		.loc 1 64 0
  42              		.syntax unified
  43              	@ 64 "main.c" 1
  44 0004 62B6     		CPSIE   i
  45              	@ 0 "" 2
  65:main.c        **** 
  66:main.c        ****     /* Place your initialization/startup code here (e.g. MyInst_Start()) */
  67:main.c        **** 
  68:main.c        ****     //RX_INTERRUPT_StartEx(RX_HANDLER);
  69:main.c        ****     //TIMER_INTERRUPT_StartEx(TIMER_HANDLER);
ARM GAS  C:\Users\HALLER~1\AppData\Local\Temp\ccmpWvr7.s 			page 3


  70:main.c        ****     //TIMER_Start();
  71:main.c        ****     
  72:main.c        ****     USBUART_Start(0, USBUART_5V_OPERATION);
  46              		.loc 1 72 0
  47              		.thumb
  48              		.syntax unified
  49 0006 0121     		movs	r1, #1
  50 0008 0020     		movs	r0, #0
  51 000a FFF7FEFF 		bl	USBUART_Start
  52              	.LVL0:
  53              	.L2:
  73:main.c        ****     while (USBUART_GetConfiguration()==0);
  54              		.loc 1 73 0 discriminator 1
  55 000e FFF7FEFF 		bl	USBUART_GetConfiguration
  56              	.LVL1:
  57 0012 0028     		cmp	r0, #0
  58 0014 FBD0     		beq	.L2
  74:main.c        ****     USBUART_CDC_Init();
  59              		.loc 1 74 0
  60 0016 FFF7FEFF 		bl	USBUART_CDC_Init
  61              	.LVL2:
  75:main.c        ****     
  76:main.c        ****     USBUART_PutString("Hello World\r\n");
  62              		.loc 1 76 0
  63 001a 1D48     		ldr	r0, .L12
  64 001c FFF7FEFF 		bl	USBUART_PutString
  65              	.LVL3:
  66              	.L10:
  67              	.LBB2:
  77:main.c        ****     
  78:main.c        **** 
  79:main.c        ****     for(;;)
  80:main.c        ****     {
  81:main.c        ****         /* Place your application code here. */
  82:main.c        ****         //read the message from UART
  83:main.c        ****         char message[100];
  84:main.c        ****         int size = 0;
  68              		.loc 1 84 0
  69 0020 0027     		movs	r7, #0
  70              	.LVL4:
  71              	.L3:
  72              	.LBB3:
  85:main.c        ****         while (1) {
  86:main.c        ****             while (!USBUART_DataIsReady()); //wait for a character to be received
  73              		.loc 1 86 0 discriminator 1
  74 0022 FFF7FEFF 		bl	USBUART_DataIsReady
  75              	.LVL5:
  76 0026 0028     		cmp	r0, #0
  77 0028 FBD0     		beq	.L3
  87:main.c        ****             char c = USBUART_GetChar();
  78              		.loc 1 87 0
  79 002a FFF7FEFF 		bl	USBUART_GetChar
  80              	.LVL6:
  81 002e 0446     		mov	r4, r0
  82              	.LVL7:
  88:main.c        ****             
  89:main.c        ****             if (c=='\r') {
ARM GAS  C:\Users\HALLER~1\AppData\Local\Temp\ccmpWvr7.s 			page 4


  83              		.loc 1 89 0
  84 0030 0D28     		cmp	r0, #13
  85 0032 04D1     		bne	.L4
  90:main.c        ****                 USBUART_PutString("\r\n");
  86              		.loc 1 90 0
  87 0034 1748     		ldr	r0, .L12+4
  88              	.LVL8:
  89 0036 FFF7FEFF 		bl	USBUART_PutString
  90              	.LVL9:
  91              	.LBE3:
  92              	.LBB4:
  91:main.c        ****                 break;
  92:main.c        ****             }
  93:main.c        ****             else {
  94:main.c        ****                 USBUART_PutChar(c);
  95:main.c        ****                 message[size++] = c;
  96:main.c        ****             }
  97:main.c        ****         }
  98:main.c        ****         
  99:main.c        ****         //Write the message to TX_PIN
 100:main.c        ****        for (int i = 0; i<size; i++) {
  93              		.loc 1 100 0
  94 003a 0026     		movs	r6, #0
  95 003c 24E0     		b	.L5
  96              	.LVL10:
  97              	.L4:
  98              	.LBE4:
  99              	.LBB7:
  94:main.c        ****                 message[size++] = c;
 100              		.loc 1 94 0
 101 003e FFF7FEFF 		bl	USBUART_PutChar
 102              	.LVL11:
  95:main.c        ****             }
 103              		.loc 1 95 0
 104 0042 1AAB     		add	r3, sp, #104
 105 0044 3B44     		add	r3, r3, r7
 106 0046 03F8644C 		strb	r4, [r3, #-100]
 107 004a 0137     		adds	r7, r7, #1
 108              	.LVL12:
 109              	.LBE7:
  97:main.c        ****         
 110              		.loc 1 97 0
 111 004c E9E7     		b	.L3
 112              	.LVL13:
 113              	.L9:
 114              	.LBB8:
 115              	.LBB5:
 101:main.c        ****             uint8 c = message[i] | 0x80; //MSB is always high
 116              		.loc 1 101 0
 117 004e 1AAB     		add	r3, sp, #104
 118 0050 3344     		add	r3, r3, r6
 119 0052 13F8645C 		ldrb	r5, [r3, #-100]	@ zero_extendqisi2
 120 0056 45F08005 		orr	r5, r5, #128
 121              	.LVL14:
 122              	.LBB6:
 102:main.c        ****             
 103:main.c        ****             for (int b = 7; b>=0; b--) {
ARM GAS  C:\Users\HALLER~1\AppData\Local\Temp\ccmpWvr7.s 			page 5


 123              		.loc 1 103 0
 124 005a 0724     		movs	r4, #7
 125 005c 11E0     		b	.L7
 126              	.LVL15:
 127              	.L8:
 104:main.c        ****                 TX_PIN_Write((c>>b) & 0x01);
 128              		.loc 1 104 0 discriminator 3
 129 005e 45FA04F0 		asr	r0, r5, r4
 130 0062 00F00100 		and	r0, r0, #1
 131 0066 FFF7FEFF 		bl	TX_PIN_Write
 132              	.LVL16:
 105:main.c        ****                 CyDelayUs(500);
 133              		.loc 1 105 0 discriminator 3
 134 006a 4FF4FA70 		mov	r0, #500
 135 006e FFF7FEFF 		bl	CyDelayUs
 136              	.LVL17:
 106:main.c        ****                 TX_PIN_Write(0);
 137              		.loc 1 106 0 discriminator 3
 138 0072 0020     		movs	r0, #0
 139 0074 FFF7FEFF 		bl	TX_PIN_Write
 140              	.LVL18:
 107:main.c        ****                 CyDelayUs(500);
 141              		.loc 1 107 0 discriminator 3
 142 0078 4FF4FA70 		mov	r0, #500
 143 007c FFF7FEFF 		bl	CyDelayUs
 144              	.LVL19:
 103:main.c        ****                 TX_PIN_Write((c>>b) & 0x01);
 145              		.loc 1 103 0 discriminator 3
 146 0080 013C     		subs	r4, r4, #1
 147              	.LVL20:
 148              	.L7:
 103:main.c        ****                 TX_PIN_Write((c>>b) & 0x01);
 149              		.loc 1 103 0 is_stmt 0 discriminator 1
 150 0082 002C     		cmp	r4, #0
 151 0084 EBDA     		bge	.L8
 152              	.LBE6:
 153              	.LBE5:
 100:main.c        ****             uint8 c = message[i] | 0x80; //MSB is always high
 154              		.loc 1 100 0 is_stmt 1 discriminator 2
 155 0086 0136     		adds	r6, r6, #1
 156              	.LVL21:
 157              	.L5:
 100:main.c        ****             uint8 c = message[i] | 0x80; //MSB is always high
 158              		.loc 1 100 0 is_stmt 0 discriminator 1
 159 0088 B742     		cmp	r7, r6
 160 008a E0DC     		bgt	.L9
 161 008c C8E7     		b	.L10
 162              	.L13:
 163 008e 00BF     		.align	2
 164              	.L12:
 165 0090 00000000 		.word	.LC0
 166 0094 10000000 		.word	.LC1
 167              	.LBE8:
 168              	.LBE2:
 169              		.cfi_endproc
 170              	.LFE63:
 171              		.size	main, .-main
ARM GAS  C:\Users\HALLER~1\AppData\Local\Temp\ccmpWvr7.s 			page 6


 172              		.section	.rodata.str1.4,"aMS",%progbits,1
 173              		.align	2
 174              	.LC0:
 175 0000 48656C6C 		.ascii	"Hello World\015\012\000"
 175      6F20576F 
 175      726C640D 
 175      0A00
 176 000e 0000     		.space	2
 177              	.LC1:
 178 0010 0D0A00   		.ascii	"\015\012\000"
 179              		.text
 180              	.Letext0:
 181              		.file 2 "c:\\program files (x86)\\cypress\\psoc creator\\4.1\\psoc creator\\import\\gnu\\arm\\5.4.
 182              		.file 3 "c:\\program files (x86)\\cypress\\psoc creator\\4.1\\psoc creator\\import\\gnu\\arm\\5.4.
 183              		.file 4 "Generated_Source\\PSoC5/cytypes.h"
 184              		.file 5 "Generated_Source\\PSoC5/USBUART_cdc.h"
 185              		.file 6 "Generated_Source\\PSoC5/TX_PIN.h"
 186              		.file 7 "Generated_Source\\PSoC5/CyLib.h"
 187              		.file 8 "Generated_Source\\PSoC5/USBUART.h"
 188              		.file 9 "Generated_Source\\PSoC5/core_cm3.h"
 189              		.section	.debug_info,"",%progbits
 190              	.Ldebug_info0:
 191 0000 92020000 		.4byte	0x292
 192 0004 0400     		.2byte	0x4
 193 0006 00000000 		.4byte	.Ldebug_abbrev0
 194 000a 04       		.byte	0x4
 195 000b 01       		.uleb128 0x1
 196 000c 48000000 		.4byte	.LASF28
 197 0010 0C       		.byte	0xc
 198 0011 FD010000 		.4byte	.LASF29
 199 0015 2F010000 		.4byte	.LASF30
 200 0019 30000000 		.4byte	.Ldebug_ranges0+0x30
 201 001d 00000000 		.4byte	0
 202 0021 00000000 		.4byte	.Ldebug_line0
 203 0025 02       		.uleb128 0x2
 204 0026 01       		.byte	0x1
 205 0027 06       		.byte	0x6
 206 0028 3E020000 		.4byte	.LASF0
 207 002c 02       		.uleb128 0x2
 208 002d 01       		.byte	0x1
 209 002e 08       		.byte	0x8
 210 002f 15010000 		.4byte	.LASF1
 211 0033 02       		.uleb128 0x2
 212 0034 02       		.byte	0x2
 213 0035 05       		.byte	0x5
 214 0036 19020000 		.4byte	.LASF2
 215 003a 02       		.uleb128 0x2
 216 003b 02       		.byte	0x2
 217 003c 07       		.byte	0x7
 218 003d F5000000 		.4byte	.LASF3
 219 0041 03       		.uleb128 0x3
 220 0042 08000000 		.4byte	.LASF9
 221 0046 02       		.byte	0x2
 222 0047 3F       		.byte	0x3f
 223 0048 4C000000 		.4byte	0x4c
 224 004c 02       		.uleb128 0x2
 225 004d 04       		.byte	0x4
ARM GAS  C:\Users\HALLER~1\AppData\Local\Temp\ccmpWvr7.s 			page 7


 226 004e 05       		.byte	0x5
 227 004f 29020000 		.4byte	.LASF4
 228 0053 02       		.uleb128 0x2
 229 0054 04       		.byte	0x4
 230 0055 07       		.byte	0x7
 231 0056 E3000000 		.4byte	.LASF5
 232 005a 02       		.uleb128 0x2
 233 005b 08       		.byte	0x8
 234 005c 05       		.byte	0x5
 235 005d EF010000 		.4byte	.LASF6
 236 0061 02       		.uleb128 0x2
 237 0062 08       		.byte	0x8
 238 0063 07       		.byte	0x7
 239 0064 B3010000 		.4byte	.LASF7
 240 0068 04       		.uleb128 0x4
 241 0069 04       		.byte	0x4
 242 006a 05       		.byte	0x5
 243 006b 696E7400 		.ascii	"int\000"
 244 006f 02       		.uleb128 0x2
 245 0070 04       		.byte	0x4
 246 0071 07       		.byte	0x7
 247 0072 95010000 		.4byte	.LASF8
 248 0076 03       		.uleb128 0x3
 249 0077 DE010000 		.4byte	.LASF10
 250 007b 03       		.byte	0x3
 251 007c 2C       		.byte	0x2c
 252 007d 41000000 		.4byte	0x41
 253 0081 05       		.uleb128 0x5
 254 0082 23020000 		.4byte	.LASF11
 255 0086 04       		.byte	0x4
 256 0087 9201     		.2byte	0x192
 257 0089 2C000000 		.4byte	0x2c
 258 008d 02       		.uleb128 0x2
 259 008e 04       		.byte	0x4
 260 008f 04       		.byte	0x4
 261 0090 3D000000 		.4byte	.LASF12
 262 0094 02       		.uleb128 0x2
 263 0095 08       		.byte	0x8
 264 0096 04       		.byte	0x4
 265 0097 23010000 		.4byte	.LASF13
 266 009b 02       		.uleb128 0x2
 267 009c 01       		.byte	0x1
 268 009d 08       		.byte	0x8
 269 009e 04020000 		.4byte	.LASF14
 270 00a2 02       		.uleb128 0x2
 271 00a3 08       		.byte	0x8
 272 00a4 04       		.byte	0x4
 273 00a5 32020000 		.4byte	.LASF15
 274 00a9 02       		.uleb128 0x2
 275 00aa 04       		.byte	0x4
 276 00ab 07       		.byte	0x7
 277 00ac E6010000 		.4byte	.LASF16
 278 00b0 06       		.uleb128 0x6
 279 00b1 2A010000 		.4byte	.LASF31
 280 00b5 01       		.byte	0x1
 281 00b6 3E       		.byte	0x3e
 282 00b7 68000000 		.4byte	0x68
ARM GAS  C:\Users\HALLER~1\AppData\Local\Temp\ccmpWvr7.s 			page 8


 283 00bb 00000000 		.4byte	.LFB63
 284 00bf 98000000 		.4byte	.LFE63-.LFB63
 285 00c3 01       		.uleb128 0x1
 286 00c4 9C       		.byte	0x9c
 287 00c5 0F020000 		.4byte	0x20f
 288 00c9 07       		.uleb128 0x7
 289 00ca 20000000 		.4byte	.LBB2
 290 00ce 78000000 		.4byte	.LBE2-.LBB2
 291 00d2 D1010000 		.4byte	0x1d1
 292 00d6 08       		.uleb128 0x8
 293 00d7 00000000 		.4byte	.LASF17
 294 00db 01       		.byte	0x1
 295 00dc 53       		.byte	0x53
 296 00dd 0F020000 		.4byte	0x20f
 297 00e1 03       		.uleb128 0x3
 298 00e2 91       		.byte	0x91
 299 00e3 847F     		.sleb128 -124
 300 00e5 09       		.uleb128 0x9
 301 00e6 43000000 		.4byte	.LASF18
 302 00ea 01       		.byte	0x1
 303 00eb 54       		.byte	0x54
 304 00ec 68000000 		.4byte	0x68
 305 00f0 00000000 		.4byte	.LLST0
 306 00f4 0A       		.uleb128 0xa
 307 00f5 00000000 		.4byte	.Ldebug_ranges0+0
 308 00f9 3D010000 		.4byte	0x13d
 309 00fd 0B       		.uleb128 0xb
 310 00fe 6300     		.ascii	"c\000"
 311 0100 01       		.byte	0x1
 312 0101 57       		.byte	0x57
 313 0102 9B000000 		.4byte	0x9b
 314 0106 37000000 		.4byte	.LLST1
 315 010a 0C       		.uleb128 0xc
 316 010b 26000000 		.4byte	.LVL5
 317 010f 30020000 		.4byte	0x230
 318 0113 0C       		.uleb128 0xc
 319 0114 2E000000 		.4byte	.LVL6
 320 0118 3B020000 		.4byte	0x23b
 321 011c 0D       		.uleb128 0xd
 322 011d 3A000000 		.4byte	.LVL9
 323 0121 46020000 		.4byte	0x246
 324 0125 33010000 		.4byte	0x133
 325 0129 0E       		.uleb128 0xe
 326 012a 01       		.uleb128 0x1
 327 012b 50       		.byte	0x50
 328 012c 05       		.uleb128 0x5
 329 012d 03       		.byte	0x3
 330 012e 10000000 		.4byte	.LC1
 331 0132 00       		.byte	0
 332 0133 0C       		.uleb128 0xc
 333 0134 42000000 		.4byte	.LVL11
 334 0138 51020000 		.4byte	0x251
 335 013c 00       		.byte	0
 336 013d 0F       		.uleb128 0xf
 337 013e 18000000 		.4byte	.Ldebug_ranges0+0x18
 338 0142 0B       		.uleb128 0xb
 339 0143 6900     		.ascii	"i\000"
ARM GAS  C:\Users\HALLER~1\AppData\Local\Temp\ccmpWvr7.s 			page 9


 340 0145 01       		.byte	0x1
 341 0146 64       		.byte	0x64
 342 0147 68000000 		.4byte	0x68
 343 014b 55000000 		.4byte	.LLST2
 344 014f 10       		.uleb128 0x10
 345 0150 4E000000 		.4byte	.LBB5
 346 0154 38000000 		.4byte	.LBE5-.LBB5
 347 0158 0B       		.uleb128 0xb
 348 0159 6300     		.ascii	"c\000"
 349 015b 01       		.byte	0x1
 350 015c 65       		.byte	0x65
 351 015d 81000000 		.4byte	0x81
 352 0161 74000000 		.4byte	.LLST3
 353 0165 10       		.uleb128 0x10
 354 0166 5A000000 		.4byte	.LBB6
 355 016a 2C000000 		.4byte	.LBE6-.LBB6
 356 016e 0B       		.uleb128 0xb
 357 016f 6200     		.ascii	"b\000"
 358 0171 01       		.byte	0x1
 359 0172 67       		.byte	0x67
 360 0173 68000000 		.4byte	0x68
 361 0177 87000000 		.4byte	.LLST4
 362 017b 0D       		.uleb128 0xd
 363 017c 6A000000 		.4byte	.LVL16
 364 0180 5C020000 		.4byte	0x25c
 365 0184 94010000 		.4byte	0x194
 366 0188 0E       		.uleb128 0xe
 367 0189 01       		.uleb128 0x1
 368 018a 50       		.byte	0x50
 369 018b 07       		.uleb128 0x7
 370 018c 75       		.byte	0x75
 371 018d 00       		.sleb128 0
 372 018e 74       		.byte	0x74
 373 018f 00       		.sleb128 0
 374 0190 26       		.byte	0x26
 375 0191 31       		.byte	0x31
 376 0192 1A       		.byte	0x1a
 377 0193 00       		.byte	0
 378 0194 0D       		.uleb128 0xd
 379 0195 72000000 		.4byte	.LVL17
 380 0199 67020000 		.4byte	0x267
 381 019d A9010000 		.4byte	0x1a9
 382 01a1 0E       		.uleb128 0xe
 383 01a2 01       		.uleb128 0x1
 384 01a3 50       		.byte	0x50
 385 01a4 03       		.uleb128 0x3
 386 01a5 0A       		.byte	0xa
 387 01a6 F401     		.2byte	0x1f4
 388 01a8 00       		.byte	0
 389 01a9 0D       		.uleb128 0xd
 390 01aa 78000000 		.4byte	.LVL18
 391 01ae 5C020000 		.4byte	0x25c
 392 01b2 BC010000 		.4byte	0x1bc
 393 01b6 0E       		.uleb128 0xe
 394 01b7 01       		.uleb128 0x1
 395 01b8 50       		.byte	0x50
 396 01b9 01       		.uleb128 0x1
ARM GAS  C:\Users\HALLER~1\AppData\Local\Temp\ccmpWvr7.s 			page 10


 397 01ba 30       		.byte	0x30
 398 01bb 00       		.byte	0
 399 01bc 11       		.uleb128 0x11
 400 01bd 80000000 		.4byte	.LVL19
 401 01c1 67020000 		.4byte	0x267
 402 01c5 0E       		.uleb128 0xe
 403 01c6 01       		.uleb128 0x1
 404 01c7 50       		.byte	0x50
 405 01c8 03       		.uleb128 0x3
 406 01c9 0A       		.byte	0xa
 407 01ca F401     		.2byte	0x1f4
 408 01cc 00       		.byte	0
 409 01cd 00       		.byte	0
 410 01ce 00       		.byte	0
 411 01cf 00       		.byte	0
 412 01d0 00       		.byte	0
 413 01d1 0D       		.uleb128 0xd
 414 01d2 0E000000 		.4byte	.LVL0
 415 01d6 72020000 		.4byte	0x272
 416 01da E9010000 		.4byte	0x1e9
 417 01de 0E       		.uleb128 0xe
 418 01df 01       		.uleb128 0x1
 419 01e0 50       		.byte	0x50
 420 01e1 01       		.uleb128 0x1
 421 01e2 30       		.byte	0x30
 422 01e3 0E       		.uleb128 0xe
 423 01e4 01       		.uleb128 0x1
 424 01e5 51       		.byte	0x51
 425 01e6 01       		.uleb128 0x1
 426 01e7 31       		.byte	0x31
 427 01e8 00       		.byte	0
 428 01e9 0C       		.uleb128 0xc
 429 01ea 12000000 		.4byte	.LVL1
 430 01ee 7E020000 		.4byte	0x27e
 431 01f2 0C       		.uleb128 0xc
 432 01f3 1A000000 		.4byte	.LVL2
 433 01f7 8A020000 		.4byte	0x28a
 434 01fb 11       		.uleb128 0x11
 435 01fc 20000000 		.4byte	.LVL3
 436 0200 46020000 		.4byte	0x246
 437 0204 0E       		.uleb128 0xe
 438 0205 01       		.uleb128 0x1
 439 0206 50       		.byte	0x50
 440 0207 05       		.uleb128 0x5
 441 0208 03       		.byte	0x3
 442 0209 00000000 		.4byte	.LC0
 443 020d 00       		.byte	0
 444 020e 00       		.byte	0
 445 020f 12       		.uleb128 0x12
 446 0210 9B000000 		.4byte	0x9b
 447 0214 1F020000 		.4byte	0x21f
 448 0218 13       		.uleb128 0x13
 449 0219 A9000000 		.4byte	0xa9
 450 021d 63       		.byte	0x63
 451 021e 00       		.byte	0
 452 021f 14       		.uleb128 0x14
 453 0220 08010000 		.4byte	.LASF32
ARM GAS  C:\Users\HALLER~1\AppData\Local\Temp\ccmpWvr7.s 			page 11


 454 0224 09       		.byte	0x9
 455 0225 1207     		.2byte	0x712
 456 0227 2B020000 		.4byte	0x22b
 457 022b 15       		.uleb128 0x15
 458 022c 76000000 		.4byte	0x76
 459 0230 16       		.uleb128 0x16
 460 0231 CA010000 		.4byte	.LASF19
 461 0235 CA010000 		.4byte	.LASF19
 462 0239 05       		.byte	0x5
 463 023a 29       		.byte	0x29
 464 023b 16       		.uleb128 0x16
 465 023c 09020000 		.4byte	.LASF20
 466 0240 09020000 		.4byte	.LASF20
 467 0244 05       		.byte	0x5
 468 0245 2C       		.byte	0x2c
 469 0246 16       		.uleb128 0x16
 470 0247 12000000 		.4byte	.LASF21
 471 024b 12000000 		.4byte	.LASF21
 472 024f 05       		.byte	0x5
 473 0250 24       		.byte	0x24
 474 0251 16       		.uleb128 0x16
 475 0252 77010000 		.4byte	.LASF22
 476 0256 77010000 		.4byte	.LASF22
 477 025a 05       		.byte	0x5
 478 025b 25       		.byte	0x25
 479 025c 16       		.uleb128 0x16
 480 025d D6000000 		.4byte	.LASF23
 481 0261 D6000000 		.4byte	.LASF23
 482 0265 06       		.byte	0x6
 483 0266 26       		.byte	0x26
 484 0267 16       		.uleb128 0x16
 485 0268 6D010000 		.4byte	.LASF24
 486 026c 6D010000 		.4byte	.LASF24
 487 0270 07       		.byte	0x7
 488 0271 77       		.byte	0x77
 489 0272 17       		.uleb128 0x17
 490 0273 87010000 		.4byte	.LASF25
 491 0277 87010000 		.4byte	.LASF25
 492 027b 08       		.byte	0x8
 493 027c 2A01     		.2byte	0x12a
 494 027e 17       		.uleb128 0x17
 495 027f 24000000 		.4byte	.LASF26
 496 0283 24000000 		.4byte	.LASF26
 497 0287 08       		.byte	0x8
 498 0288 2D01     		.2byte	0x12d
 499 028a 16       		.uleb128 0x16
 500 028b A2010000 		.4byte	.LASF27
 501 028f A2010000 		.4byte	.LASF27
 502 0293 05       		.byte	0x5
 503 0294 22       		.byte	0x22
 504 0295 00       		.byte	0
 505              		.section	.debug_abbrev,"",%progbits
 506              	.Ldebug_abbrev0:
 507 0000 01       		.uleb128 0x1
 508 0001 11       		.uleb128 0x11
 509 0002 01       		.byte	0x1
 510 0003 25       		.uleb128 0x25
ARM GAS  C:\Users\HALLER~1\AppData\Local\Temp\ccmpWvr7.s 			page 12


 511 0004 0E       		.uleb128 0xe
 512 0005 13       		.uleb128 0x13
 513 0006 0B       		.uleb128 0xb
 514 0007 03       		.uleb128 0x3
 515 0008 0E       		.uleb128 0xe
 516 0009 1B       		.uleb128 0x1b
 517 000a 0E       		.uleb128 0xe
 518 000b 55       		.uleb128 0x55
 519 000c 17       		.uleb128 0x17
 520 000d 11       		.uleb128 0x11
 521 000e 01       		.uleb128 0x1
 522 000f 10       		.uleb128 0x10
 523 0010 17       		.uleb128 0x17
 524 0011 00       		.byte	0
 525 0012 00       		.byte	0
 526 0013 02       		.uleb128 0x2
 527 0014 24       		.uleb128 0x24
 528 0015 00       		.byte	0
 529 0016 0B       		.uleb128 0xb
 530 0017 0B       		.uleb128 0xb
 531 0018 3E       		.uleb128 0x3e
 532 0019 0B       		.uleb128 0xb
 533 001a 03       		.uleb128 0x3
 534 001b 0E       		.uleb128 0xe
 535 001c 00       		.byte	0
 536 001d 00       		.byte	0
 537 001e 03       		.uleb128 0x3
 538 001f 16       		.uleb128 0x16
 539 0020 00       		.byte	0
 540 0021 03       		.uleb128 0x3
 541 0022 0E       		.uleb128 0xe
 542 0023 3A       		.uleb128 0x3a
 543 0024 0B       		.uleb128 0xb
 544 0025 3B       		.uleb128 0x3b
 545 0026 0B       		.uleb128 0xb
 546 0027 49       		.uleb128 0x49
 547 0028 13       		.uleb128 0x13
 548 0029 00       		.byte	0
 549 002a 00       		.byte	0
 550 002b 04       		.uleb128 0x4
 551 002c 24       		.uleb128 0x24
 552 002d 00       		.byte	0
 553 002e 0B       		.uleb128 0xb
 554 002f 0B       		.uleb128 0xb
 555 0030 3E       		.uleb128 0x3e
 556 0031 0B       		.uleb128 0xb
 557 0032 03       		.uleb128 0x3
 558 0033 08       		.uleb128 0x8
 559 0034 00       		.byte	0
 560 0035 00       		.byte	0
 561 0036 05       		.uleb128 0x5
 562 0037 16       		.uleb128 0x16
 563 0038 00       		.byte	0
 564 0039 03       		.uleb128 0x3
 565 003a 0E       		.uleb128 0xe
 566 003b 3A       		.uleb128 0x3a
 567 003c 0B       		.uleb128 0xb
ARM GAS  C:\Users\HALLER~1\AppData\Local\Temp\ccmpWvr7.s 			page 13


 568 003d 3B       		.uleb128 0x3b
 569 003e 05       		.uleb128 0x5
 570 003f 49       		.uleb128 0x49
 571 0040 13       		.uleb128 0x13
 572 0041 00       		.byte	0
 573 0042 00       		.byte	0
 574 0043 06       		.uleb128 0x6
 575 0044 2E       		.uleb128 0x2e
 576 0045 01       		.byte	0x1
 577 0046 3F       		.uleb128 0x3f
 578 0047 19       		.uleb128 0x19
 579 0048 03       		.uleb128 0x3
 580 0049 0E       		.uleb128 0xe
 581 004a 3A       		.uleb128 0x3a
 582 004b 0B       		.uleb128 0xb
 583 004c 3B       		.uleb128 0x3b
 584 004d 0B       		.uleb128 0xb
 585 004e 27       		.uleb128 0x27
 586 004f 19       		.uleb128 0x19
 587 0050 49       		.uleb128 0x49
 588 0051 13       		.uleb128 0x13
 589 0052 8701     		.uleb128 0x87
 590 0054 19       		.uleb128 0x19
 591 0055 11       		.uleb128 0x11
 592 0056 01       		.uleb128 0x1
 593 0057 12       		.uleb128 0x12
 594 0058 06       		.uleb128 0x6
 595 0059 40       		.uleb128 0x40
 596 005a 18       		.uleb128 0x18
 597 005b 9742     		.uleb128 0x2117
 598 005d 19       		.uleb128 0x19
 599 005e 01       		.uleb128 0x1
 600 005f 13       		.uleb128 0x13
 601 0060 00       		.byte	0
 602 0061 00       		.byte	0
 603 0062 07       		.uleb128 0x7
 604 0063 0B       		.uleb128 0xb
 605 0064 01       		.byte	0x1
 606 0065 11       		.uleb128 0x11
 607 0066 01       		.uleb128 0x1
 608 0067 12       		.uleb128 0x12
 609 0068 06       		.uleb128 0x6
 610 0069 01       		.uleb128 0x1
 611 006a 13       		.uleb128 0x13
 612 006b 00       		.byte	0
 613 006c 00       		.byte	0
 614 006d 08       		.uleb128 0x8
 615 006e 34       		.uleb128 0x34
 616 006f 00       		.byte	0
 617 0070 03       		.uleb128 0x3
 618 0071 0E       		.uleb128 0xe
 619 0072 3A       		.uleb128 0x3a
 620 0073 0B       		.uleb128 0xb
 621 0074 3B       		.uleb128 0x3b
 622 0075 0B       		.uleb128 0xb
 623 0076 49       		.uleb128 0x49
 624 0077 13       		.uleb128 0x13
ARM GAS  C:\Users\HALLER~1\AppData\Local\Temp\ccmpWvr7.s 			page 14


 625 0078 02       		.uleb128 0x2
 626 0079 18       		.uleb128 0x18
 627 007a 00       		.byte	0
 628 007b 00       		.byte	0
 629 007c 09       		.uleb128 0x9
 630 007d 34       		.uleb128 0x34
 631 007e 00       		.byte	0
 632 007f 03       		.uleb128 0x3
 633 0080 0E       		.uleb128 0xe
 634 0081 3A       		.uleb128 0x3a
 635 0082 0B       		.uleb128 0xb
 636 0083 3B       		.uleb128 0x3b
 637 0084 0B       		.uleb128 0xb
 638 0085 49       		.uleb128 0x49
 639 0086 13       		.uleb128 0x13
 640 0087 02       		.uleb128 0x2
 641 0088 17       		.uleb128 0x17
 642 0089 00       		.byte	0
 643 008a 00       		.byte	0
 644 008b 0A       		.uleb128 0xa
 645 008c 0B       		.uleb128 0xb
 646 008d 01       		.byte	0x1
 647 008e 55       		.uleb128 0x55
 648 008f 17       		.uleb128 0x17
 649 0090 01       		.uleb128 0x1
 650 0091 13       		.uleb128 0x13
 651 0092 00       		.byte	0
 652 0093 00       		.byte	0
 653 0094 0B       		.uleb128 0xb
 654 0095 34       		.uleb128 0x34
 655 0096 00       		.byte	0
 656 0097 03       		.uleb128 0x3
 657 0098 08       		.uleb128 0x8
 658 0099 3A       		.uleb128 0x3a
 659 009a 0B       		.uleb128 0xb
 660 009b 3B       		.uleb128 0x3b
 661 009c 0B       		.uleb128 0xb
 662 009d 49       		.uleb128 0x49
 663 009e 13       		.uleb128 0x13
 664 009f 02       		.uleb128 0x2
 665 00a0 17       		.uleb128 0x17
 666 00a1 00       		.byte	0
 667 00a2 00       		.byte	0
 668 00a3 0C       		.uleb128 0xc
 669 00a4 898201   		.uleb128 0x4109
 670 00a7 00       		.byte	0
 671 00a8 11       		.uleb128 0x11
 672 00a9 01       		.uleb128 0x1
 673 00aa 31       		.uleb128 0x31
 674 00ab 13       		.uleb128 0x13
 675 00ac 00       		.byte	0
 676 00ad 00       		.byte	0
 677 00ae 0D       		.uleb128 0xd
 678 00af 898201   		.uleb128 0x4109
 679 00b2 01       		.byte	0x1
 680 00b3 11       		.uleb128 0x11
 681 00b4 01       		.uleb128 0x1
ARM GAS  C:\Users\HALLER~1\AppData\Local\Temp\ccmpWvr7.s 			page 15


 682 00b5 31       		.uleb128 0x31
 683 00b6 13       		.uleb128 0x13
 684 00b7 01       		.uleb128 0x1
 685 00b8 13       		.uleb128 0x13
 686 00b9 00       		.byte	0
 687 00ba 00       		.byte	0
 688 00bb 0E       		.uleb128 0xe
 689 00bc 8A8201   		.uleb128 0x410a
 690 00bf 00       		.byte	0
 691 00c0 02       		.uleb128 0x2
 692 00c1 18       		.uleb128 0x18
 693 00c2 9142     		.uleb128 0x2111
 694 00c4 18       		.uleb128 0x18
 695 00c5 00       		.byte	0
 696 00c6 00       		.byte	0
 697 00c7 0F       		.uleb128 0xf
 698 00c8 0B       		.uleb128 0xb
 699 00c9 01       		.byte	0x1
 700 00ca 55       		.uleb128 0x55
 701 00cb 17       		.uleb128 0x17
 702 00cc 00       		.byte	0
 703 00cd 00       		.byte	0
 704 00ce 10       		.uleb128 0x10
 705 00cf 0B       		.uleb128 0xb
 706 00d0 01       		.byte	0x1
 707 00d1 11       		.uleb128 0x11
 708 00d2 01       		.uleb128 0x1
 709 00d3 12       		.uleb128 0x12
 710 00d4 06       		.uleb128 0x6
 711 00d5 00       		.byte	0
 712 00d6 00       		.byte	0
 713 00d7 11       		.uleb128 0x11
 714 00d8 898201   		.uleb128 0x4109
 715 00db 01       		.byte	0x1
 716 00dc 11       		.uleb128 0x11
 717 00dd 01       		.uleb128 0x1
 718 00de 31       		.uleb128 0x31
 719 00df 13       		.uleb128 0x13
 720 00e0 00       		.byte	0
 721 00e1 00       		.byte	0
 722 00e2 12       		.uleb128 0x12
 723 00e3 01       		.uleb128 0x1
 724 00e4 01       		.byte	0x1
 725 00e5 49       		.uleb128 0x49
 726 00e6 13       		.uleb128 0x13
 727 00e7 01       		.uleb128 0x1
 728 00e8 13       		.uleb128 0x13
 729 00e9 00       		.byte	0
 730 00ea 00       		.byte	0
 731 00eb 13       		.uleb128 0x13
 732 00ec 21       		.uleb128 0x21
 733 00ed 00       		.byte	0
 734 00ee 49       		.uleb128 0x49
 735 00ef 13       		.uleb128 0x13
 736 00f0 2F       		.uleb128 0x2f
 737 00f1 0B       		.uleb128 0xb
 738 00f2 00       		.byte	0
ARM GAS  C:\Users\HALLER~1\AppData\Local\Temp\ccmpWvr7.s 			page 16


 739 00f3 00       		.byte	0
 740 00f4 14       		.uleb128 0x14
 741 00f5 34       		.uleb128 0x34
 742 00f6 00       		.byte	0
 743 00f7 03       		.uleb128 0x3
 744 00f8 0E       		.uleb128 0xe
 745 00f9 3A       		.uleb128 0x3a
 746 00fa 0B       		.uleb128 0xb
 747 00fb 3B       		.uleb128 0x3b
 748 00fc 05       		.uleb128 0x5
 749 00fd 49       		.uleb128 0x49
 750 00fe 13       		.uleb128 0x13
 751 00ff 3F       		.uleb128 0x3f
 752 0100 19       		.uleb128 0x19
 753 0101 3C       		.uleb128 0x3c
 754 0102 19       		.uleb128 0x19
 755 0103 00       		.byte	0
 756 0104 00       		.byte	0
 757 0105 15       		.uleb128 0x15
 758 0106 35       		.uleb128 0x35
 759 0107 00       		.byte	0
 760 0108 49       		.uleb128 0x49
 761 0109 13       		.uleb128 0x13
 762 010a 00       		.byte	0
 763 010b 00       		.byte	0
 764 010c 16       		.uleb128 0x16
 765 010d 2E       		.uleb128 0x2e
 766 010e 00       		.byte	0
 767 010f 3F       		.uleb128 0x3f
 768 0110 19       		.uleb128 0x19
 769 0111 3C       		.uleb128 0x3c
 770 0112 19       		.uleb128 0x19
 771 0113 6E       		.uleb128 0x6e
 772 0114 0E       		.uleb128 0xe
 773 0115 03       		.uleb128 0x3
 774 0116 0E       		.uleb128 0xe
 775 0117 3A       		.uleb128 0x3a
 776 0118 0B       		.uleb128 0xb
 777 0119 3B       		.uleb128 0x3b
 778 011a 0B       		.uleb128 0xb
 779 011b 00       		.byte	0
 780 011c 00       		.byte	0
 781 011d 17       		.uleb128 0x17
 782 011e 2E       		.uleb128 0x2e
 783 011f 00       		.byte	0
 784 0120 3F       		.uleb128 0x3f
 785 0121 19       		.uleb128 0x19
 786 0122 3C       		.uleb128 0x3c
 787 0123 19       		.uleb128 0x19
 788 0124 6E       		.uleb128 0x6e
 789 0125 0E       		.uleb128 0xe
 790 0126 03       		.uleb128 0x3
 791 0127 0E       		.uleb128 0xe
 792 0128 3A       		.uleb128 0x3a
 793 0129 0B       		.uleb128 0xb
 794 012a 3B       		.uleb128 0x3b
 795 012b 05       		.uleb128 0x5
ARM GAS  C:\Users\HALLER~1\AppData\Local\Temp\ccmpWvr7.s 			page 17


 796 012c 00       		.byte	0
 797 012d 00       		.byte	0
 798 012e 00       		.byte	0
 799              		.section	.debug_loc,"",%progbits
 800              	.Ldebug_loc0:
 801              	.LLST0:
 802 0000 20000000 		.4byte	.LVL3
 803 0004 22000000 		.4byte	.LVL4
 804 0008 0200     		.2byte	0x2
 805 000a 30       		.byte	0x30
 806 000b 9F       		.byte	0x9f
 807 000c 22000000 		.4byte	.LVL4
 808 0010 42000000 		.4byte	.LVL11
 809 0014 0100     		.2byte	0x1
 810 0016 57       		.byte	0x57
 811 0017 42000000 		.4byte	.LVL11
 812 001b 4C000000 		.4byte	.LVL12
 813 001f 0300     		.2byte	0x3
 814 0021 77       		.byte	0x77
 815 0022 01       		.sleb128 1
 816 0023 9F       		.byte	0x9f
 817 0024 4C000000 		.4byte	.LVL12
 818 0028 98000000 		.4byte	.LFE63
 819 002c 0100     		.2byte	0x1
 820 002e 57       		.byte	0x57
 821 002f 00000000 		.4byte	0
 822 0033 00000000 		.4byte	0
 823              	.LLST1:
 824 0037 30000000 		.4byte	.LVL7
 825 003b 36000000 		.4byte	.LVL8
 826 003f 0100     		.2byte	0x1
 827 0041 50       		.byte	0x50
 828 0042 3E000000 		.4byte	.LVL10
 829 0046 41000000 		.4byte	.LVL11-1
 830 004a 0100     		.2byte	0x1
 831 004c 50       		.byte	0x50
 832 004d 00000000 		.4byte	0
 833 0051 00000000 		.4byte	0
 834              	.LLST2:
 835 0055 3A000000 		.4byte	.LVL9
 836 0059 3E000000 		.4byte	.LVL10
 837 005d 0200     		.2byte	0x2
 838 005f 30       		.byte	0x30
 839 0060 9F       		.byte	0x9f
 840 0061 4E000000 		.4byte	.LVL13
 841 0065 98000000 		.4byte	.LFE63
 842 0069 0100     		.2byte	0x1
 843 006b 56       		.byte	0x56
 844 006c 00000000 		.4byte	0
 845 0070 00000000 		.4byte	0
 846              	.LLST3:
 847 0074 5A000000 		.4byte	.LVL14
 848 0078 88000000 		.4byte	.LVL21
 849 007c 0100     		.2byte	0x1
 850 007e 55       		.byte	0x55
 851 007f 00000000 		.4byte	0
 852 0083 00000000 		.4byte	0
ARM GAS  C:\Users\HALLER~1\AppData\Local\Temp\ccmpWvr7.s 			page 18


 853              	.LLST4:
 854 0087 5A000000 		.4byte	.LVL14
 855 008b 5E000000 		.4byte	.LVL15
 856 008f 0200     		.2byte	0x2
 857 0091 37       		.byte	0x37
 858 0092 9F       		.byte	0x9f
 859 0093 5E000000 		.4byte	.LVL15
 860 0097 88000000 		.4byte	.LVL21
 861 009b 0100     		.2byte	0x1
 862 009d 54       		.byte	0x54
 863 009e 00000000 		.4byte	0
 864 00a2 00000000 		.4byte	0
 865              		.section	.debug_aranges,"",%progbits
 866 0000 1C000000 		.4byte	0x1c
 867 0004 0200     		.2byte	0x2
 868 0006 00000000 		.4byte	.Ldebug_info0
 869 000a 04       		.byte	0x4
 870 000b 00       		.byte	0
 871 000c 0000     		.2byte	0
 872 000e 0000     		.2byte	0
 873 0010 00000000 		.4byte	.LFB63
 874 0014 98000000 		.4byte	.LFE63-.LFB63
 875 0018 00000000 		.4byte	0
 876 001c 00000000 		.4byte	0
 877              		.section	.debug_ranges,"",%progbits
 878              	.Ldebug_ranges0:
 879 0000 22000000 		.4byte	.LBB3
 880 0004 3A000000 		.4byte	.LBE3
 881 0008 3E000000 		.4byte	.LBB7
 882 000c 4C000000 		.4byte	.LBE7
 883 0010 00000000 		.4byte	0
 884 0014 00000000 		.4byte	0
 885 0018 3A000000 		.4byte	.LBB4
 886 001c 3E000000 		.4byte	.LBE4
 887 0020 4E000000 		.4byte	.LBB8
 888 0024 98000000 		.4byte	.LBE8
 889 0028 00000000 		.4byte	0
 890 002c 00000000 		.4byte	0
 891 0030 00000000 		.4byte	.LFB63
 892 0034 98000000 		.4byte	.LFE63
 893 0038 00000000 		.4byte	0
 894 003c 00000000 		.4byte	0
 895              		.section	.debug_line,"",%progbits
 896              	.Ldebug_line0:
 897 0000 DD010000 		.section	.debug_str,"MS",%progbits,1
 897      02008101 
 897      00000201 
 897      FB0E0D00 
 897      01010101 
 898              	.LASF17:
 899 0000 6D657373 		.ascii	"message\000"
 899      61676500 
 900              	.LASF9:
 901 0008 5F5F696E 		.ascii	"__int32_t\000"
 901      7433325F 
 901      7400
 902              	.LASF21:
ARM GAS  C:\Users\HALLER~1\AppData\Local\Temp\ccmpWvr7.s 			page 19


 903 0012 55534255 		.ascii	"USBUART_PutString\000"
 903      4152545F 
 903      50757453 
 903      7472696E 
 903      6700
 904              	.LASF26:
 905 0024 55534255 		.ascii	"USBUART_GetConfiguration\000"
 905      4152545F 
 905      47657443 
 905      6F6E6669 
 905      67757261 
 906              	.LASF12:
 907 003d 666C6F61 		.ascii	"float\000"
 907      7400
 908              	.LASF18:
 909 0043 73697A65 		.ascii	"size\000"
 909      00
 910              	.LASF28:
 911 0048 474E5520 		.ascii	"GNU C11 5.4.1 20160609 (release) [ARM/embedded-5-br"
 911      43313120 
 911      352E342E 
 911      31203230 
 911      31363036 
 912 007b 616E6368 		.ascii	"anch revision 237715] -mcpu=cortex-m3 -mthumb -g -O"
 912      20726576 
 912      6973696F 
 912      6E203233 
 912      37373135 
 913 00ae 67202D66 		.ascii	"g -ffunction-sections -ffat-lto-objects\000"
 913      66756E63 
 913      74696F6E 
 913      2D736563 
 913      74696F6E 
 914              	.LASF23:
 915 00d6 54585F50 		.ascii	"TX_PIN_Write\000"
 915      494E5F57 
 915      72697465 
 915      00
 916              	.LASF5:
 917 00e3 6C6F6E67 		.ascii	"long unsigned int\000"
 917      20756E73 
 917      69676E65 
 917      6420696E 
 917      7400
 918              	.LASF3:
 919 00f5 73686F72 		.ascii	"short unsigned int\000"
 919      7420756E 
 919      7369676E 
 919      65642069 
 919      6E7400
 920              	.LASF32:
 921 0108 49544D5F 		.ascii	"ITM_RxBuffer\000"
 921      52784275 
 921      66666572 
 921      00
 922              	.LASF1:
 923 0115 756E7369 		.ascii	"unsigned char\000"
ARM GAS  C:\Users\HALLER~1\AppData\Local\Temp\ccmpWvr7.s 			page 20


 923      676E6564 
 923      20636861 
 923      7200
 924              	.LASF13:
 925 0123 646F7562 		.ascii	"double\000"
 925      6C6500
 926              	.LASF31:
 927 012a 6D61696E 		.ascii	"main\000"
 927      00
 928              	.LASF30:
 929 012f 433A5C55 		.ascii	"C:\\Users\\hallermans\\Documents\\Winter2017\\CE495"
 929      73657273 
 929      5C68616C 
 929      6C65726D 
 929      616E735C 
 930 015d 305C6E65 		.ascii	"0\\network.cydsn\000"
 930      74776F72 
 930      6B2E6379 
 930      64736E00 
 931              	.LASF24:
 932 016d 43794465 		.ascii	"CyDelayUs\000"
 932      6C617955 
 932      7300
 933              	.LASF22:
 934 0177 55534255 		.ascii	"USBUART_PutChar\000"
 934      4152545F 
 934      50757443 
 934      68617200 
 935              	.LASF25:
 936 0187 55534255 		.ascii	"USBUART_Start\000"
 936      4152545F 
 936      53746172 
 936      7400
 937              	.LASF8:
 938 0195 756E7369 		.ascii	"unsigned int\000"
 938      676E6564 
 938      20696E74 
 938      00
 939              	.LASF27:
 940 01a2 55534255 		.ascii	"USBUART_CDC_Init\000"
 940      4152545F 
 940      4344435F 
 940      496E6974 
 940      00
 941              	.LASF7:
 942 01b3 6C6F6E67 		.ascii	"long long unsigned int\000"
 942      206C6F6E 
 942      6720756E 
 942      7369676E 
 942      65642069 
 943              	.LASF19:
 944 01ca 55534255 		.ascii	"USBUART_DataIsReady\000"
 944      4152545F 
 944      44617461 
 944      49735265 
 944      61647900 
 945              	.LASF10:
ARM GAS  C:\Users\HALLER~1\AppData\Local\Temp\ccmpWvr7.s 			page 21


 946 01de 696E7433 		.ascii	"int32_t\000"
 946      325F7400 
 947              	.LASF16:
 948 01e6 73697A65 		.ascii	"sizetype\000"
 948      74797065 
 948      00
 949              	.LASF6:
 950 01ef 6C6F6E67 		.ascii	"long long int\000"
 950      206C6F6E 
 950      6720696E 
 950      7400
 951              	.LASF29:
 952 01fd 6D61696E 		.ascii	"main.c\000"
 952      2E6300
 953              	.LASF14:
 954 0204 63686172 		.ascii	"char\000"
 954      00
 955              	.LASF20:
 956 0209 55534255 		.ascii	"USBUART_GetChar\000"
 956      4152545F 
 956      47657443 
 956      68617200 
 957              	.LASF2:
 958 0219 73686F72 		.ascii	"short int\000"
 958      7420696E 
 958      7400
 959              	.LASF11:
 960 0223 75696E74 		.ascii	"uint8\000"
 960      3800
 961              	.LASF4:
 962 0229 6C6F6E67 		.ascii	"long int\000"
 962      20696E74 
 962      00
 963              	.LASF15:
 964 0232 6C6F6E67 		.ascii	"long double\000"
 964      20646F75 
 964      626C6500 
 965              	.LASF0:
 966 023e 7369676E 		.ascii	"signed char\000"
 966      65642063 
 966      68617200 
 967              		.ident	"GCC: (GNU Tools for ARM Embedded Processors) 5.4.1 20160609 (release) [ARM/embedded-5-bran
