ARM GAS  C:\Users\HALLER~1\AppData\Local\Temp\ccE3Jqar.s 			page 1


   1              		.syntax unified
   2              		.cpu cortex-m3
   3              		.fpu softvfp
   4              		.eabi_attribute 20, 1
   5              		.eabi_attribute 21, 1
   6              		.eabi_attribute 23, 3
   7              		.eabi_attribute 24, 1
   8              		.eabi_attribute 25, 1
   9              		.eabi_attribute 26, 1
  10              		.eabi_attribute 30, 1
  11              		.eabi_attribute 34, 1
  12              		.eabi_attribute 18, 4
  13              		.thumb
  14              		.syntax unified
  15              		.file	"transmitter.c"
  16              		.text
  17              	.Ltext0:
  18              		.cfi_sections	.debug_frame
  19              		.section	.text.changeState,"ax",%progbits
  20              		.align	2
  21              		.global	changeState
  22              		.thumb
  23              		.thumb_func
  24              		.type	changeState, %function
  25              	changeState:
  26              	.LFB63:
  27              		.file 1 "transmitter.c"
   1:transmitter.c **** /* ========================================
   2:transmitter.c ****  *
   3:transmitter.c ****  * Copyright YOUR COMPANY, THE YEAR
   4:transmitter.c ****  * All Rights Reserved
   5:transmitter.c ****  * UNPUBLISHED, LICENSED SOFTWARE.
   6:transmitter.c ****  *
   7:transmitter.c ****  * CONFIDENTIAL AND PROPRIETARY INFORMATION
   8:transmitter.c ****  * WHICH IS THE PROPERTY OF your company.
   9:transmitter.c ****  *
  10:transmitter.c ****  * ========================================
  11:transmitter.c **** */
  12:transmitter.c **** 
  13:transmitter.c **** #include "project.h"
  14:transmitter.c **** #include "globals.h"
  15:transmitter.c **** #include "transmitter.h"
  16:transmitter.c **** #include <stdlib.h>
  17:transmitter.c **** #include <stdbool.h>
  18:transmitter.c **** 
  19:transmitter.c **** void createAndSendMessage(char *text, int textSize, int destinationAddress);
  20:transmitter.c **** void sendMessage(uint8_t *message, int size);
  21:transmitter.c **** 
  22:transmitter.c **** enum states {IDLE, BUSY_HIGH, BUSY_LOW, COLLISION};
  23:transmitter.c **** enum states currentState = IDLE;
  24:transmitter.c **** bool collisionOccured = false;
  25:transmitter.c **** 
  26:transmitter.c **** void changeState(enum states nextState) {
  28              		.loc 1 26 0
  29              		.cfi_startproc
  30              		@ args = 0, pretend = 0, frame = 0
  31              		@ frame_needed = 0, uses_anonymous_args = 0
ARM GAS  C:\Users\HALLER~1\AppData\Local\Temp\ccE3Jqar.s 			page 2


  32              	.LVL0:
  33 0000 10B5     		push	{r4, lr}
  34              		.cfi_def_cfa_offset 8
  35              		.cfi_offset 4, -8
  36              		.cfi_offset 14, -4
  27:transmitter.c ****     if (nextState==IDLE) {
  37              		.loc 1 27 0
  38 0002 0446     		mov	r4, r0
  39 0004 48B9     		cbnz	r0, .L2
  28:transmitter.c ****         IDLE_PIN_Write(1);
  40              		.loc 1 28 0
  41 0006 0120     		movs	r0, #1
  42              	.LVL1:
  43 0008 FFF7FEFF 		bl	IDLE_PIN_Write
  44              	.LVL2:
  29:transmitter.c ****         BUSY_PIN_Write(0);
  45              		.loc 1 29 0
  46 000c 0020     		movs	r0, #0
  47 000e FFF7FEFF 		bl	BUSY_PIN_Write
  48              	.LVL3:
  30:transmitter.c ****         COLLISION_PIN_Write(0);
  49              		.loc 1 30 0
  50 0012 0020     		movs	r0, #0
  51 0014 FFF7FEFF 		bl	COLLISION_PIN_Write
  52              	.LVL4:
  53 0018 34E0     		b	.L3
  54              	.LVL5:
  55              	.L2:
  31:transmitter.c ****     }
  32:transmitter.c ****     else if (nextState==BUSY_HIGH) {
  56              		.loc 1 32 0
  57 001a 0128     		cmp	r0, #1
  58 001c 11D1     		bne	.L4
  33:transmitter.c ****         IDLE_PIN_Write(0);
  59              		.loc 1 33 0
  60 001e 0020     		movs	r0, #0
  61              	.LVL6:
  62 0020 FFF7FEFF 		bl	IDLE_PIN_Write
  63              	.LVL7:
  34:transmitter.c ****         BUSY_PIN_Write(1);
  64              		.loc 1 34 0
  65 0024 0120     		movs	r0, #1
  66 0026 FFF7FEFF 		bl	BUSY_PIN_Write
  67              	.LVL8:
  35:transmitter.c ****         COLLISION_PIN_Write(0);
  68              		.loc 1 35 0
  69 002a 0020     		movs	r0, #0
  70 002c FFF7FEFF 		bl	COLLISION_PIN_Write
  71              	.LVL9:
  36:transmitter.c ****         
  37:transmitter.c ****         TX_TIMER_Stop(); TX_TIMER_WriteCounter(12720);  TX_TIMER_Start(); //530 us
  72              		.loc 1 37 0
  73 0030 FFF7FEFF 		bl	TX_TIMER_Stop
  74              	.LVL10:
  75 0034 43F2B010 		movw	r0, #12720
  76 0038 FFF7FEFF 		bl	TX_TIMER_WriteCounter
  77              	.LVL11:
ARM GAS  C:\Users\HALLER~1\AppData\Local\Temp\ccE3Jqar.s 			page 3


  78 003c FFF7FEFF 		bl	TX_TIMER_Start
  79              	.LVL12:
  80 0040 20E0     		b	.L3
  81              	.LVL13:
  82              	.L4:
  38:transmitter.c ****     }
  39:transmitter.c ****     else if (nextState==BUSY_LOW) {
  83              		.loc 1 39 0
  84 0042 0228     		cmp	r0, #2
  85 0044 10D1     		bne	.L5
  40:transmitter.c ****         IDLE_PIN_Write(0);
  86              		.loc 1 40 0
  87 0046 0020     		movs	r0, #0
  88              	.LVL14:
  89 0048 FFF7FEFF 		bl	IDLE_PIN_Write
  90              	.LVL15:
  41:transmitter.c ****         BUSY_PIN_Write(1);
  91              		.loc 1 41 0
  92 004c 0120     		movs	r0, #1
  93 004e FFF7FEFF 		bl	BUSY_PIN_Write
  94              	.LVL16:
  42:transmitter.c ****         COLLISION_PIN_Write(0);
  95              		.loc 1 42 0
  96 0052 0020     		movs	r0, #0
  97 0054 FFF7FEFF 		bl	COLLISION_PIN_Write
  98              	.LVL17:
  43:transmitter.c ****         
  44:transmitter.c ****         TX_TIMER_Stop(); TX_TIMER_WriteCounter(196800); TX_TIMER_Start(); //8.2 ms
  99              		.loc 1 44 0
 100 0058 FFF7FEFF 		bl	TX_TIMER_Stop
 101              	.LVL18:
 102 005c 0B48     		ldr	r0, .L7
 103 005e FFF7FEFF 		bl	TX_TIMER_WriteCounter
 104              	.LVL19:
 105 0062 FFF7FEFF 		bl	TX_TIMER_Start
 106              	.LVL20:
 107 0066 0DE0     		b	.L3
 108              	.LVL21:
 109              	.L5:
  45:transmitter.c ****     }
  46:transmitter.c ****     else if (nextState==COLLISION) {
 110              		.loc 1 46 0
 111 0068 0328     		cmp	r0, #3
 112 006a 0BD1     		bne	.L3
  47:transmitter.c ****         IDLE_PIN_Write(0);
 113              		.loc 1 47 0
 114 006c 0020     		movs	r0, #0
 115              	.LVL22:
 116 006e FFF7FEFF 		bl	IDLE_PIN_Write
 117              	.LVL23:
  48:transmitter.c ****         BUSY_PIN_Write(0);
 118              		.loc 1 48 0
 119 0072 0020     		movs	r0, #0
 120 0074 FFF7FEFF 		bl	BUSY_PIN_Write
 121              	.LVL24:
  49:transmitter.c ****         COLLISION_PIN_Write(1);
 122              		.loc 1 49 0
ARM GAS  C:\Users\HALLER~1\AppData\Local\Temp\ccE3Jqar.s 			page 4


 123 0078 0120     		movs	r0, #1
 124 007a FFF7FEFF 		bl	COLLISION_PIN_Write
 125              	.LVL25:
  50:transmitter.c ****         collisionOccured = true;
 126              		.loc 1 50 0
 127 007e 0122     		movs	r2, #1
 128 0080 034B     		ldr	r3, .L7+4
 129 0082 1A70     		strb	r2, [r3]
 130              	.L3:
  51:transmitter.c ****     }
  52:transmitter.c ****     
  53:transmitter.c ****     currentState = nextState;
 131              		.loc 1 53 0
 132 0084 024B     		ldr	r3, .L7+4
 133 0086 5C70     		strb	r4, [r3, #1]
 134 0088 10BD     		pop	{r4, pc}
 135              	.L8:
 136 008a 00BF     		.align	2
 137              	.L7:
 138 008c C0000300 		.word	196800
 139 0090 00000000 		.word	.LANCHOR0
 140              		.cfi_endproc
 141              	.LFE63:
 142              		.size	changeState, .-changeState
 143              		.section	.text.transmitter_rx_handler,"ax",%progbits
 144              		.align	2
 145              		.global	transmitter_rx_handler
 146              		.thumb
 147              		.thumb_func
 148              		.type	transmitter_rx_handler, %function
 149              	transmitter_rx_handler:
 150              	.LFB64:
  54:transmitter.c **** }
  55:transmitter.c **** 
  56:transmitter.c **** void transmitter_rx_handler() {
 151              		.loc 1 56 0
 152              		.cfi_startproc
 153              		@ args = 0, pretend = 0, frame = 0
 154              		@ frame_needed = 0, uses_anonymous_args = 0
 155 0000 08B5     		push	{r3, lr}
 156              		.cfi_def_cfa_offset 8
 157              		.cfi_offset 3, -8
 158              		.cfi_offset 14, -4
  57:transmitter.c ****     if (currentState==IDLE && RX_PIN_Read()==1) changeState(BUSY_HIGH); //second checks are redunda
 159              		.loc 1 57 0
 160 0002 154B     		ldr	r3, .L15
 161 0004 5B78     		ldrb	r3, [r3, #1]	@ zero_extendqisi2
 162 0006 33B9     		cbnz	r3, .L10
 163              		.loc 1 57 0 is_stmt 0 discriminator 1
 164 0008 FFF7FEFF 		bl	RX_PIN_Read
 165              	.LVL26:
 166 000c 0128     		cmp	r0, #1
 167 000e 02D1     		bne	.L10
 168              		.loc 1 57 0 discriminator 2
 169 0010 FFF7FEFF 		bl	changeState
 170              	.LVL27:
 171 0014 08BD     		pop	{r3, pc}
ARM GAS  C:\Users\HALLER~1\AppData\Local\Temp\ccE3Jqar.s 			page 5


 172              	.L10:
  58:transmitter.c ****     else if (currentState==BUSY_HIGH && RX_PIN_Read()==0) changeState(BUSY_LOW);
 173              		.loc 1 58 0 is_stmt 1
 174 0016 104B     		ldr	r3, .L15
 175 0018 5B78     		ldrb	r3, [r3, #1]	@ zero_extendqisi2
 176 001a 012B     		cmp	r3, #1
 177 001c 06D1     		bne	.L12
 178              		.loc 1 58 0 is_stmt 0 discriminator 1
 179 001e FFF7FEFF 		bl	RX_PIN_Read
 180              	.LVL28:
 181 0022 18B9     		cbnz	r0, .L12
 182              		.loc 1 58 0 discriminator 2
 183 0024 0220     		movs	r0, #2
 184 0026 FFF7FEFF 		bl	changeState
 185              	.LVL29:
 186 002a 08BD     		pop	{r3, pc}
 187              	.L12:
  59:transmitter.c ****     else if (currentState==BUSY_LOW && RX_PIN_Read()==1) changeState(BUSY_HIGH);
 188              		.loc 1 59 0 is_stmt 1
 189 002c 0A4B     		ldr	r3, .L15
 190 002e 5B78     		ldrb	r3, [r3, #1]	@ zero_extendqisi2
 191 0030 022B     		cmp	r3, #2
 192 0032 06D1     		bne	.L13
 193              		.loc 1 59 0 is_stmt 0 discriminator 1
 194 0034 FFF7FEFF 		bl	RX_PIN_Read
 195              	.LVL30:
 196 0038 0128     		cmp	r0, #1
 197 003a 02D1     		bne	.L13
 198              		.loc 1 59 0 discriminator 2
 199 003c FFF7FEFF 		bl	changeState
 200              	.LVL31:
 201 0040 08BD     		pop	{r3, pc}
 202              	.L13:
  60:transmitter.c ****     else if (currentState==COLLISION && RX_PIN_Read()==0) changeState(BUSY_LOW);
 203              		.loc 1 60 0 is_stmt 1
 204 0042 054B     		ldr	r3, .L15
 205 0044 5B78     		ldrb	r3, [r3, #1]	@ zero_extendqisi2
 206 0046 032B     		cmp	r3, #3
 207 0048 05D1     		bne	.L9
 208              		.loc 1 60 0 is_stmt 0 discriminator 1
 209 004a FFF7FEFF 		bl	RX_PIN_Read
 210              	.LVL32:
 211 004e 10B9     		cbnz	r0, .L9
 212              		.loc 1 60 0 discriminator 2
 213 0050 0220     		movs	r0, #2
 214 0052 FFF7FEFF 		bl	changeState
 215              	.LVL33:
 216              	.L9:
 217 0056 08BD     		pop	{r3, pc}
 218              	.L16:
 219              		.align	2
 220              	.L15:
 221 0058 00000000 		.word	.LANCHOR0
 222              		.cfi_endproc
 223              	.LFE64:
 224              		.size	transmitter_rx_handler, .-transmitter_rx_handler
 225              		.section	.text.transmitter_timer_handler,"ax",%progbits
ARM GAS  C:\Users\HALLER~1\AppData\Local\Temp\ccE3Jqar.s 			page 6


 226              		.align	2
 227              		.global	transmitter_timer_handler
 228              		.thumb
 229              		.thumb_func
 230              		.type	transmitter_timer_handler, %function
 231              	transmitter_timer_handler:
 232              	.LFB65:
  61:transmitter.c **** }
  62:transmitter.c **** 
  63:transmitter.c **** void transmitter_timer_handler() {
 233              		.loc 1 63 0 is_stmt 1
 234              		.cfi_startproc
 235              		@ args = 0, pretend = 0, frame = 0
 236              		@ frame_needed = 0, uses_anonymous_args = 0
 237 0000 08B5     		push	{r3, lr}
 238              		.cfi_def_cfa_offset 8
 239              		.cfi_offset 3, -8
 240              		.cfi_offset 14, -4
  64:transmitter.c ****     if (currentState==BUSY_LOW) changeState(IDLE);
 241              		.loc 1 64 0
 242 0002 074B     		ldr	r3, .L21
 243 0004 5B78     		ldrb	r3, [r3, #1]	@ zero_extendqisi2
 244 0006 022B     		cmp	r3, #2
 245 0008 03D1     		bne	.L18
 246              		.loc 1 64 0 is_stmt 0 discriminator 1
 247 000a 0020     		movs	r0, #0
 248 000c FFF7FEFF 		bl	changeState
 249              	.LVL34:
 250 0010 08BD     		pop	{r3, pc}
 251              	.L18:
  65:transmitter.c ****     else if (currentState==BUSY_HIGH) changeState(COLLISION);
 252              		.loc 1 65 0 is_stmt 1
 253 0012 012B     		cmp	r3, #1
 254 0014 02D1     		bne	.L17
 255              		.loc 1 65 0 is_stmt 0 discriminator 1
 256 0016 0320     		movs	r0, #3
 257 0018 FFF7FEFF 		bl	changeState
 258              	.LVL35:
 259              	.L17:
 260 001c 08BD     		pop	{r3, pc}
 261              	.L22:
 262 001e 00BF     		.align	2
 263              	.L21:
 264 0020 00000000 		.word	.LANCHOR0
 265              		.cfi_endproc
 266              	.LFE65:
 267              		.size	transmitter_timer_handler, .-transmitter_timer_handler
 268              		.section	.text.sendMessage,"ax",%progbits
 269              		.align	2
 270              		.global	sendMessage
 271              		.thumb
 272              		.thumb_func
 273              		.type	sendMessage, %function
 274              	sendMessage:
 275              	.LFB68:
  66:transmitter.c **** }
  67:transmitter.c **** 
ARM GAS  C:\Users\HALLER~1\AppData\Local\Temp\ccE3Jqar.s 			page 7


  68:transmitter.c **** void transmitter_uart_handler(char c) {
  69:transmitter.c ****     static char text[44];
  70:transmitter.c ****     static int textSize = 0;
  71:transmitter.c ****     
  72:transmitter.c ****     if (c!='\r') {
  73:transmitter.c ****         USBUART_PutChar(c);
  74:transmitter.c ****         text[textSize++] = c;
  75:transmitter.c ****     }
  76:transmitter.c ****     else {
  77:transmitter.c ****         USBUART_PutString("\r\n");
  78:transmitter.c ****         createAndSendMessage(text, textSize, 0x08);
  79:transmitter.c ****         textSize = 0;
  80:transmitter.c ****     }
  81:transmitter.c **** }
  82:transmitter.c **** 
  83:transmitter.c **** void createAndSendMessage(char *text, int textSize, int destinationAddress) {
  84:transmitter.c ****     uint8_t message[52]; //7 header + 44 message + 1 CRC
  85:transmitter.c ****     int pos = 0;
  86:transmitter.c ****     
  87:transmitter.c ****     message[pos++] = 0x80; //Start of header
  88:transmitter.c ****     message[pos++] = 0x81; //Version number
  89:transmitter.c ****     message[pos++] = myAddress;
  90:transmitter.c ****     message[pos++] = destinationAddress;
  91:transmitter.c ****     message[pos++] = textSize;
  92:transmitter.c ****     message[pos++] = 0x80; //CRCs are not used
  93:transmitter.c ****     message[pos++] = 0xF7; //Header CRC is not used
  94:transmitter.c ****     for (int i = 0; i<textSize; i++) message[pos++] = text[i];
  95:transmitter.c ****     message[pos++] = 0xF7; //Message CRC is not used
  96:transmitter.c ****     
  97:transmitter.c ****     sendMessage(message, textSize+8);
  98:transmitter.c **** }
  99:transmitter.c **** 
 100:transmitter.c **** void sendMessage(uint8_t *message, int size) {
 276              		.loc 1 100 0 is_stmt 1
 277              		.cfi_startproc
 278              		@ args = 0, pretend = 0, frame = 0
 279              		@ frame_needed = 0, uses_anonymous_args = 0
 280              	.LVL36:
 281 0000 2DE9F041 		push	{r4, r5, r6, r7, r8, lr}
 282              		.cfi_def_cfa_offset 24
 283              		.cfi_offset 4, -24
 284              		.cfi_offset 5, -20
 285              		.cfi_offset 6, -16
 286              		.cfi_offset 7, -12
 287              		.cfi_offset 8, -8
 288              		.cfi_offset 14, -4
 289 0004 8046     		mov	r8, r0
 290 0006 0F46     		mov	r7, r1
 291              	.L24:
 101:transmitter.c ****     while (currentState!=IDLE);
 292              		.loc 1 101 0 discriminator 1
 293 0008 264B     		ldr	r3, .L35
 294 000a 5B78     		ldrb	r3, [r3, #1]	@ zero_extendqisi2
 295 000c 002B     		cmp	r3, #0
 296 000e FBD1     		bne	.L24
 102:transmitter.c ****     collisionOccured = false;
 297              		.loc 1 102 0
ARM GAS  C:\Users\HALLER~1\AppData\Local\Temp\ccE3Jqar.s 			page 8


 298 0010 0022     		movs	r2, #0
 299 0012 244B     		ldr	r3, .L35
 300 0014 1A70     		strb	r2, [r3]
 103:transmitter.c ****     transmitting = true;
 301              		.loc 1 103 0
 302 0016 0122     		movs	r2, #1
 303 0018 234B     		ldr	r3, .L35+4
 304 001a 1A70     		strb	r2, [r3]
 305              	.LVL37:
 306              	.L33:
 307              	.LBB2:
 104:transmitter.c ****     while (true) {
 105:transmitter.c ****         for (int i = 0; i<size; i++) {
 308              		.loc 1 105 0
 309 001c 0026     		movs	r6, #0
 310 001e 20E0     		b	.L25
 311              	.LVL38:
 312              	.L30:
 313              	.LBB3:
 106:transmitter.c ****             uint8 c = message[i] | 0x80; //MSB is always high
 314              		.loc 1 106 0
 315 0020 18F80650 		ldrb	r5, [r8, r6]	@ zero_extendqisi2
 316 0024 45F08005 		orr	r5, r5, #128
 317              	.LVL39:
 318              	.LBB4:
 107:transmitter.c ****             
 108:transmitter.c ****             for (int b = 7; b>=0; b--) {
 319              		.loc 1 108 0
 320 0028 0724     		movs	r4, #7
 321 002a 14E0     		b	.L26
 322              	.LVL40:
 323              	.L28:
 109:transmitter.c ****                 TX_PIN_Write((c>>b) & 0x01);
 324              		.loc 1 109 0
 325 002c 45FA04F0 		asr	r0, r5, r4
 326 0030 00F00100 		and	r0, r0, #1
 327 0034 FFF7FEFF 		bl	TX_PIN_Write
 328              	.LVL41:
 110:transmitter.c ****                 CyDelayUs(500);
 329              		.loc 1 110 0
 330 0038 4FF4FA70 		mov	r0, #500
 331 003c FFF7FEFF 		bl	CyDelayUs
 332              	.LVL42:
 111:transmitter.c ****                 TX_PIN_Write(0);
 333              		.loc 1 111 0
 334 0040 0020     		movs	r0, #0
 335 0042 FFF7FEFF 		bl	TX_PIN_Write
 336              	.LVL43:
 112:transmitter.c ****                 CyDelayUs(500);
 337              		.loc 1 112 0
 338 0046 4FF4FA70 		mov	r0, #500
 339 004a FFF7FEFF 		bl	CyDelayUs
 340              	.LVL44:
 113:transmitter.c ****                 
 114:transmitter.c ****                 if (collisionOccured) break;
 341              		.loc 1 114 0
 342 004e 154B     		ldr	r3, .L35
ARM GAS  C:\Users\HALLER~1\AppData\Local\Temp\ccE3Jqar.s 			page 9


 343 0050 1B78     		ldrb	r3, [r3]	@ zero_extendqisi2
 344 0052 13B9     		cbnz	r3, .L27
 108:transmitter.c ****                 TX_PIN_Write((c>>b) & 0x01);
 345              		.loc 1 108 0 discriminator 2
 346 0054 013C     		subs	r4, r4, #1
 347              	.LVL45:
 348              	.L26:
 108:transmitter.c ****                 TX_PIN_Write((c>>b) & 0x01);
 349              		.loc 1 108 0 is_stmt 0 discriminator 1
 350 0056 002C     		cmp	r4, #0
 351 0058 E8DA     		bge	.L28
 352              	.L27:
 353              	.LBE4:
 115:transmitter.c ****             }
 116:transmitter.c ****             
 117:transmitter.c ****             if (collisionOccured) break;
 354              		.loc 1 117 0 is_stmt 1
 355 005a 124B     		ldr	r3, .L35
 356 005c 1B78     		ldrb	r3, [r3]	@ zero_extendqisi2
 357 005e 13B9     		cbnz	r3, .L29
 358              	.LBE3:
 105:transmitter.c ****             uint8 c = message[i] | 0x80; //MSB is always high
 359              		.loc 1 105 0 discriminator 2
 360 0060 0136     		adds	r6, r6, #1
 361              	.LVL46:
 362              	.L25:
 105:transmitter.c ****             uint8 c = message[i] | 0x80; //MSB is always high
 363              		.loc 1 105 0 is_stmt 0 discriminator 1
 364 0062 BE42     		cmp	r6, r7
 365 0064 DCDB     		blt	.L30
 366              	.L29:
 367              	.LBE2:
 118:transmitter.c ****         }
 119:transmitter.c ****         
 120:transmitter.c ****         if (collisionOccured) {
 368              		.loc 1 120 0 is_stmt 1
 369 0066 0F4B     		ldr	r3, .L35
 370 0068 1B78     		ldrb	r3, [r3]	@ zero_extendqisi2
 371 006a ABB1     		cbz	r3, .L31
 121:transmitter.c ****             CyDelay(rand()%1000);
 372              		.loc 1 121 0
 373 006c FFF7FEFF 		bl	rand
 374              	.LVL47:
 375 0070 0E4B     		ldr	r3, .L35+8
 376 0072 83FB0032 		smull	r3, r2, r3, r0
 377 0076 C317     		asrs	r3, r0, #31
 378 0078 C3EBA213 		rsb	r3, r3, r2, asr #6
 379 007c 4FF47A72 		mov	r2, #1000
 380 0080 02FB1300 		mls	r0, r2, r3, r0
 381 0084 FFF7FEFF 		bl	CyDelay
 382              	.LVL48:
 383              	.L32:
 122:transmitter.c ****             while (currentState!=IDLE);
 384              		.loc 1 122 0 discriminator 1
 385 0088 064B     		ldr	r3, .L35
 386 008a 5B78     		ldrb	r3, [r3, #1]	@ zero_extendqisi2
 387 008c 002B     		cmp	r3, #0
ARM GAS  C:\Users\HALLER~1\AppData\Local\Temp\ccE3Jqar.s 			page 10


 388 008e FBD1     		bne	.L32
 123:transmitter.c ****             collisionOccured = false;
 389              		.loc 1 123 0
 390 0090 0022     		movs	r2, #0
 391 0092 044B     		ldr	r3, .L35
 392 0094 1A70     		strb	r2, [r3]
 124:transmitter.c ****         }
 125:transmitter.c ****         else break;
 126:transmitter.c ****     }
 393              		.loc 1 126 0
 394 0096 C1E7     		b	.L33
 395              	.L31:
 127:transmitter.c ****     
 128:transmitter.c ****     transmitting = false;
 396              		.loc 1 128 0
 397 0098 0022     		movs	r2, #0
 398 009a 034B     		ldr	r3, .L35+4
 399 009c 1A70     		strb	r2, [r3]
 400 009e BDE8F081 		pop	{r4, r5, r6, r7, r8, pc}
 401              	.LVL49:
 402              	.L36:
 403 00a2 00BF     		.align	2
 404              	.L35:
 405 00a4 00000000 		.word	.LANCHOR0
 406 00a8 00000000 		.word	transmitting
 407 00ac D34D6210 		.word	274877907
 408              		.cfi_endproc
 409              	.LFE68:
 410              		.size	sendMessage, .-sendMessage
 411              		.section	.text.createAndSendMessage,"ax",%progbits
 412              		.align	2
 413              		.global	createAndSendMessage
 414              		.thumb
 415              		.thumb_func
 416              		.type	createAndSendMessage, %function
 417              	createAndSendMessage:
 418              	.LFB67:
  83:transmitter.c ****     uint8_t message[52]; //7 header + 44 message + 1 CRC
 419              		.loc 1 83 0
 420              		.cfi_startproc
 421              		@ args = 0, pretend = 0, frame = 56
 422              		@ frame_needed = 0, uses_anonymous_args = 0
 423              	.LVL50:
 424 0000 30B5     		push	{r4, r5, lr}
 425              		.cfi_def_cfa_offset 12
 426              		.cfi_offset 4, -12
 427              		.cfi_offset 5, -8
 428              		.cfi_offset 14, -4
 429 0002 8FB0     		sub	sp, sp, #60
 430              		.cfi_def_cfa_offset 72
 431              	.LVL51:
  87:transmitter.c ****     message[pos++] = 0x81; //Version number
 432              		.loc 1 87 0
 433 0004 8023     		movs	r3, #128
 434 0006 8DF80430 		strb	r3, [sp, #4]
 435              	.LVL52:
  88:transmitter.c ****     message[pos++] = myAddress;
ARM GAS  C:\Users\HALLER~1\AppData\Local\Temp\ccE3Jqar.s 			page 11


 436              		.loc 1 88 0
 437 000a 8124     		movs	r4, #129
 438 000c 8DF80540 		strb	r4, [sp, #5]
 439              	.LVL53:
  89:transmitter.c ****     message[pos++] = destinationAddress;
 440              		.loc 1 89 0
 441 0010 114C     		ldr	r4, .L41
 442 0012 2478     		ldrb	r4, [r4]	@ zero_extendqisi2
 443 0014 8DF80640 		strb	r4, [sp, #6]
 444              	.LVL54:
  90:transmitter.c ****     message[pos++] = textSize;
 445              		.loc 1 90 0
 446 0018 8DF80720 		strb	r2, [sp, #7]
 447              	.LVL55:
  91:transmitter.c ****     message[pos++] = 0x80; //CRCs are not used
 448              		.loc 1 91 0
 449 001c 8DF80810 		strb	r1, [sp, #8]
 450              	.LVL56:
  92:transmitter.c ****     message[pos++] = 0xF7; //Header CRC is not used
 451              		.loc 1 92 0
 452 0020 8DF80930 		strb	r3, [sp, #9]
 453              	.LVL57:
  93:transmitter.c ****     for (int i = 0; i<textSize; i++) message[pos++] = text[i];
 454              		.loc 1 93 0
 455 0024 F723     		movs	r3, #247
 456 0026 8DF80A30 		strb	r3, [sp, #10]
 457              	.LVL58:
 458              	.LBB5:
  94:transmitter.c ****     message[pos++] = 0xF7; //Message CRC is not used
 459              		.loc 1 94 0
 460 002a 0023     		movs	r3, #0
 461              	.LBE5:
  93:transmitter.c ****     for (int i = 0; i<textSize; i++) message[pos++] = text[i];
 462              		.loc 1 93 0
 463 002c 0722     		movs	r2, #7
 464              	.LVL59:
 465              	.LBB6:
  94:transmitter.c ****     message[pos++] = 0xF7; //Message CRC is not used
 466              		.loc 1 94 0
 467 002e 06E0     		b	.L38
 468              	.LVL60:
 469              	.L39:
  94:transmitter.c ****     message[pos++] = 0xF7; //Message CRC is not used
 470              		.loc 1 94 0 is_stmt 0 discriminator 3
 471 0030 C55C     		ldrb	r5, [r0, r3]	@ zero_extendqisi2
 472 0032 0EAC     		add	r4, sp, #56
 473 0034 1444     		add	r4, r4, r2
 474 0036 04F8345C 		strb	r5, [r4, #-52]
 475 003a 0133     		adds	r3, r3, #1
 476              	.LVL61:
 477 003c 0132     		adds	r2, r2, #1
 478              	.LVL62:
 479              	.L38:
  94:transmitter.c ****     message[pos++] = 0xF7; //Message CRC is not used
 480              		.loc 1 94 0 discriminator 1
 481 003e 8B42     		cmp	r3, r1
 482 0040 F6DB     		blt	.L39
ARM GAS  C:\Users\HALLER~1\AppData\Local\Temp\ccE3Jqar.s 			page 12


 483              	.LVL63:
 484              	.LBE6:
  95:transmitter.c ****     
 485              		.loc 1 95 0 is_stmt 1
 486 0042 0EAB     		add	r3, sp, #56
 487              	.LVL64:
 488 0044 1A44     		add	r2, r2, r3
 489              	.LVL65:
 490 0046 F723     		movs	r3, #247
 491 0048 02F8343C 		strb	r3, [r2, #-52]
  97:transmitter.c **** }
 492              		.loc 1 97 0
 493 004c 0831     		adds	r1, r1, #8
 494              	.LVL66:
 495 004e 01A8     		add	r0, sp, #4
 496              	.LVL67:
 497 0050 FFF7FEFF 		bl	sendMessage
 498              	.LVL68:
  98:transmitter.c **** 
 499              		.loc 1 98 0
 500 0054 0FB0     		add	sp, sp, #60
 501              		.cfi_def_cfa_offset 12
 502              		@ sp needed
 503 0056 30BD     		pop	{r4, r5, pc}
 504              	.L42:
 505              		.align	2
 506              	.L41:
 507 0058 00000000 		.word	myAddress
 508              		.cfi_endproc
 509              	.LFE67:
 510              		.size	createAndSendMessage, .-createAndSendMessage
 511              		.section	.text.transmitter_uart_handler,"ax",%progbits
 512              		.align	2
 513              		.global	transmitter_uart_handler
 514              		.thumb
 515              		.thumb_func
 516              		.type	transmitter_uart_handler, %function
 517              	transmitter_uart_handler:
 518              	.LFB66:
  68:transmitter.c ****     static char text[44];
 519              		.loc 1 68 0
 520              		.cfi_startproc
 521              		@ args = 0, pretend = 0, frame = 0
 522              		@ frame_needed = 0, uses_anonymous_args = 0
 523              	.LVL69:
 524 0000 10B5     		push	{r4, lr}
 525              		.cfi_def_cfa_offset 8
 526              		.cfi_offset 4, -8
 527              		.cfi_offset 14, -4
  72:transmitter.c ****         USBUART_PutChar(c);
 528              		.loc 1 72 0
 529 0002 0D28     		cmp	r0, #13
 530 0004 09D0     		beq	.L44
 531 0006 0446     		mov	r4, r0
  73:transmitter.c ****         text[textSize++] = c;
 532              		.loc 1 73 0
 533 0008 FFF7FEFF 		bl	USBUART_PutChar
ARM GAS  C:\Users\HALLER~1\AppData\Local\Temp\ccE3Jqar.s 			page 13


 534              	.LVL70:
  74:transmitter.c ****     }
 535              		.loc 1 74 0
 536 000c 094A     		ldr	r2, .L47
 537 000e 5368     		ldr	r3, [r2, #4]
 538 0010 591C     		adds	r1, r3, #1
 539 0012 5160     		str	r1, [r2, #4]
 540 0014 1344     		add	r3, r3, r2
 541 0016 1C72     		strb	r4, [r3, #8]
 542 0018 10BD     		pop	{r4, pc}
 543              	.LVL71:
 544              	.L44:
  77:transmitter.c ****         createAndSendMessage(text, textSize, 0x08);
 545              		.loc 1 77 0
 546 001a 0748     		ldr	r0, .L47+4
 547              	.LVL72:
 548 001c FFF7FEFF 		bl	USBUART_PutString
 549              	.LVL73:
  78:transmitter.c ****         textSize = 0;
 550              		.loc 1 78 0
 551 0020 044C     		ldr	r4, .L47
 552 0022 0822     		movs	r2, #8
 553 0024 6168     		ldr	r1, [r4, #4]
 554 0026 A018     		adds	r0, r4, r2
 555 0028 FFF7FEFF 		bl	createAndSendMessage
 556              	.LVL74:
  79:transmitter.c ****     }
 557              		.loc 1 79 0
 558 002c 0023     		movs	r3, #0
 559 002e 6360     		str	r3, [r4, #4]
 560 0030 10BD     		pop	{r4, pc}
 561              	.L48:
 562 0032 00BF     		.align	2
 563              	.L47:
 564 0034 00000000 		.word	.LANCHOR0
 565 0038 00000000 		.word	.LC0
 566              		.cfi_endproc
 567              	.LFE66:
 568              		.size	transmitter_uart_handler, .-transmitter_uart_handler
 569              		.global	collisionOccured
 570              		.global	currentState
 571              		.section	.rodata.str1.4,"aMS",%progbits,1
 572              		.align	2
 573              	.LC0:
 574 0000 0D0A00   		.ascii	"\015\012\000"
 575              		.bss
 576              		.align	2
 577              		.set	.LANCHOR0,. + 0
 578              		.type	collisionOccured, %object
 579              		.size	collisionOccured, 1
 580              	collisionOccured:
 581 0000 00       		.space	1
 582              		.type	currentState, %object
 583              		.size	currentState, 1
 584              	currentState:
 585 0001 00       		.space	1
 586 0002 0000     		.space	2
ARM GAS  C:\Users\HALLER~1\AppData\Local\Temp\ccE3Jqar.s 			page 14


 587              		.type	textSize.6495, %object
 588              		.size	textSize.6495, 4
 589              	textSize.6495:
 590 0004 00000000 		.space	4
 591              		.type	text.6494, %object
 592              		.size	text.6494, 44
 593              	text.6494:
 594 0008 00000000 		.space	44
 594      00000000 
 594      00000000 
 594      00000000 
 594      00000000 
 595              		.text
 596              	.Letext0:
 597              		.file 2 "c:\\program files (x86)\\cypress\\psoc creator\\4.1\\psoc creator\\import\\gnu\\arm\\5.4.
 598              		.file 3 "c:\\program files (x86)\\cypress\\psoc creator\\4.1\\psoc creator\\import\\gnu\\arm\\5.4.
 599              		.file 4 "Generated_Source\\PSoC5/cytypes.h"
 600              		.file 5 "Generated_Source\\PSoC5/core_cm3.h"
 601              		.file 6 "globals.h"
 602              		.file 7 "Generated_Source\\PSoC5/IDLE_PIN.h"
 603              		.file 8 "Generated_Source\\PSoC5/BUSY_PIN.h"
 604              		.file 9 "Generated_Source\\PSoC5/COLLISION_PIN.h"
 605              		.file 10 "Generated_Source\\PSoC5/TX_TIMER.h"
 606              		.file 11 "Generated_Source\\PSoC5/RX_PIN.h"
 607              		.file 12 "Generated_Source\\PSoC5/TX_PIN.h"
 608              		.file 13 "Generated_Source\\PSoC5/CyLib.h"
 609              		.file 14 "c:\\program files (x86)\\cypress\\psoc creator\\4.1\\psoc creator\\import\\gnu\\arm\\5.4
 610              		.file 15 "Generated_Source\\PSoC5/USBUART_cdc.h"
 611              		.section	.debug_info,"",%progbits
 612              	.Ldebug_info0:
 613 0000 EA050000 		.4byte	0x5ea
 614 0004 0400     		.2byte	0x4
 615 0006 00000000 		.4byte	.Ldebug_abbrev0
 616 000a 04       		.byte	0x4
 617 000b 01       		.uleb128 0x1
 618 000c B1000000 		.4byte	.LASF54
 619 0010 0C       		.byte	0xc
 620 0011 83020000 		.4byte	.LASF55
 621 0015 D4010000 		.4byte	.LASF56
 622 0019 18000000 		.4byte	.Ldebug_ranges0+0x18
 623 001d 00000000 		.4byte	0
 624 0021 00000000 		.4byte	.Ldebug_line0
 625 0025 02       		.uleb128 0x2
 626 0026 01       		.byte	0x1
 627 0027 06       		.byte	0x6
 628 0028 30030000 		.4byte	.LASF0
 629 002c 03       		.uleb128 0x3
 630 002d 1C000000 		.4byte	.LASF4
 631 0031 02       		.byte	0x2
 632 0032 1D       		.byte	0x1d
 633 0033 37000000 		.4byte	0x37
 634 0037 02       		.uleb128 0x2
 635 0038 01       		.byte	0x1
 636 0039 08       		.byte	0x8
 637 003a BA010000 		.4byte	.LASF1
 638 003e 02       		.uleb128 0x2
 639 003f 02       		.byte	0x2
ARM GAS  C:\Users\HALLER~1\AppData\Local\Temp\ccE3Jqar.s 			page 15


 640 0040 05       		.byte	0x5
 641 0041 D3020000 		.4byte	.LASF2
 642 0045 02       		.uleb128 0x2
 643 0046 02       		.byte	0x2
 644 0047 07       		.byte	0x7
 645 0048 80010000 		.4byte	.LASF3
 646 004c 03       		.uleb128 0x3
 647 004d 32000000 		.4byte	.LASF5
 648 0051 02       		.byte	0x2
 649 0052 3F       		.byte	0x3f
 650 0053 57000000 		.4byte	0x57
 651 0057 02       		.uleb128 0x2
 652 0058 04       		.byte	0x4
 653 0059 05       		.byte	0x5
 654 005a A4010000 		.4byte	.LASF6
 655 005e 02       		.uleb128 0x2
 656 005f 04       		.byte	0x4
 657 0060 07       		.byte	0x7
 658 0061 65010000 		.4byte	.LASF7
 659 0065 02       		.uleb128 0x2
 660 0066 08       		.byte	0x8
 661 0067 05       		.byte	0x5
 662 0068 3C000000 		.4byte	.LASF8
 663 006c 02       		.uleb128 0x2
 664 006d 08       		.byte	0x8
 665 006e 07       		.byte	0x7
 666 006f 86000000 		.4byte	.LASF9
 667 0073 04       		.uleb128 0x4
 668 0074 04       		.byte	0x4
 669 0075 05       		.byte	0x5
 670 0076 696E7400 		.ascii	"int\000"
 671 007a 02       		.uleb128 0x2
 672 007b 04       		.byte	0x4
 673 007c 07       		.byte	0x7
 674 007d 43020000 		.4byte	.LASF10
 675 0081 03       		.uleb128 0x3
 676 0082 55020000 		.4byte	.LASF11
 677 0086 03       		.byte	0x3
 678 0087 18       		.byte	0x18
 679 0088 2C000000 		.4byte	0x2c
 680 008c 03       		.uleb128 0x3
 681 008d 91020000 		.4byte	.LASF12
 682 0091 03       		.byte	0x3
 683 0092 2C       		.byte	0x2c
 684 0093 4C000000 		.4byte	0x4c
 685 0097 05       		.uleb128 0x5
 686 0098 DD020000 		.4byte	.LASF13
 687 009c 04       		.byte	0x4
 688 009d 9201     		.2byte	0x192
 689 009f 37000000 		.4byte	0x37
 690 00a3 02       		.uleb128 0x2
 691 00a4 04       		.byte	0x4
 692 00a5 04       		.byte	0x4
 693 00a6 80000000 		.4byte	.LASF14
 694 00aa 02       		.uleb128 0x2
 695 00ab 08       		.byte	0x8
 696 00ac 04       		.byte	0x4
ARM GAS  C:\Users\HALLER~1\AppData\Local\Temp\ccE3Jqar.s 			page 16


 697 00ad 61000000 		.4byte	.LASF15
 698 00b1 02       		.uleb128 0x2
 699 00b2 01       		.byte	0x1
 700 00b3 08       		.byte	0x8
 701 00b4 50020000 		.4byte	.LASF16
 702 00b8 02       		.uleb128 0x2
 703 00b9 08       		.byte	0x8
 704 00ba 04       		.byte	0x4
 705 00bb 17030000 		.4byte	.LASF17
 706 00bf 02       		.uleb128 0x2
 707 00c0 04       		.byte	0x4
 708 00c1 07       		.byte	0x7
 709 00c2 99020000 		.4byte	.LASF18
 710 00c6 06       		.uleb128 0x6
 711 00c7 04       		.byte	0x4
 712 00c8 B1000000 		.4byte	0xb1
 713 00cc 07       		.uleb128 0x7
 714 00cd C2020000 		.4byte	.LASF57
 715 00d1 01       		.byte	0x1
 716 00d2 37000000 		.4byte	0x37
 717 00d6 01       		.byte	0x1
 718 00d7 16       		.byte	0x16
 719 00d8 F5000000 		.4byte	0xf5
 720 00dc 08       		.uleb128 0x8
 721 00dd 4A000000 		.4byte	.LASF19
 722 00e1 00       		.byte	0
 723 00e2 08       		.uleb128 0x8
 724 00e3 68030000 		.4byte	.LASF20
 725 00e7 01       		.byte	0x1
 726 00e8 08       		.uleb128 0x8
 727 00e9 77010000 		.4byte	.LASF21
 728 00ed 02       		.byte	0x2
 729 00ee 08       		.uleb128 0x8
 730 00ef A2020000 		.4byte	.LASF22
 731 00f3 03       		.byte	0x3
 732 00f4 00       		.byte	0
 733 00f5 09       		.uleb128 0x9
 734 00f6 77020000 		.4byte	.LASF25
 735 00fa 01       		.byte	0x1
 736 00fb 1A       		.byte	0x1a
 737 00fc 00000000 		.4byte	.LFB63
 738 0100 94000000 		.4byte	.LFE63-.LFB63
 739 0104 01       		.uleb128 0x1
 740 0105 9C       		.byte	0x9c
 741 0106 4A020000 		.4byte	0x24a
 742 010a 0A       		.uleb128 0xa
 743 010b C9020000 		.4byte	.LASF27
 744 010f 01       		.byte	0x1
 745 0110 1A       		.byte	0x1a
 746 0111 CC000000 		.4byte	0xcc
 747 0115 00000000 		.4byte	.LLST0
 748 0119 0B       		.uleb128 0xb
 749 011a 0C000000 		.4byte	.LVL2
 750 011e 5E050000 		.4byte	0x55e
 751 0122 2C010000 		.4byte	0x12c
 752 0126 0C       		.uleb128 0xc
 753 0127 01       		.uleb128 0x1
ARM GAS  C:\Users\HALLER~1\AppData\Local\Temp\ccE3Jqar.s 			page 17


 754 0128 50       		.byte	0x50
 755 0129 01       		.uleb128 0x1
 756 012a 31       		.byte	0x31
 757 012b 00       		.byte	0
 758 012c 0B       		.uleb128 0xb
 759 012d 12000000 		.4byte	.LVL3
 760 0131 69050000 		.4byte	0x569
 761 0135 3F010000 		.4byte	0x13f
 762 0139 0C       		.uleb128 0xc
 763 013a 01       		.uleb128 0x1
 764 013b 50       		.byte	0x50
 765 013c 01       		.uleb128 0x1
 766 013d 30       		.byte	0x30
 767 013e 00       		.byte	0
 768 013f 0B       		.uleb128 0xb
 769 0140 18000000 		.4byte	.LVL4
 770 0144 74050000 		.4byte	0x574
 771 0148 52010000 		.4byte	0x152
 772 014c 0C       		.uleb128 0xc
 773 014d 01       		.uleb128 0x1
 774 014e 50       		.byte	0x50
 775 014f 01       		.uleb128 0x1
 776 0150 30       		.byte	0x30
 777 0151 00       		.byte	0
 778 0152 0B       		.uleb128 0xb
 779 0153 24000000 		.4byte	.LVL7
 780 0157 5E050000 		.4byte	0x55e
 781 015b 65010000 		.4byte	0x165
 782 015f 0C       		.uleb128 0xc
 783 0160 01       		.uleb128 0x1
 784 0161 50       		.byte	0x50
 785 0162 01       		.uleb128 0x1
 786 0163 30       		.byte	0x30
 787 0164 00       		.byte	0
 788 0165 0B       		.uleb128 0xb
 789 0166 2A000000 		.4byte	.LVL8
 790 016a 69050000 		.4byte	0x569
 791 016e 78010000 		.4byte	0x178
 792 0172 0C       		.uleb128 0xc
 793 0173 01       		.uleb128 0x1
 794 0174 50       		.byte	0x50
 795 0175 01       		.uleb128 0x1
 796 0176 31       		.byte	0x31
 797 0177 00       		.byte	0
 798 0178 0B       		.uleb128 0xb
 799 0179 30000000 		.4byte	.LVL9
 800 017d 74050000 		.4byte	0x574
 801 0181 8B010000 		.4byte	0x18b
 802 0185 0C       		.uleb128 0xc
 803 0186 01       		.uleb128 0x1
 804 0187 50       		.byte	0x50
 805 0188 01       		.uleb128 0x1
 806 0189 30       		.byte	0x30
 807 018a 00       		.byte	0
 808 018b 0D       		.uleb128 0xd
 809 018c 34000000 		.4byte	.LVL10
 810 0190 7F050000 		.4byte	0x57f
ARM GAS  C:\Users\HALLER~1\AppData\Local\Temp\ccE3Jqar.s 			page 18


 811 0194 0B       		.uleb128 0xb
 812 0195 3C000000 		.4byte	.LVL11
 813 0199 8A050000 		.4byte	0x58a
 814 019d A9010000 		.4byte	0x1a9
 815 01a1 0C       		.uleb128 0xc
 816 01a2 01       		.uleb128 0x1
 817 01a3 50       		.byte	0x50
 818 01a4 03       		.uleb128 0x3
 819 01a5 0A       		.byte	0xa
 820 01a6 B031     		.2byte	0x31b0
 821 01a8 00       		.byte	0
 822 01a9 0D       		.uleb128 0xd
 823 01aa 40000000 		.4byte	.LVL12
 824 01ae 95050000 		.4byte	0x595
 825 01b2 0B       		.uleb128 0xb
 826 01b3 4C000000 		.4byte	.LVL15
 827 01b7 5E050000 		.4byte	0x55e
 828 01bb C5010000 		.4byte	0x1c5
 829 01bf 0C       		.uleb128 0xc
 830 01c0 01       		.uleb128 0x1
 831 01c1 50       		.byte	0x50
 832 01c2 01       		.uleb128 0x1
 833 01c3 30       		.byte	0x30
 834 01c4 00       		.byte	0
 835 01c5 0B       		.uleb128 0xb
 836 01c6 52000000 		.4byte	.LVL16
 837 01ca 69050000 		.4byte	0x569
 838 01ce D8010000 		.4byte	0x1d8
 839 01d2 0C       		.uleb128 0xc
 840 01d3 01       		.uleb128 0x1
 841 01d4 50       		.byte	0x50
 842 01d5 01       		.uleb128 0x1
 843 01d6 31       		.byte	0x31
 844 01d7 00       		.byte	0
 845 01d8 0B       		.uleb128 0xb
 846 01d9 58000000 		.4byte	.LVL17
 847 01dd 74050000 		.4byte	0x574
 848 01e1 EB010000 		.4byte	0x1eb
 849 01e5 0C       		.uleb128 0xc
 850 01e6 01       		.uleb128 0x1
 851 01e7 50       		.byte	0x50
 852 01e8 01       		.uleb128 0x1
 853 01e9 30       		.byte	0x30
 854 01ea 00       		.byte	0
 855 01eb 0D       		.uleb128 0xd
 856 01ec 5C000000 		.4byte	.LVL18
 857 01f0 7F050000 		.4byte	0x57f
 858 01f4 0B       		.uleb128 0xb
 859 01f5 62000000 		.4byte	.LVL19
 860 01f9 8A050000 		.4byte	0x58a
 861 01fd 0B020000 		.4byte	0x20b
 862 0201 0C       		.uleb128 0xc
 863 0202 01       		.uleb128 0x1
 864 0203 50       		.byte	0x50
 865 0204 05       		.uleb128 0x5
 866 0205 0C       		.byte	0xc
 867 0206 C0000300 		.4byte	0x300c0
ARM GAS  C:\Users\HALLER~1\AppData\Local\Temp\ccE3Jqar.s 			page 19


 868 020a 00       		.byte	0
 869 020b 0D       		.uleb128 0xd
 870 020c 66000000 		.4byte	.LVL20
 871 0210 95050000 		.4byte	0x595
 872 0214 0B       		.uleb128 0xb
 873 0215 72000000 		.4byte	.LVL23
 874 0219 5E050000 		.4byte	0x55e
 875 021d 27020000 		.4byte	0x227
 876 0221 0C       		.uleb128 0xc
 877 0222 01       		.uleb128 0x1
 878 0223 50       		.byte	0x50
 879 0224 01       		.uleb128 0x1
 880 0225 30       		.byte	0x30
 881 0226 00       		.byte	0
 882 0227 0B       		.uleb128 0xb
 883 0228 78000000 		.4byte	.LVL24
 884 022c 69050000 		.4byte	0x569
 885 0230 3A020000 		.4byte	0x23a
 886 0234 0C       		.uleb128 0xc
 887 0235 01       		.uleb128 0x1
 888 0236 50       		.byte	0x50
 889 0237 01       		.uleb128 0x1
 890 0238 30       		.byte	0x30
 891 0239 00       		.byte	0
 892 023a 0E       		.uleb128 0xe
 893 023b 7E000000 		.4byte	.LVL25
 894 023f 74050000 		.4byte	0x574
 895 0243 0C       		.uleb128 0xc
 896 0244 01       		.uleb128 0x1
 897 0245 50       		.byte	0x50
 898 0246 01       		.uleb128 0x1
 899 0247 31       		.byte	0x31
 900 0248 00       		.byte	0
 901 0249 00       		.byte	0
 902 024a 0F       		.uleb128 0xf
 903 024b 2C020000 		.4byte	.LASF23
 904 024f 01       		.byte	0x1
 905 0250 38       		.byte	0x38
 906 0251 00000000 		.4byte	.LFB64
 907 0255 5C000000 		.4byte	.LFE64-.LFB64
 908 0259 01       		.uleb128 0x1
 909 025a 9C       		.byte	0x9c
 910 025b B8020000 		.4byte	0x2b8
 911 025f 0D       		.uleb128 0xd
 912 0260 0C000000 		.4byte	.LVL26
 913 0264 A0050000 		.4byte	0x5a0
 914 0268 0D       		.uleb128 0xd
 915 0269 14000000 		.4byte	.LVL27
 916 026d F5000000 		.4byte	0xf5
 917 0271 0D       		.uleb128 0xd
 918 0272 22000000 		.4byte	.LVL28
 919 0276 A0050000 		.4byte	0x5a0
 920 027a 0B       		.uleb128 0xb
 921 027b 2A000000 		.4byte	.LVL29
 922 027f F5000000 		.4byte	0xf5
 923 0283 8D020000 		.4byte	0x28d
 924 0287 0C       		.uleb128 0xc
ARM GAS  C:\Users\HALLER~1\AppData\Local\Temp\ccE3Jqar.s 			page 20


 925 0288 01       		.uleb128 0x1
 926 0289 50       		.byte	0x50
 927 028a 01       		.uleb128 0x1
 928 028b 32       		.byte	0x32
 929 028c 00       		.byte	0
 930 028d 0D       		.uleb128 0xd
 931 028e 38000000 		.4byte	.LVL30
 932 0292 A0050000 		.4byte	0x5a0
 933 0296 0D       		.uleb128 0xd
 934 0297 40000000 		.4byte	.LVL31
 935 029b F5000000 		.4byte	0xf5
 936 029f 0D       		.uleb128 0xd
 937 02a0 4E000000 		.4byte	.LVL32
 938 02a4 A0050000 		.4byte	0x5a0
 939 02a8 0E       		.uleb128 0xe
 940 02a9 56000000 		.4byte	.LVL33
 941 02ad F5000000 		.4byte	0xf5
 942 02b1 0C       		.uleb128 0xc
 943 02b2 01       		.uleb128 0x1
 944 02b3 50       		.byte	0x50
 945 02b4 01       		.uleb128 0x1
 946 02b5 32       		.byte	0x32
 947 02b6 00       		.byte	0
 948 02b7 00       		.byte	0
 949 02b8 0F       		.uleb128 0xf
 950 02b9 5D020000 		.4byte	.LASF24
 951 02bd 01       		.byte	0x1
 952 02be 3F       		.byte	0x3f
 953 02bf 00000000 		.4byte	.LFB65
 954 02c3 24000000 		.4byte	.LFE65-.LFB65
 955 02c7 01       		.uleb128 0x1
 956 02c8 9C       		.byte	0x9c
 957 02c9 F0020000 		.4byte	0x2f0
 958 02cd 0B       		.uleb128 0xb
 959 02ce 10000000 		.4byte	.LVL34
 960 02d2 F5000000 		.4byte	0xf5
 961 02d6 E0020000 		.4byte	0x2e0
 962 02da 0C       		.uleb128 0xc
 963 02db 01       		.uleb128 0x1
 964 02dc 50       		.byte	0x50
 965 02dd 01       		.uleb128 0x1
 966 02de 30       		.byte	0x30
 967 02df 00       		.byte	0
 968 02e0 0E       		.uleb128 0xe
 969 02e1 1C000000 		.4byte	.LVL35
 970 02e5 F5000000 		.4byte	0xf5
 971 02e9 0C       		.uleb128 0xc
 972 02ea 01       		.uleb128 0x1
 973 02eb 50       		.byte	0x50
 974 02ec 01       		.uleb128 0x1
 975 02ed 33       		.byte	0x33
 976 02ee 00       		.byte	0
 977 02ef 00       		.byte	0
 978 02f0 09       		.uleb128 0x9
 979 02f1 C8010000 		.4byte	.LASF26
 980 02f5 01       		.byte	0x1
 981 02f6 64       		.byte	0x64
ARM GAS  C:\Users\HALLER~1\AppData\Local\Temp\ccE3Jqar.s 			page 21


 982 02f7 00000000 		.4byte	.LFB68
 983 02fb B0000000 		.4byte	.LFE68-.LFB68
 984 02ff 01       		.uleb128 0x1
 985 0300 9C       		.byte	0x9c
 986 0301 D1030000 		.4byte	0x3d1
 987 0305 0A       		.uleb128 0xa
 988 0306 00000000 		.4byte	.LASF28
 989 030a 01       		.byte	0x1
 990 030b 64       		.byte	0x64
 991 030c D1030000 		.4byte	0x3d1
 992 0310 6C000000 		.4byte	.LLST1
 993 0314 0A       		.uleb128 0xa
 994 0315 AC000000 		.4byte	.LASF29
 995 0319 01       		.byte	0x1
 996 031a 64       		.byte	0x64
 997 031b 73000000 		.4byte	0x73
 998 031f 98000000 		.4byte	.LLST2
 999 0323 10       		.uleb128 0x10
 1000 0324 1C000000 		.4byte	.LBB2
 1001 0328 4A000000 		.4byte	.LBE2-.LBB2
 1002 032c BE030000 		.4byte	0x3be
 1003 0330 11       		.uleb128 0x11
 1004 0331 6900     		.ascii	"i\000"
 1005 0333 01       		.byte	0x1
 1006 0334 69       		.byte	0x69
 1007 0335 73000000 		.4byte	0x73
 1008 0339 C4000000 		.4byte	.LLST3
 1009 033d 12       		.uleb128 0x12
 1010 033e 20000000 		.4byte	.LBB3
 1011 0342 40000000 		.4byte	.LBE3-.LBB3
 1012 0346 11       		.uleb128 0x11
 1013 0347 6300     		.ascii	"c\000"
 1014 0349 01       		.byte	0x1
 1015 034a 6A       		.byte	0x6a
 1016 034b 97000000 		.4byte	0x97
 1017 034f E3000000 		.4byte	.LLST4
 1018 0353 12       		.uleb128 0x12
 1019 0354 28000000 		.4byte	.LBB4
 1020 0358 32000000 		.4byte	.LBE4-.LBB4
 1021 035c 11       		.uleb128 0x11
 1022 035d 6200     		.ascii	"b\000"
 1023 035f 01       		.byte	0x1
 1024 0360 6C       		.byte	0x6c
 1025 0361 73000000 		.4byte	0x73
 1026 0365 F6000000 		.4byte	.LLST5
 1027 0369 0B       		.uleb128 0xb
 1028 036a 38000000 		.4byte	.LVL41
 1029 036e AB050000 		.4byte	0x5ab
 1030 0372 82030000 		.4byte	0x382
 1031 0376 0C       		.uleb128 0xc
 1032 0377 01       		.uleb128 0x1
 1033 0378 50       		.byte	0x50
 1034 0379 07       		.uleb128 0x7
 1035 037a 75       		.byte	0x75
 1036 037b 00       		.sleb128 0
 1037 037c 74       		.byte	0x74
 1038 037d 00       		.sleb128 0
ARM GAS  C:\Users\HALLER~1\AppData\Local\Temp\ccE3Jqar.s 			page 22


 1039 037e 26       		.byte	0x26
 1040 037f 31       		.byte	0x31
 1041 0380 1A       		.byte	0x1a
 1042 0381 00       		.byte	0
 1043 0382 0B       		.uleb128 0xb
 1044 0383 40000000 		.4byte	.LVL42
 1045 0387 B6050000 		.4byte	0x5b6
 1046 038b 97030000 		.4byte	0x397
 1047 038f 0C       		.uleb128 0xc
 1048 0390 01       		.uleb128 0x1
 1049 0391 50       		.byte	0x50
 1050 0392 03       		.uleb128 0x3
 1051 0393 0A       		.byte	0xa
 1052 0394 F401     		.2byte	0x1f4
 1053 0396 00       		.byte	0
 1054 0397 0B       		.uleb128 0xb
 1055 0398 46000000 		.4byte	.LVL43
 1056 039c AB050000 		.4byte	0x5ab
 1057 03a0 AA030000 		.4byte	0x3aa
 1058 03a4 0C       		.uleb128 0xc
 1059 03a5 01       		.uleb128 0x1
 1060 03a6 50       		.byte	0x50
 1061 03a7 01       		.uleb128 0x1
 1062 03a8 30       		.byte	0x30
 1063 03a9 00       		.byte	0
 1064 03aa 0E       		.uleb128 0xe
 1065 03ab 4E000000 		.4byte	.LVL44
 1066 03af B6050000 		.4byte	0x5b6
 1067 03b3 0C       		.uleb128 0xc
 1068 03b4 01       		.uleb128 0x1
 1069 03b5 50       		.byte	0x50
 1070 03b6 03       		.uleb128 0x3
 1071 03b7 0A       		.byte	0xa
 1072 03b8 F401     		.2byte	0x1f4
 1073 03ba 00       		.byte	0
 1074 03bb 00       		.byte	0
 1075 03bc 00       		.byte	0
 1076 03bd 00       		.byte	0
 1077 03be 0D       		.uleb128 0xd
 1078 03bf 70000000 		.4byte	.LVL47
 1079 03c3 C1050000 		.4byte	0x5c1
 1080 03c7 0D       		.uleb128 0xd
 1081 03c8 88000000 		.4byte	.LVL48
 1082 03cc CC050000 		.4byte	0x5cc
 1083 03d0 00       		.byte	0
 1084 03d1 06       		.uleb128 0x6
 1085 03d2 04       		.byte	0x4
 1086 03d3 81000000 		.4byte	0x81
 1087 03d7 09       		.uleb128 0x9
 1088 03d8 3C030000 		.4byte	.LASF30
 1089 03dc 01       		.byte	0x1
 1090 03dd 53       		.byte	0x53
 1091 03de 00000000 		.4byte	.LFB67
 1092 03e2 5C000000 		.4byte	.LFE67-.LFB67
 1093 03e6 01       		.uleb128 0x1
 1094 03e7 9C       		.byte	0x9c
 1095 03e8 69040000 		.4byte	0x469
ARM GAS  C:\Users\HALLER~1\AppData\Local\Temp\ccE3Jqar.s 			page 23


 1096 03ec 0A       		.uleb128 0xa
 1097 03ed 68000000 		.4byte	.LASF31
 1098 03f1 01       		.byte	0x1
 1099 03f2 53       		.byte	0x53
 1100 03f3 C6000000 		.4byte	0xc6
 1101 03f7 15010000 		.4byte	.LLST6
 1102 03fb 0A       		.uleb128 0xa
 1103 03fc 51030000 		.4byte	.LASF32
 1104 0400 01       		.byte	0x1
 1105 0401 53       		.byte	0x53
 1106 0402 73000000 		.4byte	0x73
 1107 0406 36010000 		.4byte	.LLST7
 1108 040a 0A       		.uleb128 0xa
 1109 040b 6D000000 		.4byte	.LASF33
 1110 040f 01       		.byte	0x1
 1111 0410 53       		.byte	0x53
 1112 0411 73000000 		.4byte	0x73
 1113 0415 64010000 		.4byte	.LLST8
 1114 0419 13       		.uleb128 0x13
 1115 041a 00000000 		.4byte	.LASF28
 1116 041e 01       		.byte	0x1
 1117 041f 54       		.byte	0x54
 1118 0420 69040000 		.4byte	0x469
 1119 0424 03       		.uleb128 0x3
 1120 0425 91       		.byte	0x91
 1121 0426 BC7F     		.sleb128 -68
 1122 0428 11       		.uleb128 0x11
 1123 0429 706F7300 		.ascii	"pos\000"
 1124 042d 01       		.byte	0x1
 1125 042e 55       		.byte	0x55
 1126 042f 73000000 		.4byte	0x73
 1127 0433 85010000 		.4byte	.LLST9
 1128 0437 14       		.uleb128 0x14
 1129 0438 00000000 		.4byte	.Ldebug_ranges0+0
 1130 043c 4E040000 		.4byte	0x44e
 1131 0440 11       		.uleb128 0x11
 1132 0441 6900     		.ascii	"i\000"
 1133 0443 01       		.byte	0x1
 1134 0444 5E       		.byte	0x5e
 1135 0445 73000000 		.4byte	0x73
 1136 0449 06020000 		.4byte	.LLST10
 1137 044d 00       		.byte	0
 1138 044e 0E       		.uleb128 0xe
 1139 044f 54000000 		.4byte	.LVL68
 1140 0453 F0020000 		.4byte	0x2f0
 1141 0457 0C       		.uleb128 0xc
 1142 0458 01       		.uleb128 0x1
 1143 0459 50       		.byte	0x50
 1144 045a 03       		.uleb128 0x3
 1145 045b 91       		.byte	0x91
 1146 045c BC7F     		.sleb128 -68
 1147 045e 0C       		.uleb128 0xc
 1148 045f 01       		.uleb128 0x1
 1149 0460 51       		.byte	0x51
 1150 0461 05       		.uleb128 0x5
 1151 0462 F3       		.byte	0xf3
 1152 0463 01       		.uleb128 0x1
ARM GAS  C:\Users\HALLER~1\AppData\Local\Temp\ccE3Jqar.s 			page 24


 1153 0464 51       		.byte	0x51
 1154 0465 23       		.byte	0x23
 1155 0466 08       		.uleb128 0x8
 1156 0467 00       		.byte	0
 1157 0468 00       		.byte	0
 1158 0469 15       		.uleb128 0x15
 1159 046a 81000000 		.4byte	0x81
 1160 046e 79040000 		.4byte	0x479
 1161 0472 16       		.uleb128 0x16
 1162 0473 BF000000 		.4byte	0xbf
 1163 0477 33       		.byte	0x33
 1164 0478 00       		.byte	0
 1165 0479 09       		.uleb128 0x9
 1166 047a FE020000 		.4byte	.LASF34
 1167 047e 01       		.byte	0x1
 1168 047f 44       		.byte	0x44
 1169 0480 00000000 		.4byte	.LFB66
 1170 0484 3C000000 		.4byte	.LFE66-.LFB66
 1171 0488 01       		.uleb128 0x1
 1172 0489 9C       		.byte	0x9c
 1173 048a FE040000 		.4byte	0x4fe
 1174 048e 17       		.uleb128 0x17
 1175 048f 6300     		.ascii	"c\000"
 1176 0491 01       		.byte	0x1
 1177 0492 44       		.byte	0x44
 1178 0493 B1000000 		.4byte	0xb1
 1179 0497 25020000 		.4byte	.LLST11
 1180 049b 13       		.uleb128 0x13
 1181 049c 68000000 		.4byte	.LASF31
 1182 04a0 01       		.byte	0x1
 1183 04a1 45       		.byte	0x45
 1184 04a2 FE040000 		.4byte	0x4fe
 1185 04a6 05       		.uleb128 0x5
 1186 04a7 03       		.byte	0x3
 1187 04a8 08000000 		.4byte	text.6494
 1188 04ac 13       		.uleb128 0x13
 1189 04ad 51030000 		.4byte	.LASF32
 1190 04b1 01       		.byte	0x1
 1191 04b2 46       		.byte	0x46
 1192 04b3 73000000 		.4byte	0x73
 1193 04b7 05       		.uleb128 0x5
 1194 04b8 03       		.byte	0x3
 1195 04b9 04000000 		.4byte	textSize.6495
 1196 04bd 0B       		.uleb128 0xb
 1197 04be 0C000000 		.4byte	.LVL70
 1198 04c2 D7050000 		.4byte	0x5d7
 1199 04c6 D1040000 		.4byte	0x4d1
 1200 04ca 0C       		.uleb128 0xc
 1201 04cb 01       		.uleb128 0x1
 1202 04cc 50       		.byte	0x50
 1203 04cd 02       		.uleb128 0x2
 1204 04ce 74       		.byte	0x74
 1205 04cf 00       		.sleb128 0
 1206 04d0 00       		.byte	0
 1207 04d1 0B       		.uleb128 0xb
 1208 04d2 20000000 		.4byte	.LVL73
 1209 04d6 E2050000 		.4byte	0x5e2
ARM GAS  C:\Users\HALLER~1\AppData\Local\Temp\ccE3Jqar.s 			page 25


 1210 04da E8040000 		.4byte	0x4e8
 1211 04de 0C       		.uleb128 0xc
 1212 04df 01       		.uleb128 0x1
 1213 04e0 50       		.byte	0x50
 1214 04e1 05       		.uleb128 0x5
 1215 04e2 03       		.byte	0x3
 1216 04e3 00000000 		.4byte	.LC0
 1217 04e7 00       		.byte	0
 1218 04e8 0E       		.uleb128 0xe
 1219 04e9 2C000000 		.4byte	.LVL74
 1220 04ed D7030000 		.4byte	0x3d7
 1221 04f1 0C       		.uleb128 0xc
 1222 04f2 01       		.uleb128 0x1
 1223 04f3 50       		.byte	0x50
 1224 04f4 02       		.uleb128 0x2
 1225 04f5 74       		.byte	0x74
 1226 04f6 08       		.sleb128 8
 1227 04f7 0C       		.uleb128 0xc
 1228 04f8 01       		.uleb128 0x1
 1229 04f9 52       		.byte	0x52
 1230 04fa 01       		.uleb128 0x1
 1231 04fb 38       		.byte	0x38
 1232 04fc 00       		.byte	0
 1233 04fd 00       		.byte	0
 1234 04fe 15       		.uleb128 0x15
 1235 04ff B1000000 		.4byte	0xb1
 1236 0503 0E050000 		.4byte	0x50e
 1237 0507 16       		.uleb128 0x16
 1238 0508 BF000000 		.4byte	0xbf
 1239 050c 2B       		.byte	0x2b
 1240 050d 00       		.byte	0
 1241 050e 18       		.uleb128 0x18
 1242 050f AD010000 		.4byte	.LASF35
 1243 0513 05       		.byte	0x5
 1244 0514 1207     		.2byte	0x712
 1245 0516 1A050000 		.4byte	0x51a
 1246 051a 19       		.uleb128 0x19
 1247 051b 8C000000 		.4byte	0x8c
 1248 051f 1A       		.uleb128 0x1a
 1249 0520 E3020000 		.4byte	.LASF36
 1250 0524 06       		.byte	0x6
 1251 0525 12       		.byte	0x12
 1252 0526 2A050000 		.4byte	0x52a
 1253 052a 02       		.uleb128 0x2
 1254 052b 01       		.byte	0x1
 1255 052c 02       		.byte	0x2
 1256 052d 5A030000 		.4byte	.LASF37
 1257 0531 1A       		.uleb128 0x1a
 1258 0532 4E010000 		.4byte	.LASF38
 1259 0536 06       		.byte	0x6
 1260 0537 13       		.byte	0x13
 1261 0538 81000000 		.4byte	0x81
 1262 053c 1B       		.uleb128 0x1b
 1263 053d 23030000 		.4byte	.LASF39
 1264 0541 01       		.byte	0x1
 1265 0542 17       		.byte	0x17
 1266 0543 CC000000 		.4byte	0xcc
ARM GAS  C:\Users\HALLER~1\AppData\Local\Temp\ccE3Jqar.s 			page 26


 1267 0547 05       		.uleb128 0x5
 1268 0548 03       		.byte	0x3
 1269 0549 00000000 		.4byte	currentState
 1270 054d 1B       		.uleb128 0x1b
 1271 054e 93010000 		.4byte	.LASF40
 1272 0552 01       		.byte	0x1
 1273 0553 18       		.byte	0x18
 1274 0554 2A050000 		.4byte	0x52a
 1275 0558 05       		.uleb128 0x5
 1276 0559 03       		.byte	0x3
 1277 055a 00000000 		.4byte	collisionOccured
 1278 055e 1C       		.uleb128 0x1c
 1279 055f 3F010000 		.4byte	.LASF41
 1280 0563 3F010000 		.4byte	.LASF41
 1281 0567 07       		.byte	0x7
 1282 0568 26       		.byte	0x26
 1283 0569 1C       		.uleb128 0x1c
 1284 056a 77030000 		.4byte	.LASF42
 1285 056e 77030000 		.4byte	.LASF42
 1286 0572 08       		.byte	0x8
 1287 0573 26       		.byte	0x26
 1288 0574 1C       		.uleb128 0x1c
 1289 0575 08000000 		.4byte	.LASF43
 1290 0579 08000000 		.4byte	.LASF43
 1291 057d 09       		.byte	0x9
 1292 057e 26       		.byte	0x26
 1293 057f 1C       		.uleb128 0x1c
 1294 0580 F0020000 		.4byte	.LASF44
 1295 0584 F0020000 		.4byte	.LASF44
 1296 0588 0A       		.byte	0xa
 1297 0589 5B       		.byte	0x5b
 1298 058a 1C       		.uleb128 0x1c
 1299 058b AC020000 		.4byte	.LASF45
 1300 058f AC020000 		.4byte	.LASF45
 1301 0593 0A       		.byte	0xa
 1302 0594 6A       		.byte	0x6a
 1303 0595 1C       		.uleb128 0x1c
 1304 0596 9D000000 		.4byte	.LASF46
 1305 059a 9D000000 		.4byte	.LASF46
 1306 059e 0A       		.byte	0xa
 1307 059f 5A       		.byte	0x5a
 1308 05a0 1C       		.uleb128 0x1c
 1309 05a1 26000000 		.4byte	.LASF47
 1310 05a5 26000000 		.4byte	.LASF47
 1311 05a9 0B       		.byte	0xb
 1312 05aa 29       		.byte	0x29
 1313 05ab 1C       		.uleb128 0x1c
 1314 05ac 58010000 		.4byte	.LASF48
 1315 05b0 58010000 		.4byte	.LASF48
 1316 05b4 0C       		.byte	0xc
 1317 05b5 26       		.byte	0x26
 1318 05b6 1C       		.uleb128 0x1c
 1319 05b7 12020000 		.4byte	.LASF49
 1320 05bb 12020000 		.4byte	.LASF49
 1321 05bf 0D       		.byte	0xd
 1322 05c0 77       		.byte	0x77
 1323 05c1 1C       		.uleb128 0x1c
ARM GAS  C:\Users\HALLER~1\AppData\Local\Temp\ccE3Jqar.s 			page 27


 1324 05c2 72030000 		.4byte	.LASF50
 1325 05c6 72030000 		.4byte	.LASF50
 1326 05ca 0E       		.byte	0xe
 1327 05cb 88       		.byte	0x88
 1328 05cc 1C       		.uleb128 0x1c
 1329 05cd 60030000 		.4byte	.LASF51
 1330 05d1 60030000 		.4byte	.LASF51
 1331 05d5 0D       		.byte	0xd
 1332 05d6 76       		.byte	0x76
 1333 05d7 1C       		.uleb128 0x1c
 1334 05d8 1C020000 		.4byte	.LASF52
 1335 05dc 1C020000 		.4byte	.LASF52
 1336 05e0 0F       		.byte	0xf
 1337 05e1 25       		.byte	0x25
 1338 05e2 1C       		.uleb128 0x1c
 1339 05e3 4F000000 		.4byte	.LASF53
 1340 05e7 4F000000 		.4byte	.LASF53
 1341 05eb 0F       		.byte	0xf
 1342 05ec 24       		.byte	0x24
 1343 05ed 00       		.byte	0
 1344              		.section	.debug_abbrev,"",%progbits
 1345              	.Ldebug_abbrev0:
 1346 0000 01       		.uleb128 0x1
 1347 0001 11       		.uleb128 0x11
 1348 0002 01       		.byte	0x1
 1349 0003 25       		.uleb128 0x25
 1350 0004 0E       		.uleb128 0xe
 1351 0005 13       		.uleb128 0x13
 1352 0006 0B       		.uleb128 0xb
 1353 0007 03       		.uleb128 0x3
 1354 0008 0E       		.uleb128 0xe
 1355 0009 1B       		.uleb128 0x1b
 1356 000a 0E       		.uleb128 0xe
 1357 000b 55       		.uleb128 0x55
 1358 000c 17       		.uleb128 0x17
 1359 000d 11       		.uleb128 0x11
 1360 000e 01       		.uleb128 0x1
 1361 000f 10       		.uleb128 0x10
 1362 0010 17       		.uleb128 0x17
 1363 0011 00       		.byte	0
 1364 0012 00       		.byte	0
 1365 0013 02       		.uleb128 0x2
 1366 0014 24       		.uleb128 0x24
 1367 0015 00       		.byte	0
 1368 0016 0B       		.uleb128 0xb
 1369 0017 0B       		.uleb128 0xb
 1370 0018 3E       		.uleb128 0x3e
 1371 0019 0B       		.uleb128 0xb
 1372 001a 03       		.uleb128 0x3
 1373 001b 0E       		.uleb128 0xe
 1374 001c 00       		.byte	0
 1375 001d 00       		.byte	0
 1376 001e 03       		.uleb128 0x3
 1377 001f 16       		.uleb128 0x16
 1378 0020 00       		.byte	0
 1379 0021 03       		.uleb128 0x3
 1380 0022 0E       		.uleb128 0xe
ARM GAS  C:\Users\HALLER~1\AppData\Local\Temp\ccE3Jqar.s 			page 28


 1381 0023 3A       		.uleb128 0x3a
 1382 0024 0B       		.uleb128 0xb
 1383 0025 3B       		.uleb128 0x3b
 1384 0026 0B       		.uleb128 0xb
 1385 0027 49       		.uleb128 0x49
 1386 0028 13       		.uleb128 0x13
 1387 0029 00       		.byte	0
 1388 002a 00       		.byte	0
 1389 002b 04       		.uleb128 0x4
 1390 002c 24       		.uleb128 0x24
 1391 002d 00       		.byte	0
 1392 002e 0B       		.uleb128 0xb
 1393 002f 0B       		.uleb128 0xb
 1394 0030 3E       		.uleb128 0x3e
 1395 0031 0B       		.uleb128 0xb
 1396 0032 03       		.uleb128 0x3
 1397 0033 08       		.uleb128 0x8
 1398 0034 00       		.byte	0
 1399 0035 00       		.byte	0
 1400 0036 05       		.uleb128 0x5
 1401 0037 16       		.uleb128 0x16
 1402 0038 00       		.byte	0
 1403 0039 03       		.uleb128 0x3
 1404 003a 0E       		.uleb128 0xe
 1405 003b 3A       		.uleb128 0x3a
 1406 003c 0B       		.uleb128 0xb
 1407 003d 3B       		.uleb128 0x3b
 1408 003e 05       		.uleb128 0x5
 1409 003f 49       		.uleb128 0x49
 1410 0040 13       		.uleb128 0x13
 1411 0041 00       		.byte	0
 1412 0042 00       		.byte	0
 1413 0043 06       		.uleb128 0x6
 1414 0044 0F       		.uleb128 0xf
 1415 0045 00       		.byte	0
 1416 0046 0B       		.uleb128 0xb
 1417 0047 0B       		.uleb128 0xb
 1418 0048 49       		.uleb128 0x49
 1419 0049 13       		.uleb128 0x13
 1420 004a 00       		.byte	0
 1421 004b 00       		.byte	0
 1422 004c 07       		.uleb128 0x7
 1423 004d 04       		.uleb128 0x4
 1424 004e 01       		.byte	0x1
 1425 004f 03       		.uleb128 0x3
 1426 0050 0E       		.uleb128 0xe
 1427 0051 0B       		.uleb128 0xb
 1428 0052 0B       		.uleb128 0xb
 1429 0053 49       		.uleb128 0x49
 1430 0054 13       		.uleb128 0x13
 1431 0055 3A       		.uleb128 0x3a
 1432 0056 0B       		.uleb128 0xb
 1433 0057 3B       		.uleb128 0x3b
 1434 0058 0B       		.uleb128 0xb
 1435 0059 01       		.uleb128 0x1
 1436 005a 13       		.uleb128 0x13
 1437 005b 00       		.byte	0
ARM GAS  C:\Users\HALLER~1\AppData\Local\Temp\ccE3Jqar.s 			page 29


 1438 005c 00       		.byte	0
 1439 005d 08       		.uleb128 0x8
 1440 005e 28       		.uleb128 0x28
 1441 005f 00       		.byte	0
 1442 0060 03       		.uleb128 0x3
 1443 0061 0E       		.uleb128 0xe
 1444 0062 1C       		.uleb128 0x1c
 1445 0063 0B       		.uleb128 0xb
 1446 0064 00       		.byte	0
 1447 0065 00       		.byte	0
 1448 0066 09       		.uleb128 0x9
 1449 0067 2E       		.uleb128 0x2e
 1450 0068 01       		.byte	0x1
 1451 0069 3F       		.uleb128 0x3f
 1452 006a 19       		.uleb128 0x19
 1453 006b 03       		.uleb128 0x3
 1454 006c 0E       		.uleb128 0xe
 1455 006d 3A       		.uleb128 0x3a
 1456 006e 0B       		.uleb128 0xb
 1457 006f 3B       		.uleb128 0x3b
 1458 0070 0B       		.uleb128 0xb
 1459 0071 27       		.uleb128 0x27
 1460 0072 19       		.uleb128 0x19
 1461 0073 11       		.uleb128 0x11
 1462 0074 01       		.uleb128 0x1
 1463 0075 12       		.uleb128 0x12
 1464 0076 06       		.uleb128 0x6
 1465 0077 40       		.uleb128 0x40
 1466 0078 18       		.uleb128 0x18
 1467 0079 9742     		.uleb128 0x2117
 1468 007b 19       		.uleb128 0x19
 1469 007c 01       		.uleb128 0x1
 1470 007d 13       		.uleb128 0x13
 1471 007e 00       		.byte	0
 1472 007f 00       		.byte	0
 1473 0080 0A       		.uleb128 0xa
 1474 0081 05       		.uleb128 0x5
 1475 0082 00       		.byte	0
 1476 0083 03       		.uleb128 0x3
 1477 0084 0E       		.uleb128 0xe
 1478 0085 3A       		.uleb128 0x3a
 1479 0086 0B       		.uleb128 0xb
 1480 0087 3B       		.uleb128 0x3b
 1481 0088 0B       		.uleb128 0xb
 1482 0089 49       		.uleb128 0x49
 1483 008a 13       		.uleb128 0x13
 1484 008b 02       		.uleb128 0x2
 1485 008c 17       		.uleb128 0x17
 1486 008d 00       		.byte	0
 1487 008e 00       		.byte	0
 1488 008f 0B       		.uleb128 0xb
 1489 0090 898201   		.uleb128 0x4109
 1490 0093 01       		.byte	0x1
 1491 0094 11       		.uleb128 0x11
 1492 0095 01       		.uleb128 0x1
 1493 0096 31       		.uleb128 0x31
 1494 0097 13       		.uleb128 0x13
ARM GAS  C:\Users\HALLER~1\AppData\Local\Temp\ccE3Jqar.s 			page 30


 1495 0098 01       		.uleb128 0x1
 1496 0099 13       		.uleb128 0x13
 1497 009a 00       		.byte	0
 1498 009b 00       		.byte	0
 1499 009c 0C       		.uleb128 0xc
 1500 009d 8A8201   		.uleb128 0x410a
 1501 00a0 00       		.byte	0
 1502 00a1 02       		.uleb128 0x2
 1503 00a2 18       		.uleb128 0x18
 1504 00a3 9142     		.uleb128 0x2111
 1505 00a5 18       		.uleb128 0x18
 1506 00a6 00       		.byte	0
 1507 00a7 00       		.byte	0
 1508 00a8 0D       		.uleb128 0xd
 1509 00a9 898201   		.uleb128 0x4109
 1510 00ac 00       		.byte	0
 1511 00ad 11       		.uleb128 0x11
 1512 00ae 01       		.uleb128 0x1
 1513 00af 31       		.uleb128 0x31
 1514 00b0 13       		.uleb128 0x13
 1515 00b1 00       		.byte	0
 1516 00b2 00       		.byte	0
 1517 00b3 0E       		.uleb128 0xe
 1518 00b4 898201   		.uleb128 0x4109
 1519 00b7 01       		.byte	0x1
 1520 00b8 11       		.uleb128 0x11
 1521 00b9 01       		.uleb128 0x1
 1522 00ba 31       		.uleb128 0x31
 1523 00bb 13       		.uleb128 0x13
 1524 00bc 00       		.byte	0
 1525 00bd 00       		.byte	0
 1526 00be 0F       		.uleb128 0xf
 1527 00bf 2E       		.uleb128 0x2e
 1528 00c0 01       		.byte	0x1
 1529 00c1 3F       		.uleb128 0x3f
 1530 00c2 19       		.uleb128 0x19
 1531 00c3 03       		.uleb128 0x3
 1532 00c4 0E       		.uleb128 0xe
 1533 00c5 3A       		.uleb128 0x3a
 1534 00c6 0B       		.uleb128 0xb
 1535 00c7 3B       		.uleb128 0x3b
 1536 00c8 0B       		.uleb128 0xb
 1537 00c9 11       		.uleb128 0x11
 1538 00ca 01       		.uleb128 0x1
 1539 00cb 12       		.uleb128 0x12
 1540 00cc 06       		.uleb128 0x6
 1541 00cd 40       		.uleb128 0x40
 1542 00ce 18       		.uleb128 0x18
 1543 00cf 9742     		.uleb128 0x2117
 1544 00d1 19       		.uleb128 0x19
 1545 00d2 01       		.uleb128 0x1
 1546 00d3 13       		.uleb128 0x13
 1547 00d4 00       		.byte	0
 1548 00d5 00       		.byte	0
 1549 00d6 10       		.uleb128 0x10
 1550 00d7 0B       		.uleb128 0xb
 1551 00d8 01       		.byte	0x1
ARM GAS  C:\Users\HALLER~1\AppData\Local\Temp\ccE3Jqar.s 			page 31


 1552 00d9 11       		.uleb128 0x11
 1553 00da 01       		.uleb128 0x1
 1554 00db 12       		.uleb128 0x12
 1555 00dc 06       		.uleb128 0x6
 1556 00dd 01       		.uleb128 0x1
 1557 00de 13       		.uleb128 0x13
 1558 00df 00       		.byte	0
 1559 00e0 00       		.byte	0
 1560 00e1 11       		.uleb128 0x11
 1561 00e2 34       		.uleb128 0x34
 1562 00e3 00       		.byte	0
 1563 00e4 03       		.uleb128 0x3
 1564 00e5 08       		.uleb128 0x8
 1565 00e6 3A       		.uleb128 0x3a
 1566 00e7 0B       		.uleb128 0xb
 1567 00e8 3B       		.uleb128 0x3b
 1568 00e9 0B       		.uleb128 0xb
 1569 00ea 49       		.uleb128 0x49
 1570 00eb 13       		.uleb128 0x13
 1571 00ec 02       		.uleb128 0x2
 1572 00ed 17       		.uleb128 0x17
 1573 00ee 00       		.byte	0
 1574 00ef 00       		.byte	0
 1575 00f0 12       		.uleb128 0x12
 1576 00f1 0B       		.uleb128 0xb
 1577 00f2 01       		.byte	0x1
 1578 00f3 11       		.uleb128 0x11
 1579 00f4 01       		.uleb128 0x1
 1580 00f5 12       		.uleb128 0x12
 1581 00f6 06       		.uleb128 0x6
 1582 00f7 00       		.byte	0
 1583 00f8 00       		.byte	0
 1584 00f9 13       		.uleb128 0x13
 1585 00fa 34       		.uleb128 0x34
 1586 00fb 00       		.byte	0
 1587 00fc 03       		.uleb128 0x3
 1588 00fd 0E       		.uleb128 0xe
 1589 00fe 3A       		.uleb128 0x3a
 1590 00ff 0B       		.uleb128 0xb
 1591 0100 3B       		.uleb128 0x3b
 1592 0101 0B       		.uleb128 0xb
 1593 0102 49       		.uleb128 0x49
 1594 0103 13       		.uleb128 0x13
 1595 0104 02       		.uleb128 0x2
 1596 0105 18       		.uleb128 0x18
 1597 0106 00       		.byte	0
 1598 0107 00       		.byte	0
 1599 0108 14       		.uleb128 0x14
 1600 0109 0B       		.uleb128 0xb
 1601 010a 01       		.byte	0x1
 1602 010b 55       		.uleb128 0x55
 1603 010c 17       		.uleb128 0x17
 1604 010d 01       		.uleb128 0x1
 1605 010e 13       		.uleb128 0x13
 1606 010f 00       		.byte	0
 1607 0110 00       		.byte	0
 1608 0111 15       		.uleb128 0x15
ARM GAS  C:\Users\HALLER~1\AppData\Local\Temp\ccE3Jqar.s 			page 32


 1609 0112 01       		.uleb128 0x1
 1610 0113 01       		.byte	0x1
 1611 0114 49       		.uleb128 0x49
 1612 0115 13       		.uleb128 0x13
 1613 0116 01       		.uleb128 0x1
 1614 0117 13       		.uleb128 0x13
 1615 0118 00       		.byte	0
 1616 0119 00       		.byte	0
 1617 011a 16       		.uleb128 0x16
 1618 011b 21       		.uleb128 0x21
 1619 011c 00       		.byte	0
 1620 011d 49       		.uleb128 0x49
 1621 011e 13       		.uleb128 0x13
 1622 011f 2F       		.uleb128 0x2f
 1623 0120 0B       		.uleb128 0xb
 1624 0121 00       		.byte	0
 1625 0122 00       		.byte	0
 1626 0123 17       		.uleb128 0x17
 1627 0124 05       		.uleb128 0x5
 1628 0125 00       		.byte	0
 1629 0126 03       		.uleb128 0x3
 1630 0127 08       		.uleb128 0x8
 1631 0128 3A       		.uleb128 0x3a
 1632 0129 0B       		.uleb128 0xb
 1633 012a 3B       		.uleb128 0x3b
 1634 012b 0B       		.uleb128 0xb
 1635 012c 49       		.uleb128 0x49
 1636 012d 13       		.uleb128 0x13
 1637 012e 02       		.uleb128 0x2
 1638 012f 17       		.uleb128 0x17
 1639 0130 00       		.byte	0
 1640 0131 00       		.byte	0
 1641 0132 18       		.uleb128 0x18
 1642 0133 34       		.uleb128 0x34
 1643 0134 00       		.byte	0
 1644 0135 03       		.uleb128 0x3
 1645 0136 0E       		.uleb128 0xe
 1646 0137 3A       		.uleb128 0x3a
 1647 0138 0B       		.uleb128 0xb
 1648 0139 3B       		.uleb128 0x3b
 1649 013a 05       		.uleb128 0x5
 1650 013b 49       		.uleb128 0x49
 1651 013c 13       		.uleb128 0x13
 1652 013d 3F       		.uleb128 0x3f
 1653 013e 19       		.uleb128 0x19
 1654 013f 3C       		.uleb128 0x3c
 1655 0140 19       		.uleb128 0x19
 1656 0141 00       		.byte	0
 1657 0142 00       		.byte	0
 1658 0143 19       		.uleb128 0x19
 1659 0144 35       		.uleb128 0x35
 1660 0145 00       		.byte	0
 1661 0146 49       		.uleb128 0x49
 1662 0147 13       		.uleb128 0x13
 1663 0148 00       		.byte	0
 1664 0149 00       		.byte	0
 1665 014a 1A       		.uleb128 0x1a
ARM GAS  C:\Users\HALLER~1\AppData\Local\Temp\ccE3Jqar.s 			page 33


 1666 014b 34       		.uleb128 0x34
 1667 014c 00       		.byte	0
 1668 014d 03       		.uleb128 0x3
 1669 014e 0E       		.uleb128 0xe
 1670 014f 3A       		.uleb128 0x3a
 1671 0150 0B       		.uleb128 0xb
 1672 0151 3B       		.uleb128 0x3b
 1673 0152 0B       		.uleb128 0xb
 1674 0153 49       		.uleb128 0x49
 1675 0154 13       		.uleb128 0x13
 1676 0155 3F       		.uleb128 0x3f
 1677 0156 19       		.uleb128 0x19
 1678 0157 3C       		.uleb128 0x3c
 1679 0158 19       		.uleb128 0x19
 1680 0159 00       		.byte	0
 1681 015a 00       		.byte	0
 1682 015b 1B       		.uleb128 0x1b
 1683 015c 34       		.uleb128 0x34
 1684 015d 00       		.byte	0
 1685 015e 03       		.uleb128 0x3
 1686 015f 0E       		.uleb128 0xe
 1687 0160 3A       		.uleb128 0x3a
 1688 0161 0B       		.uleb128 0xb
 1689 0162 3B       		.uleb128 0x3b
 1690 0163 0B       		.uleb128 0xb
 1691 0164 49       		.uleb128 0x49
 1692 0165 13       		.uleb128 0x13
 1693 0166 3F       		.uleb128 0x3f
 1694 0167 19       		.uleb128 0x19
 1695 0168 02       		.uleb128 0x2
 1696 0169 18       		.uleb128 0x18
 1697 016a 00       		.byte	0
 1698 016b 00       		.byte	0
 1699 016c 1C       		.uleb128 0x1c
 1700 016d 2E       		.uleb128 0x2e
 1701 016e 00       		.byte	0
 1702 016f 3F       		.uleb128 0x3f
 1703 0170 19       		.uleb128 0x19
 1704 0171 3C       		.uleb128 0x3c
 1705 0172 19       		.uleb128 0x19
 1706 0173 6E       		.uleb128 0x6e
 1707 0174 0E       		.uleb128 0xe
 1708 0175 03       		.uleb128 0x3
 1709 0176 0E       		.uleb128 0xe
 1710 0177 3A       		.uleb128 0x3a
 1711 0178 0B       		.uleb128 0xb
 1712 0179 3B       		.uleb128 0x3b
 1713 017a 0B       		.uleb128 0xb
 1714 017b 00       		.byte	0
 1715 017c 00       		.byte	0
 1716 017d 00       		.byte	0
 1717              		.section	.debug_loc,"",%progbits
 1718              	.Ldebug_loc0:
 1719              	.LLST0:
 1720 0000 00000000 		.4byte	.LVL0
 1721 0004 08000000 		.4byte	.LVL1
 1722 0008 0100     		.2byte	0x1
ARM GAS  C:\Users\HALLER~1\AppData\Local\Temp\ccE3Jqar.s 			page 34


 1723 000a 50       		.byte	0x50
 1724 000b 08000000 		.4byte	.LVL1
 1725 000f 1A000000 		.4byte	.LVL5
 1726 0013 0400     		.2byte	0x4
 1727 0015 F3       		.byte	0xf3
 1728 0016 01       		.uleb128 0x1
 1729 0017 50       		.byte	0x50
 1730 0018 9F       		.byte	0x9f
 1731 0019 1A000000 		.4byte	.LVL5
 1732 001d 20000000 		.4byte	.LVL6
 1733 0021 0100     		.2byte	0x1
 1734 0023 50       		.byte	0x50
 1735 0024 20000000 		.4byte	.LVL6
 1736 0028 42000000 		.4byte	.LVL13
 1737 002c 0400     		.2byte	0x4
 1738 002e F3       		.byte	0xf3
 1739 002f 01       		.uleb128 0x1
 1740 0030 50       		.byte	0x50
 1741 0031 9F       		.byte	0x9f
 1742 0032 42000000 		.4byte	.LVL13
 1743 0036 48000000 		.4byte	.LVL14
 1744 003a 0100     		.2byte	0x1
 1745 003c 50       		.byte	0x50
 1746 003d 48000000 		.4byte	.LVL14
 1747 0041 68000000 		.4byte	.LVL21
 1748 0045 0400     		.2byte	0x4
 1749 0047 F3       		.byte	0xf3
 1750 0048 01       		.uleb128 0x1
 1751 0049 50       		.byte	0x50
 1752 004a 9F       		.byte	0x9f
 1753 004b 68000000 		.4byte	.LVL21
 1754 004f 6E000000 		.4byte	.LVL22
 1755 0053 0100     		.2byte	0x1
 1756 0055 50       		.byte	0x50
 1757 0056 6E000000 		.4byte	.LVL22
 1758 005a 94000000 		.4byte	.LFE63
 1759 005e 0400     		.2byte	0x4
 1760 0060 F3       		.byte	0xf3
 1761 0061 01       		.uleb128 0x1
 1762 0062 50       		.byte	0x50
 1763 0063 9F       		.byte	0x9f
 1764 0064 00000000 		.4byte	0
 1765 0068 00000000 		.4byte	0
 1766              	.LLST1:
 1767 006c 00000000 		.4byte	.LVL36
 1768 0070 1C000000 		.4byte	.LVL37
 1769 0074 0100     		.2byte	0x1
 1770 0076 50       		.byte	0x50
 1771 0077 1C000000 		.4byte	.LVL37
 1772 007b A2000000 		.4byte	.LVL49
 1773 007f 0100     		.2byte	0x1
 1774 0081 58       		.byte	0x58
 1775 0082 A2000000 		.4byte	.LVL49
 1776 0086 B0000000 		.4byte	.LFE68
 1777 008a 0400     		.2byte	0x4
 1778 008c F3       		.byte	0xf3
 1779 008d 01       		.uleb128 0x1
ARM GAS  C:\Users\HALLER~1\AppData\Local\Temp\ccE3Jqar.s 			page 35


 1780 008e 50       		.byte	0x50
 1781 008f 9F       		.byte	0x9f
 1782 0090 00000000 		.4byte	0
 1783 0094 00000000 		.4byte	0
 1784              	.LLST2:
 1785 0098 00000000 		.4byte	.LVL36
 1786 009c 1C000000 		.4byte	.LVL37
 1787 00a0 0100     		.2byte	0x1
 1788 00a2 51       		.byte	0x51
 1789 00a3 1C000000 		.4byte	.LVL37
 1790 00a7 A2000000 		.4byte	.LVL49
 1791 00ab 0100     		.2byte	0x1
 1792 00ad 57       		.byte	0x57
 1793 00ae A2000000 		.4byte	.LVL49
 1794 00b2 B0000000 		.4byte	.LFE68
 1795 00b6 0400     		.2byte	0x4
 1796 00b8 F3       		.byte	0xf3
 1797 00b9 01       		.uleb128 0x1
 1798 00ba 51       		.byte	0x51
 1799 00bb 9F       		.byte	0x9f
 1800 00bc 00000000 		.4byte	0
 1801 00c0 00000000 		.4byte	0
 1802              	.LLST3:
 1803 00c4 1C000000 		.4byte	.LVL37
 1804 00c8 20000000 		.4byte	.LVL38
 1805 00cc 0200     		.2byte	0x2
 1806 00ce 30       		.byte	0x30
 1807 00cf 9F       		.byte	0x9f
 1808 00d0 20000000 		.4byte	.LVL38
 1809 00d4 A2000000 		.4byte	.LVL49
 1810 00d8 0100     		.2byte	0x1
 1811 00da 56       		.byte	0x56
 1812 00db 00000000 		.4byte	0
 1813 00df 00000000 		.4byte	0
 1814              	.LLST4:
 1815 00e3 28000000 		.4byte	.LVL39
 1816 00e7 62000000 		.4byte	.LVL46
 1817 00eb 0100     		.2byte	0x1
 1818 00ed 55       		.byte	0x55
 1819 00ee 00000000 		.4byte	0
 1820 00f2 00000000 		.4byte	0
 1821              	.LLST5:
 1822 00f6 28000000 		.4byte	.LVL39
 1823 00fa 2C000000 		.4byte	.LVL40
 1824 00fe 0200     		.2byte	0x2
 1825 0100 37       		.byte	0x37
 1826 0101 9F       		.byte	0x9f
 1827 0102 2C000000 		.4byte	.LVL40
 1828 0106 62000000 		.4byte	.LVL46
 1829 010a 0100     		.2byte	0x1
 1830 010c 54       		.byte	0x54
 1831 010d 00000000 		.4byte	0
 1832 0111 00000000 		.4byte	0
 1833              	.LLST6:
 1834 0115 00000000 		.4byte	.LVL50
 1835 0119 50000000 		.4byte	.LVL67
 1836 011d 0100     		.2byte	0x1
ARM GAS  C:\Users\HALLER~1\AppData\Local\Temp\ccE3Jqar.s 			page 36


 1837 011f 50       		.byte	0x50
 1838 0120 50000000 		.4byte	.LVL67
 1839 0124 5C000000 		.4byte	.LFE67
 1840 0128 0400     		.2byte	0x4
 1841 012a F3       		.byte	0xf3
 1842 012b 01       		.uleb128 0x1
 1843 012c 50       		.byte	0x50
 1844 012d 9F       		.byte	0x9f
 1845 012e 00000000 		.4byte	0
 1846 0132 00000000 		.4byte	0
 1847              	.LLST7:
 1848 0136 00000000 		.4byte	.LVL50
 1849 013a 4E000000 		.4byte	.LVL66
 1850 013e 0100     		.2byte	0x1
 1851 0140 51       		.byte	0x51
 1852 0141 4E000000 		.4byte	.LVL66
 1853 0145 53000000 		.4byte	.LVL68-1
 1854 0149 0300     		.2byte	0x3
 1855 014b 71       		.byte	0x71
 1856 014c 78       		.sleb128 -8
 1857 014d 9F       		.byte	0x9f
 1858 014e 53000000 		.4byte	.LVL68-1
 1859 0152 5C000000 		.4byte	.LFE67
 1860 0156 0400     		.2byte	0x4
 1861 0158 F3       		.byte	0xf3
 1862 0159 01       		.uleb128 0x1
 1863 015a 51       		.byte	0x51
 1864 015b 9F       		.byte	0x9f
 1865 015c 00000000 		.4byte	0
 1866 0160 00000000 		.4byte	0
 1867              	.LLST8:
 1868 0164 00000000 		.4byte	.LVL50
 1869 0168 2E000000 		.4byte	.LVL59
 1870 016c 0100     		.2byte	0x1
 1871 016e 52       		.byte	0x52
 1872 016f 2E000000 		.4byte	.LVL59
 1873 0173 5C000000 		.4byte	.LFE67
 1874 0177 0400     		.2byte	0x4
 1875 0179 F3       		.byte	0xf3
 1876 017a 01       		.uleb128 0x1
 1877 017b 52       		.byte	0x52
 1878 017c 9F       		.byte	0x9f
 1879 017d 00000000 		.4byte	0
 1880 0181 00000000 		.4byte	0
 1881              	.LLST9:
 1882 0185 04000000 		.4byte	.LVL51
 1883 0189 0A000000 		.4byte	.LVL52
 1884 018d 0200     		.2byte	0x2
 1885 018f 31       		.byte	0x31
 1886 0190 9F       		.byte	0x9f
 1887 0191 0A000000 		.4byte	.LVL52
 1888 0195 10000000 		.4byte	.LVL53
 1889 0199 0200     		.2byte	0x2
 1890 019b 32       		.byte	0x32
 1891 019c 9F       		.byte	0x9f
 1892 019d 10000000 		.4byte	.LVL53
 1893 01a1 18000000 		.4byte	.LVL54
ARM GAS  C:\Users\HALLER~1\AppData\Local\Temp\ccE3Jqar.s 			page 37


 1894 01a5 0200     		.2byte	0x2
 1895 01a7 33       		.byte	0x33
 1896 01a8 9F       		.byte	0x9f
 1897 01a9 18000000 		.4byte	.LVL54
 1898 01ad 1C000000 		.4byte	.LVL55
 1899 01b1 0200     		.2byte	0x2
 1900 01b3 34       		.byte	0x34
 1901 01b4 9F       		.byte	0x9f
 1902 01b5 1C000000 		.4byte	.LVL55
 1903 01b9 20000000 		.4byte	.LVL56
 1904 01bd 0200     		.2byte	0x2
 1905 01bf 35       		.byte	0x35
 1906 01c0 9F       		.byte	0x9f
 1907 01c1 20000000 		.4byte	.LVL56
 1908 01c5 24000000 		.4byte	.LVL57
 1909 01c9 0200     		.2byte	0x2
 1910 01cb 36       		.byte	0x36
 1911 01cc 9F       		.byte	0x9f
 1912 01cd 24000000 		.4byte	.LVL57
 1913 01d1 30000000 		.4byte	.LVL60
 1914 01d5 0200     		.2byte	0x2
 1915 01d7 37       		.byte	0x37
 1916 01d8 9F       		.byte	0x9f
 1917 01d9 30000000 		.4byte	.LVL60
 1918 01dd 3E000000 		.4byte	.LVL62
 1919 01e1 0300     		.2byte	0x3
 1920 01e3 72       		.byte	0x72
 1921 01e4 01       		.sleb128 1
 1922 01e5 9F       		.byte	0x9f
 1923 01e6 3E000000 		.4byte	.LVL62
 1924 01ea 42000000 		.4byte	.LVL63
 1925 01ee 0100     		.2byte	0x1
 1926 01f0 52       		.byte	0x52
 1927 01f1 42000000 		.4byte	.LVL63
 1928 01f5 46000000 		.4byte	.LVL65
 1929 01f9 0300     		.2byte	0x3
 1930 01fb 72       		.byte	0x72
 1931 01fc 01       		.sleb128 1
 1932 01fd 9F       		.byte	0x9f
 1933 01fe 00000000 		.4byte	0
 1934 0202 00000000 		.4byte	0
 1935              	.LLST10:
 1936 0206 2A000000 		.4byte	.LVL58
 1937 020a 30000000 		.4byte	.LVL60
 1938 020e 0200     		.2byte	0x2
 1939 0210 30       		.byte	0x30
 1940 0211 9F       		.byte	0x9f
 1941 0212 30000000 		.4byte	.LVL60
 1942 0216 44000000 		.4byte	.LVL64
 1943 021a 0100     		.2byte	0x1
 1944 021c 53       		.byte	0x53
 1945 021d 00000000 		.4byte	0
 1946 0221 00000000 		.4byte	0
 1947              	.LLST11:
 1948 0225 00000000 		.4byte	.LVL69
 1949 0229 0B000000 		.4byte	.LVL70-1
 1950 022d 0100     		.2byte	0x1
ARM GAS  C:\Users\HALLER~1\AppData\Local\Temp\ccE3Jqar.s 			page 38


 1951 022f 50       		.byte	0x50
 1952 0230 0B000000 		.4byte	.LVL70-1
 1953 0234 1A000000 		.4byte	.LVL71
 1954 0238 0400     		.2byte	0x4
 1955 023a F3       		.byte	0xf3
 1956 023b 01       		.uleb128 0x1
 1957 023c 50       		.byte	0x50
 1958 023d 9F       		.byte	0x9f
 1959 023e 1A000000 		.4byte	.LVL71
 1960 0242 1C000000 		.4byte	.LVL72
 1961 0246 0100     		.2byte	0x1
 1962 0248 50       		.byte	0x50
 1963 0249 1C000000 		.4byte	.LVL72
 1964 024d 3C000000 		.4byte	.LFE66
 1965 0251 0400     		.2byte	0x4
 1966 0253 F3       		.byte	0xf3
 1967 0254 01       		.uleb128 0x1
 1968 0255 50       		.byte	0x50
 1969 0256 9F       		.byte	0x9f
 1970 0257 00000000 		.4byte	0
 1971 025b 00000000 		.4byte	0
 1972              		.section	.debug_aranges,"",%progbits
 1973 0000 44000000 		.4byte	0x44
 1974 0004 0200     		.2byte	0x2
 1975 0006 00000000 		.4byte	.Ldebug_info0
 1976 000a 04       		.byte	0x4
 1977 000b 00       		.byte	0
 1978 000c 0000     		.2byte	0
 1979 000e 0000     		.2byte	0
 1980 0010 00000000 		.4byte	.LFB63
 1981 0014 94000000 		.4byte	.LFE63-.LFB63
 1982 0018 00000000 		.4byte	.LFB64
 1983 001c 5C000000 		.4byte	.LFE64-.LFB64
 1984 0020 00000000 		.4byte	.LFB65
 1985 0024 24000000 		.4byte	.LFE65-.LFB65
 1986 0028 00000000 		.4byte	.LFB68
 1987 002c B0000000 		.4byte	.LFE68-.LFB68
 1988 0030 00000000 		.4byte	.LFB67
 1989 0034 5C000000 		.4byte	.LFE67-.LFB67
 1990 0038 00000000 		.4byte	.LFB66
 1991 003c 3C000000 		.4byte	.LFE66-.LFB66
 1992 0040 00000000 		.4byte	0
 1993 0044 00000000 		.4byte	0
 1994              		.section	.debug_ranges,"",%progbits
 1995              	.Ldebug_ranges0:
 1996 0000 2A000000 		.4byte	.LBB5
 1997 0004 2C000000 		.4byte	.LBE5
 1998 0008 2E000000 		.4byte	.LBB6
 1999 000c 42000000 		.4byte	.LBE6
 2000 0010 00000000 		.4byte	0
 2001 0014 00000000 		.4byte	0
 2002 0018 00000000 		.4byte	.LFB63
 2003 001c 94000000 		.4byte	.LFE63
 2004 0020 00000000 		.4byte	.LFB64
 2005 0024 5C000000 		.4byte	.LFE64
 2006 0028 00000000 		.4byte	.LFB65
 2007 002c 24000000 		.4byte	.LFE65
ARM GAS  C:\Users\HALLER~1\AppData\Local\Temp\ccE3Jqar.s 			page 39


 2008 0030 00000000 		.4byte	.LFB68
 2009 0034 B0000000 		.4byte	.LFE68
 2010 0038 00000000 		.4byte	.LFB67
 2011 003c 5C000000 		.4byte	.LFE67
 2012 0040 00000000 		.4byte	.LFB66
 2013 0044 3C000000 		.4byte	.LFE66
 2014 0048 00000000 		.4byte	0
 2015 004c 00000000 		.4byte	0
 2016              		.section	.debug_line,"",%progbits
 2017              	.Ldebug_line0:
 2018 0000 57030000 		.section	.debug_str,"MS",%progbits,1
 2018      02004502 
 2018      00000201 
 2018      FB0E0D00 
 2018      01010101 
 2019              	.LASF28:
 2020 0000 6D657373 		.ascii	"message\000"
 2020      61676500 
 2021              	.LASF43:
 2022 0008 434F4C4C 		.ascii	"COLLISION_PIN_Write\000"
 2022      4953494F 
 2022      4E5F5049 
 2022      4E5F5772 
 2022      69746500 
 2023              	.LASF4:
 2024 001c 5F5F7569 		.ascii	"__uint8_t\000"
 2024      6E74385F 
 2024      7400
 2025              	.LASF47:
 2026 0026 52585F50 		.ascii	"RX_PIN_Read\000"
 2026      494E5F52 
 2026      65616400 
 2027              	.LASF5:
 2028 0032 5F5F696E 		.ascii	"__int32_t\000"
 2028      7433325F 
 2028      7400
 2029              	.LASF8:
 2030 003c 6C6F6E67 		.ascii	"long long int\000"
 2030      206C6F6E 
 2030      6720696E 
 2030      7400
 2031              	.LASF19:
 2032 004a 49444C45 		.ascii	"IDLE\000"
 2032      00
 2033              	.LASF53:
 2034 004f 55534255 		.ascii	"USBUART_PutString\000"
 2034      4152545F 
 2034      50757453 
 2034      7472696E 
 2034      6700
 2035              	.LASF15:
 2036 0061 646F7562 		.ascii	"double\000"
 2036      6C6500
 2037              	.LASF31:
 2038 0068 74657874 		.ascii	"text\000"
 2038      00
 2039              	.LASF33:
ARM GAS  C:\Users\HALLER~1\AppData\Local\Temp\ccE3Jqar.s 			page 40


 2040 006d 64657374 		.ascii	"destinationAddress\000"
 2040      696E6174 
 2040      696F6E41 
 2040      64647265 
 2040      737300
 2041              	.LASF14:
 2042 0080 666C6F61 		.ascii	"float\000"
 2042      7400
 2043              	.LASF9:
 2044 0086 6C6F6E67 		.ascii	"long long unsigned int\000"
 2044      206C6F6E 
 2044      6720756E 
 2044      7369676E 
 2044      65642069 
 2045              	.LASF46:
 2046 009d 54585F54 		.ascii	"TX_TIMER_Start\000"
 2046      494D4552 
 2046      5F537461 
 2046      727400
 2047              	.LASF29:
 2048 00ac 73697A65 		.ascii	"size\000"
 2048      00
 2049              	.LASF54:
 2050 00b1 474E5520 		.ascii	"GNU C11 5.4.1 20160609 (release) [ARM/embedded-5-br"
 2050      43313120 
 2050      352E342E 
 2050      31203230 
 2050      31363036 
 2051 00e4 616E6368 		.ascii	"anch revision 237715] -mcpu=cortex-m3 -mthumb -g -O"
 2051      20726576 
 2051      6973696F 
 2051      6E203233 
 2051      37373135 
 2052 0117 67202D66 		.ascii	"g -ffunction-sections -ffat-lto-objects\000"
 2052      66756E63 
 2052      74696F6E 
 2052      2D736563 
 2052      74696F6E 
 2053              	.LASF41:
 2054 013f 49444C45 		.ascii	"IDLE_PIN_Write\000"
 2054      5F50494E 
 2054      5F577269 
 2054      746500
 2055              	.LASF38:
 2056 014e 6D794164 		.ascii	"myAddress\000"
 2056      64726573 
 2056      7300
 2057              	.LASF48:
 2058 0158 54585F50 		.ascii	"TX_PIN_Write\000"
 2058      494E5F57 
 2058      72697465 
 2058      00
 2059              	.LASF7:
 2060 0165 6C6F6E67 		.ascii	"long unsigned int\000"
 2060      20756E73 
 2060      69676E65 
 2060      6420696E 
ARM GAS  C:\Users\HALLER~1\AppData\Local\Temp\ccE3Jqar.s 			page 41


 2060      7400
 2061              	.LASF21:
 2062 0177 42555359 		.ascii	"BUSY_LOW\000"
 2062      5F4C4F57 
 2062      00
 2063              	.LASF3:
 2064 0180 73686F72 		.ascii	"short unsigned int\000"
 2064      7420756E 
 2064      7369676E 
 2064      65642069 
 2064      6E7400
 2065              	.LASF40:
 2066 0193 636F6C6C 		.ascii	"collisionOccured\000"
 2066      6973696F 
 2066      6E4F6363 
 2066      75726564 
 2066      00
 2067              	.LASF6:
 2068 01a4 6C6F6E67 		.ascii	"long int\000"
 2068      20696E74 
 2068      00
 2069              	.LASF35:
 2070 01ad 49544D5F 		.ascii	"ITM_RxBuffer\000"
 2070      52784275 
 2070      66666572 
 2070      00
 2071              	.LASF1:
 2072 01ba 756E7369 		.ascii	"unsigned char\000"
 2072      676E6564 
 2072      20636861 
 2072      7200
 2073              	.LASF26:
 2074 01c8 73656E64 		.ascii	"sendMessage\000"
 2074      4D657373 
 2074      61676500 
 2075              	.LASF56:
 2076 01d4 433A5C55 		.ascii	"C:\\Users\\hallermans\\Documents\\Winter2017\\CE495"
 2076      73657273 
 2076      5C68616C 
 2076      6C65726D 
 2076      616E735C 
 2077 0202 305C6E65 		.ascii	"0\\network.cydsn\000"
 2077      74776F72 
 2077      6B2E6379 
 2077      64736E00 
 2078              	.LASF49:
 2079 0212 43794465 		.ascii	"CyDelayUs\000"
 2079      6C617955 
 2079      7300
 2080              	.LASF52:
 2081 021c 55534255 		.ascii	"USBUART_PutChar\000"
 2081      4152545F 
 2081      50757443 
 2081      68617200 
 2082              	.LASF23:
 2083 022c 7472616E 		.ascii	"transmitter_rx_handler\000"
 2083      736D6974 
ARM GAS  C:\Users\HALLER~1\AppData\Local\Temp\ccE3Jqar.s 			page 42


 2083      7465725F 
 2083      72785F68 
 2083      616E646C 
 2084              	.LASF10:
 2085 0243 756E7369 		.ascii	"unsigned int\000"
 2085      676E6564 
 2085      20696E74 
 2085      00
 2086              	.LASF16:
 2087 0250 63686172 		.ascii	"char\000"
 2087      00
 2088              	.LASF11:
 2089 0255 75696E74 		.ascii	"uint8_t\000"
 2089      385F7400 
 2090              	.LASF24:
 2091 025d 7472616E 		.ascii	"transmitter_timer_handler\000"
 2091      736D6974 
 2091      7465725F 
 2091      74696D65 
 2091      725F6861 
 2092              	.LASF25:
 2093 0277 6368616E 		.ascii	"changeState\000"
 2093      67655374 
 2093      61746500 
 2094              	.LASF55:
 2095 0283 7472616E 		.ascii	"transmitter.c\000"
 2095      736D6974 
 2095      7465722E 
 2095      6300
 2096              	.LASF12:
 2097 0291 696E7433 		.ascii	"int32_t\000"
 2097      325F7400 
 2098              	.LASF18:
 2099 0299 73697A65 		.ascii	"sizetype\000"
 2099      74797065 
 2099      00
 2100              	.LASF22:
 2101 02a2 434F4C4C 		.ascii	"COLLISION\000"
 2101      4953494F 
 2101      4E00
 2102              	.LASF45:
 2103 02ac 54585F54 		.ascii	"TX_TIMER_WriteCounter\000"
 2103      494D4552 
 2103      5F577269 
 2103      7465436F 
 2103      756E7465 
 2104              	.LASF57:
 2105 02c2 73746174 		.ascii	"states\000"
 2105      657300
 2106              	.LASF27:
 2107 02c9 6E657874 		.ascii	"nextState\000"
 2107      53746174 
 2107      6500
 2108              	.LASF2:
 2109 02d3 73686F72 		.ascii	"short int\000"
 2109      7420696E 
 2109      7400
ARM GAS  C:\Users\HALLER~1\AppData\Local\Temp\ccE3Jqar.s 			page 43


 2110              	.LASF13:
 2111 02dd 75696E74 		.ascii	"uint8\000"
 2111      3800
 2112              	.LASF36:
 2113 02e3 7472616E 		.ascii	"transmitting\000"
 2113      736D6974 
 2113      74696E67 
 2113      00
 2114              	.LASF44:
 2115 02f0 54585F54 		.ascii	"TX_TIMER_Stop\000"
 2115      494D4552 
 2115      5F53746F 
 2115      7000
 2116              	.LASF34:
 2117 02fe 7472616E 		.ascii	"transmitter_uart_handler\000"
 2117      736D6974 
 2117      7465725F 
 2117      75617274 
 2117      5F68616E 
 2118              	.LASF17:
 2119 0317 6C6F6E67 		.ascii	"long double\000"
 2119      20646F75 
 2119      626C6500 
 2120              	.LASF39:
 2121 0323 63757272 		.ascii	"currentState\000"
 2121      656E7453 
 2121      74617465 
 2121      00
 2122              	.LASF0:
 2123 0330 7369676E 		.ascii	"signed char\000"
 2123      65642063 
 2123      68617200 
 2124              	.LASF30:
 2125 033c 63726561 		.ascii	"createAndSendMessage\000"
 2125      7465416E 
 2125      6453656E 
 2125      644D6573 
 2125      73616765 
 2126              	.LASF32:
 2127 0351 74657874 		.ascii	"textSize\000"
 2127      53697A65 
 2127      00
 2128              	.LASF37:
 2129 035a 5F426F6F 		.ascii	"_Bool\000"
 2129      6C00
 2130              	.LASF51:
 2131 0360 43794465 		.ascii	"CyDelay\000"
 2131      6C617900 
 2132              	.LASF20:
 2133 0368 42555359 		.ascii	"BUSY_HIGH\000"
 2133      5F484947 
 2133      4800
 2134              	.LASF50:
 2135 0372 72616E64 		.ascii	"rand\000"
 2135      00
 2136              	.LASF42:
 2137 0377 42555359 		.ascii	"BUSY_PIN_Write\000"
ARM GAS  C:\Users\HALLER~1\AppData\Local\Temp\ccE3Jqar.s 			page 44


 2137      5F50494E 
 2137      5F577269 
 2137      746500
 2138              		.ident	"GCC: (GNU Tools for ARM Embedded Processors) 5.4.1 20160609 (release) [ARM/embedded-5-bran
